################################################################################
#
# This file has been generated by SpyGlass:
#     Report Created by: ulisses.maffazioli
#     Report Created on: Mon Jul 13 11:20:10 2026
#     Working Directory: /home/mic63/ulisses.maffazioli/dft-labs/proj/santiago_cpu/0_synopsys_saed32_flow/dft/advisor_flow_naive
#     Report Location  : ./out_data/naive/top/dft/dft_dsm_random_resistance/spyglass_reports/dft/dft_multibit_flipflop.rpt
#     SpyGlass Version : SpyGlass_vW-2024.09-SP2-8
#     Policy Name      : dft(SpyGlass_vW-2024.09-SP2-08)
#     Comment          : Generated by rule Info_DftDebugData
#
################################################################################

################################################################################
# Purpose :                                                        
#     Report Type : Summarize all MultiBit Flip-flops in the design, their storage
#                   bits count and their number of instantiations.
################################################################################

################################################################################
# Design : top
################################################################################

Number of Multi-bit Cell(s) present in the design top: 0

################################################################################
# End Design : top
################################################################################

