 sa1   UR   d
 sa1   --   g2/A2
 sa1   DS   a
 sa1   --   g1/A1
 sa1   DS   b
 sa1   --   g1/A2
 sa0   DS   e
 sa0   --   g4/A2
 sa1   DS   z
 sa1   --   g5/Y
 sa1   --   g5/A2
 sa1   --   g5/A1
 sa1   --   g4/Y
 sa1   --   g4/A2
 sa1   --   g4/A1
 sa1   --   g3/Y
 sa1   --   g3/A2
 sa1   --   g3/A1
 sa1   --   e
 sa1   --   g2/Y
 sa1   --   g1/Y
 sa1   DS   g2/A1
 sa0   DS   g3/Y
 sa0   --   g5/A1
 sa0   DS   g3/A2
 sa0   DS   g4/Y
 sa0   --   g5/A2
 sa0   DS   z
 sa0   --   g5/Y
 sa0   DS   g1/Y
 sa0   --   g1/A2
 sa0   --   g1/A1
 sa0   --   b
 sa0   --   a
 sa0   --   g3/A1
 sa0   UR   g2/Y
 sa0   --   g2/A2
 sa0   --   g2/A1
 sa0   --   d
 sa0   --   g4/A1
 sa0   DS   c
 sa1   DS   c
