
################################################################################
#
# This file has been generated by SpyGlass:
#     Report Name      : moresimple
#     Report Created by: ulisses.maffazioli
#     Report Created on:  Tue Jul 14 00:04:12 2026
#     Working Directory: /home/mic63/ulisses.maffazioli/dft-labs/proj/santiago_cpu/0_synopsys_saed32_flow/dft/6_advisor_rtl_naive
#     SpyGlass Version : SpyGlass_vW-2024.09-SP2-8
#     Policy Name      : SpyGlass(SpyGlass_vW-2024.09-SP2-08)
#                        clock-reset(SpyGlass_vW-2024.09-SP2-08)
#                        dft(SpyGlass_vW-2024.09-SP2-08)
#                        morelint(SpyGlass_vW-2024.09-SP2-08)
#                        power_est(SpyGlass_vW-2024.09-SP2-08)
#
#     Total Number of Generated Messages :         30
#     Number of Waived Messages          :          0
#     Number of Reported Messages        :         30
#     Number of Overlimit Messages       :          0
#
#
################################################################################

+++++++++++++++++++++++++++++++++++++++++++++++++++++++++++++++++++++++
MORESIMPLE REPORT:


############### BuiltIn -> RuleGroup=Design Read ###############
+++++++++++++++++++++++++++++++++++++++++++++++++++++++++++++++++++++++++++++++++++++++
ID       Rule                    Alias                   Severity    File                                                                                       Line    Wt    Message
======================================================================================
[1]      DetectTopDesignUnits    DetectTopDesignUnits    Info        ./inp_data/rtl/top_comb.v                                                                  1       2     Module top is a top level design unit
[0]      ElabSummary             ElabSummary             Info        ./out_data/naive_comb/top/dft/dft_scan_ready/spyglass_reports/SpyGlass/elab_summary.rpt    0       2     Please refer file './out_data/naive_comb/top/dft/dft_scan_ready/spyglass_reports/SpyGlass/elab_summary.rpt' for elab summary report
+++++++++++++++++++++++++++++++++++++++++++++++++++++++++++++++++++++++++++++++++++++++


############### Non-BuiltIn -> Goal=dft/dft_scan_ready ###############
+++++++++++++++++++++++++++++++++++++++++++++++++++++++++++++++++++++++++++++++++++++++
ID       Rule                             Alias                         Severity        File                                                                                                  Line    Wt    Message
======================================================================================
[2]      dftMandatory_Constraint_Check    mandatory_constraint_check    InputWarning    ./out_data/naive_comb/top/dft/dft_scan_ready/spyglass_reports/dft/dft_mandatory_sgdc.rpt              21      10    One or more mandatory constraints missing in module 'top'. Please see summary report in the reported file
[8]      Coverage_audit                   showCoverageaudit             Info            ./inp_data/rtl/top_comb.v                                                                             1       10    For Design Unit 'top'[ 0. Original design], Fault-Coverage = 100.0 %, Test-Coverage = 100.0 %
[9]      Coverage_audit                   showCoverageaudit             Info            ./inp_data/rtl/top_comb.v                                                                             1       10    For Design Unit 'top'[ 1. PIs and POs made controllable & observable], Fault-Coverage = 100.0 %, Test-Coverage = 100.0 %
[A]      Coverage_audit                   showCoverageaudit             Info            ./inp_data/rtl/top_comb.v                                                                             1       10    For Design Unit 'top'[ 2. Flip-flops made scannable], Fault-Coverage = 100.0 %, Test-Coverage = 100.0 %
[B]      Coverage_audit                   showCoverageaudit             Info            ./inp_data/rtl/top_comb.v                                                                             1       10    For Design Unit 'top'[ 3. Scan-wrap black boxes], Fault-Coverage = 100.0 %, Test-Coverage = 100.0 %
[C]      Coverage_audit                   showCoverageaudit             Info            ./inp_data/rtl/top_comb.v                                                                             1       10    For Design Unit 'top'[ 4. Latches made Transparent], Fault-Coverage = 100.0 %, Test-Coverage = 100.0 %
[D]      Coverage_audit                   showCoverageaudit             Info            ./inp_data/rtl/top_comb.v                                                                             1       10    For Design Unit 'top'[ 5. Combinational Loops made controllable], Fault-Coverage = 100.0 %, Test-Coverage = 100.0 %
[E]      Coverage_audit                   showCoverageaudit             Info            ./inp_data/rtl/top_comb.v                                                                             1       10    For Design Unit 'top'[ 6. Testmode/Tied pins made controllable], Fault-Coverage = 100.0 %, Test-Coverage = 100.0 %
[F]      Coverage_audit                   showCoverageaudit             Info            ./inp_data/rtl/top_comb.v                                                                             1       10    For Design Unit 'top'[ 7. Hanging nets made controllable], Fault-Coverage = 100.0 %, Test-Coverage = 100.0 %
[10]     Coverage_audit                   showCoverageaudit             Info            ./inp_data/rtl/top_comb.v                                                                             1       10    For Design Unit 'top'[ 8. Tristate enables made observable], Fault-Coverage = 100.0 %, Test-Coverage = 100.0 %
[11]     Coverage_audit                   showCoverageaudit             Info            ./inp_data/rtl/top_comb.v                                                                             1       10    For Design Unit 'top'[ 9. 'force_ta' and 'test_point' constraint pins made testable], Fault-Coverage = 100.0 %, Test-Coverage = 100.0 %
[12]     Coverage_audit                   showCoverageaudit             Info            ./inp_data/rtl/top_comb.v                                                                             1       10    For Design Unit 'top'[ 10. 'no_scan' flip-flops made scannable], Fault-Coverage = 100.0 %, Test-Coverage = 100.0 %
[6]      Diagnose_testclock               showTestclockBlockInst        Info            ./inp_data/rtl/top_comb.v                                                                             1       10    Constraint 'clock -testclock' missing in design 'top'
[4]      Diagnose_testmode                showBlockInstances            Info            ./inp_data/rtl/top_comb.v                                                                             1       10    Shift mode signal propagates through all instances for design 'top'
[5]      Diagnose_testmode                showBlockInstances            Info            ./inp_data/rtl/top_comb.v                                                                             1       10    Capture mode signal propagates through all instances for design 'top'
[1C]     Info_DftDebugData                Info_DftDebugData             Info            ./inp_data/rtl/top_comb.v                                                                             1       1     DFT data for design block 'top'
[13]     Info_coverage                    showCoverage                  Info            ./inp_data/rtl/top_comb.v                                                                             1       10    Stuck_at (combinational) coverage estimate for design 'top': fault_coverage = 100.0% and test_coverage = 100.0%
[18]     Info_forcedScan                  Info_forcedScan               Info            ./inp_data/rtl/top_comb.v                                                                             1       1     Constraint 'force_scan' is not specified for design 'top'
[27]     Info_generated_reports           Info_generated_reports        Info            ./out_data/naive_comb/top/dft/dft_scan_ready/spyglass_reports/dft/dft_generated_dc_constraints.tcl    0       10    Report file './out_data/naive_comb/top/dft/dft_scan_ready/spyglass_reports/dft/dft_generated_dc_constraints.tcl' successfully generated for design 'top'. Contains dc constraints for setting dft signals.
[19]     Info_inferredNoScan              Info_InferredNoScan           Info            ./inp_data/rtl/top_comb.v                                                                             1       1     No flip-flop of design 'top' is inferred as no_scan
[17]     Info_noScan                      Info_noScan                   Info            ./inp_data/rtl/top_comb.v                                                                             1       1     Constraint 'force_no_scan' is not specified for design 'top'
[1A]     Info_scanwrap                    scanwrap                      Info            ./out_data/naive_comb/top/dft/dft_scan_ready/spyglass_reports/dft/scan_wrap.rpt                       0       10    Scanwrap constraint file './out_data/naive_comb/top/dft/dft_scan_ready/spyglass_reports/dft/scan_wrap.rpt' is generated
[1B]     Info_scanwrap                    scanwrap                      Info            ./inp_data/rtl/top_comb.v                                                                             1       10    In design 'top', scan_wrap sgdc command is not supplied
[16]     Info_testclock                   showSimVal                    Info            ./inp_data/rtl/top_comb.v                                                                             1       10    Constraint 'clock -testclock' missing in design 'top'
[14]     Info_testmode                    showSimVal                    Info            ./inp_data/rtl/top_comb.v                                                                             1       10    All simulation value in 'Shift mode' for design 'top' are 'U'
[15]     Info_testmode                    showSimVal                    Info            ./inp_data/rtl/top_comb.v                                                                             1       10    All simulation value in 'Capture mode' for design 'top' are 'U'
[7]      Info_untestable                  Info_untestable               Info            ./inp_data/rtl/top_comb.v                                                                             1       10    In design 'top': '0' faults (over '0' pin(s)) are untestable
[3]      dftOptional_Constraint_Check     optional_constraint_check     Info            ./out_data/naive_comb/top/dft/dft_scan_ready/spyglass_reports/dft/dft_optional_sgdc.rpt               21      10    One or more optional constraints missing in module 'top'. Please see summary report in the reported file
+++++++++++++++++++++++++++++++++++++++++++++++++++++++++++++++++++++++++++++++++++++++
