################################################################################
#
# This file has been generated by SpyGlass:
#     Report Created by: ulisses.maffazioli
#     Report Created on: Tue Jul 14 00:04:21 2026
#     Working Directory: /home/mic63/ulisses.maffazioli/dft-labs/proj/santiago_cpu/0_synopsys_saed32_flow/dft/6_advisor_rtl_naive
#     Report Location  : ./out_data/naive_comb/top/dft/dft_best_practice/spyglass_reports/dft/forced_scan.rpt
#     SpyGlass Version : SpyGlass_vW-2024.09-SP2-8
#     Policy Name      : dft(SpyGlass_vW-2024.09-SP2-08)
#     Comment          : Generated by rule Info_forcedScan
#
################################################################################

################################################################################
# Purpose :
#    List of all objects which are marked as 'forced scan' due to 
#    presence of 'forced_scan' sgdc command.

################################################################################


################################################################################
# Format :
#    Design Name : design
#      'number of forced-scan objects' <sgdc command>
#        FF | Latch | BB: Object name

################################################################################


################################################################################
  Design Name : "top"


  SUMMARY:
  '0' objects are marked as 'force_scan' for design "top"
################################################################################

