################################################################################
#
# This file has been generated by SpyGlass:
#     Report Created by: ulisses.maffazioli
#     Report Created on: Tue Jul 14 00:04:21 2026
#     Working Directory: /home/mic63/ulisses.maffazioli/dft-labs/proj/santiago_cpu/0_synopsys_saed32_flow/dft/6_advisor_rtl_naive
#     Report Location  : ./out_data/naive_comb/top/dft/dft_best_practice/spyglass_reports/dft/no_fault.rpt
#     SpyGlass Version : SpyGlass_vW-2024.09-SP2-8
#     Policy Name      : dft(SpyGlass_vW-2024.09-SP2-08)
#     Comment          : Generated by rule Info_noFault
#
################################################################################

################################################################################
# Purpose :
#    List of all faults which are marked as 'no fault' due to 
#    presence of 'no_fault' sgdc command.
#    These faults are not considered in fault coverage calculations
################################################################################


################################################################################
# Format :
#    Design Name : design
#      'number of no-fault faults' <sgdc command>
#        Port | Terminal: Fault name

################################################################################


################################################################################
  Design Name : "top"


  SUMMARY:
  '0' faults are marked as 'no_fault' for design "top" in 'capture' mode
################################################################################



################################################################################
  Design Name : "top"


  SUMMARY:
  '0' faults are marked as 'no_fault' for design "top" in 'capture_atspeed' mode
################################################################################

