################################################################################
#
# This file has been generated by SpyGlass:
#     Report Created by: ulisses.maffazioli
#     Report Created on: Sun Jul 12 22:09:03 2026
#     Working Directory: /home/mic63/ulisses.maffazioli/dft-labs/proj/santiago_cpu/0_synopsys_saed32_flow/_dft/advisor_flow
#     Report Location  : ./out_data/santiago/top_santiago_cpu/dft/dft_scan_ready/spyglass_reports/dft/dft_corrective_sgdc.rpt
#     SpyGlass Version : SpyGlass_vW-2024.09-SP2-8
#     Policy Name      : dft(SpyGlass_vW-2024.09-SP2-08)
#     Comment          : Generated by rule Async_07
#
################################################################################

################################################################################
# Purpose :
#     The report contains list of constraints from which user 
#     can choose for suppressing the concerned rules.
#     These constraint are in addition to the constraints
#     (if specified by user in constraint file).
#     Note: For testmode constraint generation power ground
#           nets are not considered.
################################################################################


################################################################################
# Format :
#     Name of the design and the constraints are listed
################################################################################
################################################################################
#
#  This file has been generated by the SpyGlass SGDC decompile routine
#

#Design Constraints :

current_design top_santiago_cpu
    clock -name clk -testclock 
    test_mode -name rst -value "0" -scanshift 

#Waive Constraints :
waive -rule _domainInfo _domainAnalysis2 --delete_internal_use_only 
