
################################################################################
#
# This file has been generated by SpyGlass:
#     Report Name      : score
#     Report Created by: ulisses.maffazioli
#     Report Created on:  Mon Jul 13 11:38:46 2026
#     Working Directory: /home/mic63/ulisses.maffazioli/dft-labs/proj/santiago_cpu/0_synopsys_saed32_flow/dft/advisor_flow_naive
#     SpyGlass Version : SpyGlass_vW-2024.09-SP2-8
#     Policy Name      : SpyGlass(SpyGlass_vW-2024.09-SP2-08)
#                        dft(SpyGlass_vW-2024.09-SP2-08)
#                        dft_dsm(SpyGlass_vW-2024.09-SP2-08)
#
#     Total Number of Generated Messages :         16
#     Number of Waived Messages          :          0
#     Number of Reported Messages        :         16
#     Number of Overlimit Messages       :          0
#
#
################################################################################

+++++++++++++++++++++++++++++++++++++++++++++++++++++++++++++++++++++++
SCORE REPORT:
===========================================	
+ Score for the Design is 126
+++++++++++++++++++++++++++++++++++++++++++++
