################################################################################
#
# This file has been generated by SpyGlass:
#     Report Created by: ulisses.maffazioli
#     Report Created on: Mon Jul 13 11:36:50 2026
#     Working Directory: /home/mic63/ulisses.maffazioli/dft-labs/proj/santiago_cpu/0_synopsys_saed32_flow/dft/advisor_flow_naive
#     Report Location  : ./out_data/naive_seq/top/dft/dft_best_practice/spyglass_reports/dft/dft_optional_sgdc.rpt
#     SpyGlass Version : SpyGlass_vW-2024.09-SP2-8
#     Policy Name      : dft(SpyGlass_vW-2024.09-SP2-08)
#     Comment          : Generated by rule dftOptional_Constraint_Check
#
################################################################################

################################################################################
# Purpose :
#     This file has been generated by DFT-Rule
#     'dft_Optional_Constraint_Check'. It has
#     list of all the missing optional constraint
#     needed by a dft rule.
#     'Optional constraints, however, only affect the rule-behaviour.
################################################################################


################################################################################
# Format :
#     For each top-level module, and for each 'enabled' rule, the 'optional'
#     constraints required are listed. Alongside the constraint name is a '[+]'
#     or a '[-]' to indicate whether that constraint was found or not.
################################################################################
################################################################################
              RULE                       OPTIONAL CONSTRAINT
################################################################################


Current_Design : top
----------------------------------------------------------------------
Info_uncontrollable
                                     force_scan[-]
                                  module_bypass[-]
                                  force_no_scan[-]
                                      scan_type[-]
                                       force_ta[-]
                                      scan_wrap[-]
                                     test_point[-]
                               clock -testclock[+]
                                      test_mode[+]
----------------------------------------------------------------------
 Info_unobservable
                                     force_scan[-]
                                  module_bypass[-]
                                  force_no_scan[-]
                                      scan_type[-]
                                       force_ta[-]
                                      scan_wrap[-]
                                     test_point[-]
                               clock -testclock[+]
                                      test_mode[+]
----------------------------------------------------------------------
   Info_untestable
                                     force_scan[-]
                                  module_bypass[-]
                                  force_no_scan[-]
                                      scan_type[-]
                                       force_ta[-]
                                      scan_wrap[-]
                                     test_point[-]
                               clock -testclock[+]
                                      test_mode[+]
----------------------------------------------------------------------
     Info_coverage
                                     force_scan[-]
                                  module_bypass[-]
                                  force_no_scan[-]
                                      scan_type[-]
                                       force_ta[-]
                                      scan_wrap[-]
                                     test_point[-]
                               clock -testclock[+]
                                      test_mode[+]
----------------------------------------------------------------------
    Coverage_audit
                                     force_scan[-]
                                  module_bypass[-]
                                  force_no_scan[-]
                                      scan_type[-]
                                       force_ta[-]
                                      scan_wrap[-]
                                     test_point[-]
                               clock -testclock[+]
                                      test_mode[+]
----------------------------------------------------------------------
Info_undetectCause
                                     force_scan[-]
                                  module_bypass[-]
                                       seq_atpg[-]
                                  force_no_scan[-]
                                      scan_type[-]
                                       force_ta[-]
                                      scan_wrap[-]
                                     test_point[-]
                               clock -testclock[+]
                                      test_mode[+]
----------------------------------------------------------------------
      Info_noFault
                                       no_fault[-]
----------------------------------------------------------------------
       Info_noScan
                                  force_no_scan[-]
----------------------------------------------------------------------
   Info_forcedScan
                                     force_scan[-]
                                  force_no_scan[-]
----------------------------------------------------------------------
Info_inferredNoScan
                                     force_scan[-]
                                  force_no_scan[-]
                                      scan_type[-]
                                      test_mode[+]
----------------------------------------------------------------------
    Info_scanchain
                                     force_scan[-]
                                     define_tag[-]
                                  force_no_scan[-]
                                      scan_type[-]
                               clock -testclock[+]
                                      test_mode[+]
----------------------------------------------------------------------
     Info_scanwrap
                                      scan_wrap[-]
----------------------------------------------------------------------
  Async_02_capture
                                  force_no_scan[-]
                                      scan_wrap[-]
                                      test_mode[+]
----------------------------------------------------------------------
          Async_07
                                     force_scan[-]
                                  force_no_scan[-]
                                      scan_type[-]
                                      test_mode[+]
----------------------------------------------------------------------
          Async_08
                                     force_scan[-]
                                  module_bypass[-]
                                  force_no_scan[-]
                                      scan_type[-]
                                       force_ta[-]
                                      scan_wrap[-]
                                     test_point[-]
                               clock -testclock[+]
                                      test_mode[+]
----------------------------------------------------------------------
          Clock_11
                                     force_scan[-]
                                  force_no_scan[-]
                                      scan_type[-]
                                      test_mode[+]
----------------------------------------------------------------------
  Clock_11_capture
                                     force_scan[-]
                                  force_no_scan[-]
                                      scan_type[-]
                                      test_mode[+]
----------------------------------------------------------------------
          Clock_16
                                 balanced_clock[-]
                                      test_mode[+]
----------------------------------------------------------------------
           Scan_22
                                     force_scan[-]
                                     define_tag[-]
                                  force_no_scan[-]
                                      scan_type[-]
                               clock -testclock[+]
                                      test_mode[+]
----------------------------------------------------------------------
           Scan_24
                                     force_scan[-]
                                     define_tag[-]
                                  force_no_scan[-]
                                      scan_type[-]
                               clock -testclock[+]
                                      test_mode[+]
----------------------------------------------------------------------
           Scan_25
                                     force_scan[-]
                                     define_tag[-]
                                  force_no_scan[-]
                                      scan_type[-]
                               clock -testclock[+]
                                      test_mode[+]
----------------------------------------------------------------------
           Scan_26
                                     force_scan[-]
                                     define_tag[-]
                                  force_no_scan[-]
                                      scan_type[-]
                               clock -testclock[+]
                                      test_mode[+]
----------------------------------------------------------------------
             TA_09
                                     force_scan[-]
                                  module_bypass[-]
                                  force_no_scan[-]
                                      scan_type[-]
                                       force_ta[-]
                                      scan_wrap[-]
                                     test_point[-]
                               clock -testclock[+]
                                      test_mode[+]
----------------------------------------------------------------------
       Tristate_06
                                     define_tag[-]
                                      test_mode[+]
----------------------------------------------------------------------
