################################################################################
#
# This file has been generated by SpyGlass:
#     Report Created by: ulisses.maffazioli
#     Report Created on: Sun Jul 12 16:45:55 2026
#     Working Directory: /home/mic63/ulisses.maffazioli/dft-labs/proj/santiago_cpu/0_synopsys_saed32_flow/_dft/2_advisor_best_practice
#     Report Location  : ./sg_results/santiago/top_santiago_cpu/dft/dft_best_practice/spyglass_reports/dft/ff_async_reconvergence.rpt
#     SpyGlass Version : SpyGlass_vW-2024.09-SP2-8
#     Policy Name      : dft(SpyGlass_vW-2024.09-SP2-08)
#     Comment          : Generated by rule Topology_13
#
################################################################################

################################################################################
# Purpose :
#    List of all combinational path which reconvergences
#    at asynchronous pins of flip-flops.
################################################################################


################################################################################
# Format :
#    The name of the start net and end net are given
#    followed by the details of the reconvergence path
################################################################################

################################################################################
#SUMMARY : 
#	design : top_santiago_cpu 
#	mode   : capture
#        No reconverging logic found.
################################################################################
