################################################################################
#
# This file has been generated by SpyGlass:
#     Report Created by: ulisses.maffazioli
#     Report Created on: Sun Jul 12 16:45:55 2026
#     Working Directory: /home/mic63/ulisses.maffazioli/dft-labs/proj/santiago_cpu/0_synopsys_saed32_flow/_dft/2_advisor_best_practice
#     Report Location  : ./sg_results/santiago/top_santiago_cpu/dft/dft_best_practice/spyglass_reports/dft/scan_chain.rpt
#     SpyGlass Version : SpyGlass_vW-2024.09-SP2-8
#     Policy Name      : dft(SpyGlass_vW-2024.09-SP2-08)
#     Comment          : Generated by rule Info_scanchain
#
################################################################################

################################################################################
# Purpose :
#     The report is divided into 2 sections.
#     Section 1: Reports detailed information of scan chain present in the 
#     design. This section is generated by rule Info_scanchain
#
#     Section 2: Reports list of flip-flops that are not part of any 
#     scan chain. This section is generated by rule Scan_24 when either: 
#         1. dftDesignState is set to post_scan_stitched, Or
#         2. scan_chain constraint has been specified
################################################################################


################################################################################
# Format :
#     Section 1: Scan chain details in tabular format. This is followed by the summary of section 1.
#     Section 2: Flip-flops detail that are not part of any scan chain. This is followed by the summary of section 2.
################################################################################

#In section 1: For each scan chain, ordered list of scan cells are reported with the following information.
#     1. cell_order        :      cell index number where '0' is the scan cell closest to the scan-out(SO) pin
#     2. scanchain_ID      :      scan chain id in which the scan cell resides
#     3. cell_type         :      type of cell(latch/port/flop/scan-chain-segment/memory_instance)
#     4. shift_clock       :      clock for each scan cell(shift_clock)
#     5. clock_polarity    :      polarity of the global clock(shift_clock),rising edge(+) and falling edge(-)
#     6. hier_name         :      hierarchical name of the cell
#     7. lib_cell_name     :      Library name of the cell 
#     8. scanout           :      scan output port of the scan cell(Q/QB/dedicated_so_pin)
#
#     Related to Scan Coverage:
#     register             :      refers to both flip-flops and latches
#     test cells           :      refers to register for which 'test_cell' block is defined in .lib
#     tpregs               :      refers to retiming flops, lockup, transparent and shadow latches
#     scn_on_sc            :      scannable regs (excluding tpregs) on scan chain
#     scn_off_sc           :      scannable regs (excluding tpregs) outside scan chain
#     scn_off_sc_tc        :      scannable test cells (excluding tpregs) outside scan chain
#     uscn                 :      unscannable regs
#     uscn_tc              :      unscannable test cells
#     nscn_i               :      inferred no-scan regs
#     nscn_i_tc            :      inferred no-scan test cells (= nscn_i_tc_on_sc + nscn_i_tc_off_sc)
#     nscn_i_tc_on_sc      :      inferred no-scan test cells on scan chain
#     nscn_i_tc_off_sc     :      inferred no-scan test cells outside scan chain
#     
#     Scan Coverage        :      scan_chain= no, DS= pre_scan_stitched:=      scn_off_sc / (scn_off_sc + uscn + nscn_i)
#                          :      scan_chain= no, DS=post_scan_stitched:=   scn_off_sc_tc / (scn_off_sc_tc + uscn_tc + nscn_i_tc)
#                          :      scan_chain=yes, DS= pre_scan_stitched:=       scn_on_sc / (scn_on_sc + scn_off_sc + uscn + nscn_i)
#                          :      scan_chain=yes, DS=post_scan_stitched:=       scn_on_sc / (scn_on_sc + scn_off_sc_tc + uscn_tc + nscn_i_tc)
#     
#     Note                 :      Force no_scan and force_no_scan_coverage registers are not included in scan coverage calculation


#In section 2: Flip-flops which are not part of any valid scan chain are reported with the following information.
#     1. cell_no           :      serial index number of the cell
#     2. clock             :      source clock driving the cell
#     3. clock_polarity    :      clock polarity of the cell rising edge(+) and falling edge(-)
#     4. type              :      scannability status of the cell
#     5. hier_name         :      hierarchical name of the cell
#     6. lib_cell_name     :      Library cell name of the cell
--------------------------------------------------------------------------------

#Section 1 of top module 'top_santiago_cpu': BEGIN

################################################################################
# Summary :
#     Top module name         : 'top_santiago_cpu'
#     No valid scan chain present in the design
################################################################################

#Section 1: END
