SpyGlass run started at 05:54:55  on jul 09 2026 

SpyGlass Predictive Analyzer(R) - Version SpyGlass_vW-2024.09-SP2-8
Synopsys TestMAX(TM)
SpyGlass Fault Analysis
Last compiled on Feb  2 2026

All Rights Reserved. Use, disclosure or duplication
without prior written permission of Synopsys Inc. is prohibited.
Technical support: email spyglass_support@synopsys.com.


 Auto-compiling gates libraries

        "/pdk/synopsys/saed32/SAED32_EDK/lib/stdcell_rvt/db_nldm/saed32rvt_ss0p75v125c.db"
    to
        "./spyglass-1/spyglass_cache/autogenerated_sglib/aggregate.sglib" ...failed

Running SpyGlass 64-bit Executable: /tools/synopsys/tmadvisor/spyglass/W-2024.09-SP2-8/SPYGLASS_HOME/obj/check.Linux4

RULE-CHECKING IN MIXED MODE
Loading Policy: spyglass (Version: SpyGlass_vW-2024.09-SP2-08) from path: /tools/synopsys/tmadvisor/spyglass/W-2024.09-SP2-8/SPYGLASS_HOME/policies/spyglass
Loading Shared library libspyglassrules-Linux4.spyso from /tools/synopsys/tmadvisor/spyglass/W-2024.09-SP2-8/SPYGLASS_HOME/lib/libspyglassrules-Linux4.spyso 
Loading Shared library libsdcInitRules-Linux4.spyso from /tools/synopsys/tmadvisor/spyglass/W-2024.09-SP2-8/SPYGLASS_HOME/lib/libsdcInitRules-Linux4.spyso 
Loading Shared library librmerules-Linux4.spyso from /tools/synopsys/tmadvisor/spyglass/W-2024.09-SP2-8/SPYGLASS_HOME/lib/librmerules-Linux4.spyso 
Version of Policy 'dft': SpyGlass_vW-2024.09-SP2-08
Loading Shared library libDftRules-Linux4.spyso from /tools/synopsys/tmadvisor/spyglass/W-2024.09-SP2-8/SPYGLASS_HOME/policies/dft/libDftRules-Linux4.spyso 

------------------------------------------------------
      Table of Successfully Overloaded Rules
  RuleName            Language          PolicyName
   FieldName    Original Value/Overloaded Value
------------------------------------------------------
  Async_07            Verilog+VHDL      dft
   SEVERITY:    (MsgLabel: Async_07_M1) Warning/Error

  Clock_11            Verilog+VHDL      dft
   SEVERITY:    (MsgLabel: Clock_11_M1) Warning/Error
------------------------------------------------------

Loading perl file for 'timing' policy from path: /tools/synopsys/tmadvisor/spyglass/W-2024.09-SP2-8/SPYGLASS_HOME/policies/timing/timing-policy.pl
Version of Policy 'timing': SpyGlass_vW-2024.09-SP2-08
Loading Shared library libCoreRules-Linux4.spyso from /tools/synopsys/tmadvisor/spyglass/W-2024.09-SP2-8/SPYGLASS_HOME/lib/libCoreRules-Linux4.spyso 
Loading Shared library libtiming-Linux4.spyso from /tools/synopsys/tmadvisor/spyglass/W-2024.09-SP2-8/SPYGLASS_HOME/policies/timing/libtiming-Linux4.spyso 
Loading perl file for 'starcad-21' policy from path: /tools/synopsys/tmadvisor/spyglass/W-2024.09-SP2-8/SPYGLASS_HOME/policies/starcad-21/starcad-21-policy.pl
Version of Policy 'starcad-21': SpyGlass_vW-2024.09-SP2-08
Loading Shared library libVeStarc-Linux4.spyso from /tools/synopsys/tmadvisor/spyglass/W-2024.09-SP2-8/SPYGLASS_HOME/policies/starc/libVeStarc-Linux4.spyso 
Loading Shared library libVeLint-Linux4.spyso from /tools/synopsys/tmadvisor/spyglass/W-2024.09-SP2-8/SPYGLASS_HOME/lib/libVeLint-Linux4.spyso 
Loading Shared library libLexRules-Linux4.spyso from /tools/synopsys/tmadvisor/spyglass/W-2024.09-SP2-8/SPYGLASS_HOME/lib/libLexRules-Linux4.spyso 
Loading Shared library libVhStarc-Linux4.spyso from /tools/synopsys/tmadvisor/spyglass/W-2024.09-SP2-8/SPYGLASS_HOME/policies/starc/libVhStarc-Linux4.spyso 
Loading Shared library libVhLint-Linux4.spyso from /tools/synopsys/tmadvisor/spyglass/W-2024.09-SP2-8/SPYGLASS_HOME/lib/libVhLint-Linux4.spyso 
Loading Shared library libVmixedMetho-Linux4.spyso from /tools/synopsys/tmadvisor/spyglass/W-2024.09-SP2-8/SPYGLASS_HOME/policies/starcad-21/libVmixedMetho-Linux4.spyso 
Loading perl file for 'starc2005' policy from path: /tools/synopsys/tmadvisor/spyglass/W-2024.09-SP2-8/SPYGLASS_HOME/policies/starc2005/starc2005-policy.pl
Version of Policy 'starc2005': SpyGlass_vW-2024.09-SP2-08
Loading Shared library libVeStarc2002-Linux4.spyso from /tools/synopsys/tmadvisor/spyglass/W-2024.09-SP2-8/SPYGLASS_HOME/policies/starc2002/libVeStarc2002-Linux4.spyso 
Loading Shared library libVhStarc2002-Linux4.spyso from /tools/synopsys/tmadvisor/spyglass/W-2024.09-SP2-8/SPYGLASS_HOME/policies/starc2002/libVhStarc2002-Linux4.spyso 
Loading Shared library libVmixedStarc2002-Linux4.spyso from /tools/synopsys/tmadvisor/spyglass/W-2024.09-SP2-8/SPYGLASS_HOME/policies/starc2002/libVmixedStarc2002-Linux4.spyso 
Loading Shared library libVeStarc2005-Linux4.spyso from /tools/synopsys/tmadvisor/spyglass/W-2024.09-SP2-8/SPYGLASS_HOME/policies/starc2005/libVeStarc2005-Linux4.spyso 
Loading Shared library libVmixedStarc2005-Linux4.spyso from /tools/synopsys/tmadvisor/spyglass/W-2024.09-SP2-8/SPYGLASS_HOME/policies/starc2005/libVmixedStarc2005-Linux4.spyso 
Loading Shared library libVhStarc2005-Linux4.spyso from /tools/synopsys/tmadvisor/spyglass/W-2024.09-SP2-8/SPYGLASS_HOME/policies/starc2005/libVhStarc2005-Linux4.spyso 
Loading perl file for 'starc2002' policy from path: /tools/synopsys/tmadvisor/spyglass/W-2024.09-SP2-8/SPYGLASS_HOME/policies/starc2002/starc2002-policy.pl
Version of Policy 'starc2002': SpyGlass_vW-2024.09-SP2-08
Loading perl file for 'starc' policy from path: /tools/synopsys/tmadvisor/spyglass/W-2024.09-SP2-8/SPYGLASS_HOME/policies/starc/starc-policy.pl
Version of Policy 'starc': SpyGlass_vW-2024.09-SP2-08
Loading perl file for 'simulation' policy from path: /tools/synopsys/tmadvisor/spyglass/W-2024.09-SP2-8/SPYGLASS_HOME/policies/simulation/simulation-policy.pl
Version of Policy 'simulation': SpyGlass_vW-2024.09-SP2-08
Loading Shared library libvcs-Linux4.spyso from /tools/synopsys/tmadvisor/spyglass/W-2024.09-SP2-8/SPYGLASS_HOME/policies/simulation/libvcs-Linux4.spyso 
Loading perl file for 'power_est' policy from path: /tools/synopsys/tmadvisor/spyglass/W-2024.09-SP2-8/SPYGLASS_HOME/policies/power_est/power_est-policy.pl
Version of Policy 'power_est': SpyGlass_vW-2024.09-SP2-08
Loading Shared library libBasePowerEst-Linux4.spyso from /tools/synopsys/tmadvisor/spyglass/W-2024.09-SP2-8/SPYGLASS_HOME/policies/power_est/libBasePowerEst-Linux4.spyso 
Loading perl file for 'openmore' policy from path: /tools/synopsys/tmadvisor/spyglass/W-2024.09-SP2-8/SPYGLASS_HOME/policies/openmore/openmore-policy.pl
Version of Policy 'openmore': SpyGlass_vW-2024.09-SP2-08
Loading perl file for 'morelint' policy from path: /tools/synopsys/tmadvisor/spyglass/W-2024.09-SP2-8/SPYGLASS_HOME/policies/morelint/morelint-policy.pl
Version of Policy 'morelint': SpyGlass_vW-2024.09-SP2-08
Loading Shared library libVeMoreLint-Linux4.spyso from /tools/synopsys/tmadvisor/spyglass/W-2024.09-SP2-8/SPYGLASS_HOME/policies/morelint/libVeMoreLint-Linux4.spyso 
Loading Shared library libVhMoreLint-Linux4.spyso from /tools/synopsys/tmadvisor/spyglass/W-2024.09-SP2-8/SPYGLASS_HOME/policies/morelint/libVhMoreLint-Linux4.spyso 
Loading perl file for 'miscellaneous' policy from path: /tools/synopsys/tmadvisor/spyglass/W-2024.09-SP2-8/SPYGLASS_HOME/policies/miscellaneous/miscellaneous-policy.pl
Version of Policy 'miscellaneous': SpyGlass_vW-2024.09-SP2-08
Loading Shared library libmiscellaneous-Linux4.spyso from /tools/synopsys/tmadvisor/spyglass/W-2024.09-SP2-8/SPYGLASS_HOME/policies/miscellaneous/libmiscellaneous-Linux4.spyso 
Loading perl file for 'lowpower' policy from path: /tools/synopsys/tmadvisor/spyglass/W-2024.09-SP2-8/SPYGLASS_HOME/policies/lowpower/lowpower-policy.pl
Version of Policy 'lowpower': 5.6.1
Loading Shared library libPwrRules-Linux4.spyso from /tools/synopsys/tmadvisor/spyglass/W-2024.09-SP2-8/SPYGLASS_HOME/policies/lowpower/libPwrRules-Linux4.spyso 
Loading Shared library libVeLowpower-Linux4.spyso from /tools/synopsys/tmadvisor/spyglass/W-2024.09-SP2-8/SPYGLASS_HOME/policies/lowpower/libVeLowpower-Linux4.spyso 
Loading Shared library libVhLowpower-Linux4.spyso from /tools/synopsys/tmadvisor/spyglass/W-2024.09-SP2-8/SPYGLASS_HOME/policies/lowpower/libVhLowpower-Linux4.spyso 
Loading perl file for 'lint' policy from path: /tools/synopsys/tmadvisor/spyglass/W-2024.09-SP2-8/SPYGLASS_HOME/policies/lint/lint-policy.pl
Version of Policy 'lint': SpyGlass_vW-2024.09-SP2-08
Loading perl file for 'latch' policy from path: /tools/synopsys/tmadvisor/spyglass/W-2024.09-SP2-8/SPYGLASS_HOME/policies/latch/latch-policy.pl
Version of Policy 'latch': SpyGlass_vW-2024.09-SP2-08
Loading Shared library liblatch-Linux4.spyso from /tools/synopsys/tmadvisor/spyglass/W-2024.09-SP2-8/SPYGLASS_HOME/policies/latch/liblatch-Linux4.spyso 
Loading perl file for 'erc' policy from path: /tools/synopsys/tmadvisor/spyglass/W-2024.09-SP2-8/SPYGLASS_HOME/policies/erc/erc-policy.pl
Version of Policy 'erc': SpyGlass_vW-2024.09-SP2-08
Loading Shared library liberc-Linux4.spyso from /tools/synopsys/tmadvisor/spyglass/W-2024.09-SP2-8/SPYGLASS_HOME/policies/erc/liberc-Linux4.spyso 
Loading perl file for 'dft_dsm' policy from path: /tools/synopsys/tmadvisor/spyglass/W-2024.09-SP2-8/SPYGLASS_HOME/policies/dft_dsm/dft_dsm-policy.pl
Version of Policy 'dft_dsm': SpyGlass_vW-2024.09-SP2-08
Loading perl file for 'clock-reset' policy from path: /tools/synopsys/tmadvisor/spyglass/W-2024.09-SP2-8/SPYGLASS_HOME/policies/clock/clock-reset-policy.pl
Version of Policy 'clock-reset': SpyGlass_vW-2024.09-SP2-08
Loading Shared library libclock-reset-Linux4.spyso from /tools/synopsys/tmadvisor/spyglass/W-2024.09-SP2-8/SPYGLASS_HOME/policies/clock/libclock-reset-Linux4.spyso 
Loading perl file for 'area' policy from path: /tools/synopsys/tmadvisor/spyglass/W-2024.09-SP2-8/SPYGLASS_HOME/policies/area/area-policy.pl
Version of Policy 'area': SpyGlass_vW-2024.09-SP2-08
Loading Shared library libarea-Linux4.spyso from /tools/synopsys/tmadvisor/spyglass/W-2024.09-SP2-8/SPYGLASS_HOME/policies/area/libarea-Linux4.spyso 
Loading perl file for 'Audits' policy from path: /tools/synopsys/tmadvisor/spyglass/W-2024.09-SP2-8/SPYGLASS_HOME/policies/Audits/Audits-policy.pl
Version of Policy 'Audits': SpyGlass_vW-2024.09-SP2-08
Loading Shared library libVhAudits-Linux4.spyso from /tools/synopsys/tmadvisor/spyglass/W-2024.09-SP2-8/SPYGLASS_HOME/policies/Audits/libVhAudits-Linux4.spyso 
Loading Shared library libVeAudits-Linux4.spyso from /tools/synopsys/tmadvisor/spyglass/W-2024.09-SP2-8/SPYGLASS_HOME/policies/Audits/libVeAudits-Linux4.spyso 
Enabling Following Rules Only For Save:
 Ac_svasetup01
AcOvlRtl
AcOvlRtl
_meta_delay01
_vhMeta01
SGDC_meta_design_hier01
Ac_multitop01
_deltaDelay
_deltaDelay
_syncResetStyleRTL
Ac_classify_param01
Pragma_setupa
_cdc_save_license01
Latch_VePreReqRule
CondOpInReset-ML
Prereqs_RptNegEdgeFF-ML
Prereqs_ConstantInput-ML
Prereqs_ConstantInput-ML
ResetFlop-ML
HangingNetPreReq-ML
Prereq_IntClock
Prereqs_RegOutputs
Prereqs_InferLatch
PEMVDD01
PECHECK56
PECHECK43
PECHECK18
PECHECK09
PESVASETUP01
PECHECK04
SGDC_power_est29
SGDC_power_est15
Prereqs_STARC-1.6.2.1
LogNMuxPrereq
ReportCksum
GenTopLevelBlocksForAutoSoc
Total Rules Enabled Only For Save : 36
##build_id : W-2024.09-SP2-8
##system   : Linux cadmicro-el8-04.inf.ufrgs.br 4.18.0-553.87.1.el8_10.x86_64 #1 SMP Wed Dec 3 12:45:57 UTC 2025 x86_64
##cwd      : /home/mic63/ulisses.maffazioli/dft-labs/proj/santiago_cpu/0_synopsys_saed32_flow/_dft
##lang     : Verilog+VHDL
##args     : -mSpyGlass::Compatibility::v2_7_3 \
             -mSpyGlass::Compatibility::v2_7_3 \
             -mSpyGlass::Compatibility::v2_7_3 \
             -lib WORK ./spyglass-1/top_WIDTH8/WORK \
             -batch \
             -nl \
             -top 'top_WIDTH8' \
             -wdir './spyglass-1/top_WIDTH8/dft/dft_scan_ready' \
             -dbdir './spyglass-1/top_WIDTH8/.SG_SaveRestoreDB' \
             -mixed \
             -rules='Coverage_audit,Info_coverage,Async_07,Async_08,Clock_11,Clock_11_capture,Clock_26,Diagnose_testclock,Diagnose_testmode,Info_forcedScan,Info_inferredNoScan,Info_noScan,Info_scanwrap,Info_testclock,Info_testmode,Info_testmode_conflict_01,Info_untestable' \
             -policy='dft' \
             -gateslib '/pdk/synopsys/saed32/SAED32_EDK/lib/stdcell_rvt/db_nldm/saed32rvt_ss0p75v125c.db' \
             --goal_info 'dft/dft_scan_ready@' \
             -projectwdir './spyglass-1' \
             -templatedir '/tools/synopsys/tmadvisor/spyglass/W-2024.09-SP2-8/SPYGLASS_HOME/GuideWare/latest/block/rtl_handoff' \
             --template_info 'dft/dft_scan_ready' \
             -overloadrules 'Async_07+msgLabel=Async_07_M1+severity=Error,Clock_11+msgLabel=Clock_11_M1+severity=Error' \
             -enable_save_restore \
             -enable_save_restore_builtin 'true' \
             -64bit  \
             ../out_data/pre_layout/santiago_cpu.v

##verbosity level   : 2
##exact cmdline arg : -batch -project spyglass-1.prj -goal dft/dft_scan_ready -64bit
##spyglass_run.csh begins :
;	cd /home/mic63/ulisses.maffazioli/dft-labs/proj/santiago_cpu/0_synopsys_saed32_flow/_dft
;	setenv ATRENTA_LICENSE_FILE 27010@pgmicro01.ufrgs.br
;	setenv SPYGLASS_LD_PRELOAD /tools/synopsys/tmadvisor/spyglass/W-2024.09-SP2-8/SPYGLASS_HOME/lib/libreplacemalloc.so
;	setenv SPYGLASS_DW_PATH /tools/synopsys/tmadvisor/spyglass/W-2024.09-SP2-8/SPYGLASS_HOME/dw_support
;	/tools/synopsys/tmadvisor/spyglass/W-2024.09-SP2-8/SPYGLASS_HOME/bin/spyglass  -batch -project spyglass-1.prj -goal dft/dft_scan_ready -64bit
##spyglass_run.csh ends
##files    : ../out_data/pre_layout/santiago_cpu.v 


ERROR [316]    Auto-compilation of gates libraries failed. Please refer to './spyglass-1/spyglass_cache/autogenerated_sglib/lc/spyglass_lc_aggregate_reports/moresimple.rpt' for details
Checking Rule ReportAbortReason (Rule 1 of total 0) .... done (Time = 0.00s, Memory = 128.0K)

FATAL : Rule-checking aborted - usage or run error
SpyGlass Exit Code 7 (Rule-checking terminated due to FATAL errors - usage or run error)
SpyGlass total run-time is 12:03:54 (43434 secs)
SpyGlass total goal run-time is 00:00:11 (11 secs)
SpyGlass total cpu-time is 4 secs
SpyGlass run completed at 05:58:49 PM on Jul 09 2026
