SpyGlass run started at 03:46:36  on jul 12 2026 

SpyGlass Predictive Analyzer(R) - Version SpyGlass_vW-2024.09-SP2-8
Synopsys TestMAX(TM)
SpyGlass Fault Analysis
Last compiled on Feb  2 2026

All Rights Reserved. Use, disclosure or duplication
without prior written permission of Synopsys Inc. is prohibited.
Technical support: email spyglass_support@synopsys.com.

##SGDEBUG [BENCHMARK_ABSOLUTE]: Restoring NOM started: 2 sec, 96.25 sec, 263388 KB, 1286028 KB
##SGDEBUG [BENCHMARK_INCR]: Restoring NOM started: 2 sec, 96.25 sec, 263388 KB, 1286028 KB

INFO [235]    Restoring design database from directory './sg_results/santiago/top_santiago_cpu/.SG_SaveRestoreDB/autogenerated__default_snapshot' ...

INFO [235]    Restoring design database from directory './sg_results/santiago/top_santiago_cpu/.SG_SaveRestoreDB/autogenerated__default_snapshot' ...
              done

              done

##SGDEBUG [BENCHMARK_ABSOLUTE]: Restoring NOM completed: 2 sec, 96.29 sec, 300500 KB, 1322964 KB
##SGDEBUG [BENCHMARK_INCR]: Restoring NOM completed: 0 sec, 0.04 sec, 37112 KB, 36936 KB
     (Memory Used = 37112.0K(incr), 300500.0K(tot), Cpu Time = 0.01s(incr))
Checking Rule InferBlackBox (Rule 1 of total 0) .... done (Time = 0.00s, Memory = 0.0K)
Checking Rule InferBlackBox (Rule 1 of total 0) .... done (Time = 0.00s, Memory = 0.0K)
##SGDEBUG [BENCHMARK_DATA]: Number of NOM Modules = 7
##SGDEBUG [BENCHMARK_DATA]: Number of NOM Instances = 460
##SGDEBUG [BENCHMARK_DATA]: Number of NOM Nets = 805
##SGDEBUG [BENCHMARK_DATA]: Number of NOM Terminals = 2338
##SGDEBUG [BENCHMARK_DATA]: Number of NOM Instances per Module (max and avg) = 175, 65
Checking Rule GenerateConfMap (Rule 2 of total 0) .... done (Time = 0.00s, Memory = 0.0K)
Checking Rule GenerateConfMap (Rule 2 of total 0) .... done (Time = 0.00s, Memory = 0.0K)
