
################################################################################
#
# This file has been generated by SpyGlass:
#     Report Name      : no_msg_reporting_rules
#     Report Created by: ulisses.maffazioli
#     Report Created on:  Sun Jul 12 22:09:23 2026
#     Working Directory: /home/mic63/ulisses.maffazioli/dft-labs/proj/santiago_cpu/0_synopsys_saed32_flow/_dft/advisor_flow
#     SpyGlass Version : SpyGlass_vW-2024.09-SP2-8
#     Policy Name      : SpyGlass(SpyGlass_vW-2024.09-SP2-08)
#                        dft(SpyGlass_vW-2024.09-SP2-08)
#                        dft_dsm(SpyGlass_vW-2024.09-SP2-08)
#
#     Total Number of Generated Messages :         20
#     Number of Waived Messages          :          0
#     Number of Reported Messages        :         20
#     Number of Overlimit Messages       :          0
#
#
################################################################################

NO VIOLATION RULE REPORT :
++++++++++++++++++++++++++++++++++++++++++++++++++++++++++++++++++++++++++++++++

Following rules did not produce any violation or waived off during spyglass run

++++++++++++++++++++++++++++++++++++++++++++++++++++++++++++++++++++++++++++++++


================================================================================
	INDEX                                   RULE-NAME
================================================================================
	1                                  Atspeed_03
	2                                  Atspeed_04
	3                                  Atspeed_06
	4                                  Atspeed_07
	5                                  Atspeed_09
	6                                  Atspeed_14
	7                                  Atspeed_19
	8                                  Atspeed_20
	9                                  Atspeed_22
	10                                 Atspeed_30
	11                                 CG_01_atspeed
	12                                 CG_01_capture
	13                                 CG_01_shift
	14                                 CG_02_atspeed
	15                                 CG_02_capture
	16                                 CG_03_atspeed
	17                                 CG_03_capture
	18                                 CG_07
	19                                 Diagnose_02
	20                                 Diagnose_03
	21                                 Diagnose_04
================================================================================
