SpyGlass run started at 03:46:36  on jul 12 2026 

SpyGlass Predictive Analyzer(R) - Version SpyGlass_vW-2024.09-SP2-8
Synopsys TestMAX(TM)
SpyGlass Fault Analysis
Last compiled on Feb  2 2026

All Rights Reserved. Use, disclosure or duplication
without prior written permission of Synopsys Inc. is prohibited.
Technical support: email spyglass_support@synopsys.com.


Running SpyGlass 64-bit Executable: /tools/synopsys/tmadvisor/spyglass/W-2024.09-SP2-8/SPYGLASS_HOME/obj/check.Linux4

RULE-CHECKING IN MIXED MODE
Loading Policy: spyglass (Version: SpyGlass_vW-2024.09-SP2-08) from path: /tools/synopsys/tmadvisor/spyglass/W-2024.09-SP2-8/SPYGLASS_HOME/policies/spyglass
Loading Shared library libspyglassrules-Linux4.spyso from /tools/synopsys/tmadvisor/spyglass/W-2024.09-SP2-8/SPYGLASS_HOME/lib/libspyglassrules-Linux4.spyso 
Loading Shared library libsdcInitRules-Linux4.spyso from /tools/synopsys/tmadvisor/spyglass/W-2024.09-SP2-8/SPYGLASS_HOME/lib/libsdcInitRules-Linux4.spyso 
Loading Shared library librmerules-Linux4.spyso from /tools/synopsys/tmadvisor/spyglass/W-2024.09-SP2-8/SPYGLASS_HOME/lib/librmerules-Linux4.spyso 
Version of Policy 'dft': SpyGlass_vW-2024.09-SP2-08
Loading Shared library libDftRules-Linux4.spyso from /tools/synopsys/tmadvisor/spyglass/W-2024.09-SP2-8/SPYGLASS_HOME/policies/dft/libDftRules-Linux4.spyso 

------------------------------------------------------
      Table of Successfully Overloaded Rules
  RuleName            Language          PolicyName
   FieldName    Original Value/Overloaded Value
------------------------------------------------------
  Async_07            Verilog+VHDL      dft
   SEVERITY:    (MsgLabel: Async_07_M1) Warning/Error

  Clock_11            Verilog+VHDL      dft
   SEVERITY:    (MsgLabel: Clock_11_M1) Warning/Error
------------------------------------------------------

##build_id : W-2024.09-SP2-8
##system   : Linux cadmicro-el8-05.inf.ufrgs.br 4.18.0-553.87.1.el8_10.x86_64 #1 SMP Wed Dec 3 12:45:57 UTC 2025 x86_64
##cwd      : /home/mic63/ulisses.maffazioli/dft-labs/proj/santiago_cpu/0_synopsys_saed32_flow/_dft/2_netlist
##lang     : Verilog+VHDL
##args     : -mSpyGlass::Compatibility::v2_7_3 \
             -mSpyGlass::Compatibility::v2_7_3 \
             -mSpyGlass::Compatibility::v2_7_3 \
             -lib WORK ./sg_results/santiago/top_santiago_cpu/WORK \
             -batch \
             -nl \
             -top 'top_santiago_cpu' \
             -sgdc './santiago.sgdc' \
             -wdir './sg_results/santiago/top_santiago_cpu/dft/dft_scan_ready' \
             -dbdir './sg_results/santiago/top_santiago_cpu/.SG_SaveRestoreDB' \
             -mixed \
             -rules='Coverage_audit,Info_coverage,Async_07,Async_08,Clock_11,Clock_11_capture,Clock_26,Diagnose_testclock,Diagnose_testmode,Info_forcedScan,Info_inferredNoScan,Info_noScan,Info_scanwrap,Info_testclock,Info_testmode,Info_testmode_conflict_01,Info_untestable' \
             -policy='dft' \
             -enableSV \
             --goal_info 'dft/dft_scan_ready@' \
             -projectwdir './sg_results/santiago' \
             -templatedir '/tools/synopsys/tmadvisor/spyglass/W-2024.09-SP2-8/SPYGLASS_HOME/GuideWare/latest/block/rtl_handoff' \
             --template_info 'dft/dft_scan_ready' \
             -overloadrules 'Async_07+msgLabel=Async_07_M1+severity=Error,Clock_11+msgLabel=Clock_11_M1+severity=Error' \
             -enable_save_restore \
             -enable_save_restore_builtin 'true' \
             -64bit  \
             ../../inp_data/rtl/mux4_registered.sv \
             ../../inp_data/rtl/mux4.sv \
             ../../inp_data/rtl/register_bank.sv \
             ../../inp_data/rtl/alu.sv \
             ../../inp_data/rtl/memory.sv \
             ../../inp_data/rtl/control.sv \
             ../../inp_data/rtl/top.sv

##verbosity level   : 2
##exact cmdline arg : -batch -project ./santiago.prj -goal dft/dft_scan_ready -64bit
##spyglass_run.csh begins :
;	cd /home/mic63/ulisses.maffazioli/dft-labs/proj/santiago_cpu/0_synopsys_saed32_flow/_dft/2_netlist
;	setenv ATRENTA_LICENSE_FILE 27010@pgmicro01.ufrgs.br
;	setenv SPYGLASS_LD_PRELOAD /tools/synopsys/tmadvisor/spyglass/W-2024.09-SP2-8/SPYGLASS_HOME/lib/libreplacemalloc.so
;	setenv SPYGLASS_DW_PATH /tools/synopsys/tmadvisor/spyglass/W-2024.09-SP2-8/SPYGLASS_HOME/dw_support
;	/tools/synopsys/tmadvisor/spyglass/W-2024.09-SP2-8/SPYGLASS_HOME/bin/spyglass  -batch -project ./santiago.prj -goal dft/dft_scan_ready -64bit
##spyglass_run.csh ends
##files    : ../../inp_data/rtl/mux4_registered.sv \
             ../../inp_data/rtl/mux4.sv \
             ../../inp_data/rtl/register_bank.sv \
             ../../inp_data/rtl/alu.sv \
             ../../inp_data/rtl/memory.sv \
             ../../inp_data/rtl/control.sv \
             ../../inp_data/rtl/top.sv

 Reading sgdc file "./santiago.sgdc" ...
Performing unification checks on SGDC... done

INFO [76]    Using './sg_results/santiago/top_santiago_cpu/WORK/64' as the Work Directory for 64bit precompiled dump.
Checking Rule DFT_LP_POWERDATA_CHECK (Rule 1 of total 203) .... done (Time = 0.00s, Memory = 0.0K)
Checking Rule PrecompileLibCheck01 (Rule 2 of total 203) .... done (Time = 0.00s, Memory = 0.0K)
Checking Rule PrecompileLibCheck02 (Rule 3 of total 203) .... done (Time = 0.00s, Memory = 0.0K)
Checking Rule PrecompileLibCheck03 (Rule 4 of total 203) .... done (Time = 0.00s, Memory = 0.0K)
Checking Rule PrecompileLibCheck04 (Rule 5 of total 203) .... done (Time = 0.00s, Memory = 0.0K)
Checking Rule ElabSummary (Rule 6 of total 203) .... done (Time = 0.00s, Memory = 0.0K)
Checking Rule AbstractInterface (Rule 7 of total 203) .... done (Time = 0.00s, Memory = 0.0K)
Checking Rule SGDC_assume_path01 (Rule 8 of total 203) .... done (Time = 0.00s, Memory = 0.0K)
Checking Rule SGDC_sdcschema02 (Rule 9 of total 203) .... done (Time = 0.00s, Memory = 0.0K)
Checking Rule SGDC_clock05 (Rule 10 of total 203) .... done (Time = 0.00s, Memory = 0.0K)
Checking Rule SGDC_clock09 (Rule 11 of total 203) .... done (Time = 0.00s, Memory = 0.0K)
Checking Rule SGDC_force_ta05 (Rule 12 of total 203) .... done (Time = 0.00s, Memory = 0.0K)
Checking Rule SGDC_require_path03 (Rule 13 of total 203) .... done (Time = 0.00s, Memory = 0.0K)
Checking Rule SGDC_require_value03 (Rule 14 of total 203) .... done (Time = 0.00s, Memory = 0.0K)
Checking Rule SGDC_voltagedomain05 (Rule 15 of total 203) .... done (Time = 0.00s, Memory = 0.0K)
Checking Rule SGDC_voltagedomain06 (Rule 16 of total 203) .... done (Time = 0.00s, Memory = 0.0K)
Checking Rule SGDC_voltagedomain07 (Rule 17 of total 203) .... done (Time = 0.00s, Memory = 0.0K)
Checking Rule SGDC_powerdomainoutputs02 (Rule 18 of total 203) .... done (Time = 0.00s, Memory = 0.0K)
Checking Rule SGDC_supply01 (Rule 19 of total 203) .... done (Time = 0.00s, Memory = 0.0K)
Checking Rule SGDC_waive01 (Rule 20 of total 203) .... done (Time = 0.00s, Memory = 0.0K)
Checking Rule SGDC_waive02 (Rule 21 of total 203) .... done (Time = 0.00s, Memory = 0.0K)
Checking Rule SGDC_waive03 (Rule 22 of total 203) .... done (Time = 0.00s, Memory = 0.0K)
Checking Rule SGDC_waive04 (Rule 23 of total 203) .... done (Time = 0.00s, Memory = 0.0K)
Checking Rule SGDC_waive05 (Rule 24 of total 203) .... done (Time = 0.00s, Memory = 0.0K)
Checking Rule SGDC_waive06 (Rule 25 of total 203) .... done (Time = 0.00s, Memory = 0.0K)
Checking Rule SGDC_waive07 (Rule 26 of total 203) .... done (Time = 0.00s, Memory = 0.0K)
Checking Rule SGDC_waive08 (Rule 27 of total 203) .... done (Time = 0.00s, Memory = 0.0K)
Checking Rule SGDC_waive09 (Rule 28 of total 203) .... done (Time = 0.00s, Memory = 0.0K)
Checking Rule SGDC_waive10 (Rule 29 of total 203) .... done (Time = 0.00s, Memory = 0.0K)
Checking Rule SGDC_waive11 (Rule 30 of total 203) .... done (Time = 0.00s, Memory = 0.0K)
Checking Rule SGDC_waive12 (Rule 31 of total 203) .... done (Time = 0.00s, Memory = 0.0K)
Checking Rule SGDC_waive13 (Rule 32 of total 203) .... done (Time = 0.00s, Memory = 0.0K)
Checking Rule SGDC_waive21 (Rule 33 of total 203) .... done (Time = 0.00s, Memory = 0.0K)
Checking Rule SGDC_waive22 (Rule 34 of total 203) .... done (Time = 0.00s, Memory = 0.0K)
Checking Rule SGDC_waive30 (Rule 35 of total 203) .... done (Time = 0.00s, Memory = 0.0K)
Checking Rule SGDC_waive32 (Rule 36 of total 203) .... done (Time = 0.00s, Memory = 0.0K)
Checking Rule SGDC_waive33 (Rule 37 of total 203) .... done (Time = 0.00s, Memory = 0.0K)
Checking Rule SGDC_waive36 (Rule 38 of total 203) .... done (Time = 0.00s, Memory = 0.0K)
Checking Rule SGDC_waive38 (Rule 39 of total 203) .... done (Time = 0.00s, Memory = 0.0K)
Checking Rule SGDC_fifo01 (Rule 40 of total 203) .... done (Time = 0.00s, Memory = 0.0K)
Checking Rule SGDC_libgroup01 (Rule 41 of total 203) .... done (Time = 0.00s, Memory = 0.0K)
Checking Rule SGDC_libgroup02 (Rule 42 of total 203) .... done (Time = 0.00s, Memory = 0.0K)
Checking Rule SGDC_libgroup04 (Rule 43 of total 203) .... done (Time = 0.00s, Memory = 0.0K)
Checking Rule SGDC_power_data01 (Rule 44 of total 203) .... done (Time = 0.00s, Memory = 0.0K)
Checking Rule SGDC_ungroup01 (Rule 45 of total 203) .... done (Time = 0.00s, Memory = 0.0K)
Checking Rule SGDC_abstract_port06 (Rule 46 of total 203) .... done (Time = 0.00s, Memory = 0.0K)
Checking Rule SGDC_abstract_port14 (Rule 47 of total 203) .... done (Time = 0.00s, Memory = 0.0K)
Checking Rule SGDC_abstract_port15 (Rule 48 of total 203) .... done (Time = 0.00s, Memory = 128.0K)
Checking Rule SGDC_abstract_port18 (Rule 49 of total 203) .... done (Time = 0.00s, Memory = 0.0K)
Checking Rule sdc_init_rule (Rule 50 of total 203) .... done (Time = 0.00s, Memory = 0.0K)
Checking Rule CMD_ignorelibs01 (Rule 51 of total 203) .... done (Time = 0.00s, Memory = 0.0K)
Checking Rule ReportRuleNotRun (Rule 52 of total 203) .... done (Time = 0.00s, Memory = 0.0K)
Checking Rule dftSetup (Rule 53 of total 203) .... done (Time = 0.00s, Memory = 0.0K)
Checking Rule dftSGDCDefineMacroCheck_01 (Rule 54 of total 203) .... done (Time = 0.00s, Memory = 0.0K)
Checking Rule dftSGDCCheck_00 (Rule 55 of total 203) .... done (Time = 0.00s, Memory = 0.0K)
Checking Rule dftSFFCheck_00 (Rule 56 of total 203) .... done (Time = 0.00s, Memory = 0.0K)
Checking Rule dftSGDCSTX_000 (Rule 57 of total 203) .... done (Time = 0.00s, Memory = 0.0K)
Checking Rule dftSGDCSTX_073 (Rule 58 of total 203) .... done (Time = 0.00s, Memory = 0.0K)
Checking Rule dftCumulativeFaultStatusFileCheck (Rule 59 of total 203) .... done (Time = 0.00s, Memory = 0.0K)
Checking Rule dftSGDCSTX_075 (Rule 60 of total 203) .... done (Time = 0.00s, Memory = 0.0K)
Checking Rule dftParamCheck_00 (Rule 61 of total 203) .... done (Time = 0.00s, Memory = 0.0K)
Checking Rule dftParamCheck_01 (Rule 62 of total 203) .... done (Time = 0.00s, Memory = 0.0K)
Checking Rule dftParamCheck_02 (Rule 63 of total 203) .... done (Time = 0.00s, Memory = 0.0K)
Checking Rule Info_stil_to_sgdc (Rule 64 of total 203) .... done (Time = 0.00s, Memory = 0.0K)
Checking Rule dftSGDCSTX_051 (Rule 65 of total 203) .... done (Time = 0.00s, Memory = 0.0K)
Checking Rule dftSGDCSTX_053 (Rule 66 of total 203) .... done (Time = 0.00s, Memory = 0.0K)
Checking Rule dftSGDCSTX_054 (Rule 67 of total 203) .... done (Time = 0.00s, Memory = 0.0K)
Checking Rule dftSGDCSTX_055 (Rule 68 of total 203) .... done (Time = 0.00s, Memory = 0.0K)
Checking Rule dftSGDCSTX_072 (Rule 69 of total 203) .... done (Time = 0.00s, Memory = 0.0K)
Checking Rule dftSGDCSTX_074 (Rule 70 of total 203) .... done (Time = 0.00s, Memory = 0.0K)
Checking Rule dftSGDCSTX_076 (Rule 71 of total 203) .... done (Time = 0.00s, Memory = 0.0K)
Checking Rule dftSGDCSTX_077 (Rule 72 of total 203) .... done (Time = 0.00s, Memory = 0.0K)
Checking Rule dftSGDCSTX_078 (Rule 73 of total 203) .... done (Time = 0.00s, Memory = 0.0K)
Checking Rule dftSGDCSTX_079 (Rule 74 of total 203) .... done (Time = 0.00s, Memory = 0.0K)
Checking Rule dftSGDCSTX_080 (Rule 75 of total 203) .... done (Time = 0.00s, Memory = 0.0K)
Checking Rule dftSGDCSTX_082 (Rule 76 of total 203) .... done (Time = 0.00s, Memory = 0.0K)
Checking Rule dftSGDCSTX_083 (Rule 77 of total 203) .... done (Time = 0.00s, Memory = 0.0K)
 Reading waiver file "./sg_results/santiago/top_santiago_cpu/dft/dft_scan_ready/spyglass_spysch/waiver/pragma2Waiver.swl" ...
Checking Rule ReportStopSummary (Rule 78 of total 203) .... done (Time = 0.00s, Memory = 0.0K)
Checking Rule ReportIgnoreSummary (Rule 79 of total 203) .... done (Time = 0.00s, Memory = 0.0K)
##SGDEBUG [BENCHMARK_ABSOLUTE]: Restoring NOM started: 1 sec, 2.08 sec, 324372 KB, 1430304 KB
##SGDEBUG [BENCHMARK_INCR]: Restoring NOM started: 1 sec, 2.08 sec, 324372 KB, 1430304 KB

INFO [235]    Restoring design database from directory './sg_results/santiago/top_santiago_cpu/.SG_SaveRestoreDB/autogenerated__default_snapshot' ...
              done

##SGDEBUG [BENCHMARK_ABSOLUTE]: Restoring NOM completed: 1 sec, 2.10 sec, 361396 KB, 1430304 KB
##SGDEBUG [BENCHMARK_INCR]: Restoring NOM completed: 0 sec, 0.02 sec, 37024 KB, 0 KB
     (Memory Used = 37024.0K(incr), 361396.0K(tot), Cpu Time = 0.02s(incr))
Checking Rule InferBlackBox (Rule 80 of total 203) .... done (Time = 0.00s, Memory = 0.0K)
##SGDEBUG [BENCHMARK_DATA]: Number of NOM Modules = 7
##SGDEBUG [BENCHMARK_DATA]: Number of NOM Instances = 460
##SGDEBUG [BENCHMARK_DATA]: Number of NOM Nets = 805
##SGDEBUG [BENCHMARK_DATA]: Number of NOM Terminals = 2338
##SGDEBUG [BENCHMARK_DATA]: Number of NOM Instances per Module (max and avg) = 175, 65
Checking Rule checkCMD_mthresh (Rule 81 of total 203) .... done (Time = 0.00s, Memory = 128.0K)
##SGDEBUG [BENCHMARK_ABSOLUTE]: Restoring SDE Data started: 1 sec, 2.14 sec, 365772 KB, 1444668 KB
##SGDEBUG [BENCHMARK_INCR]: Restoring SDE Data started: 0 sec, 0.04 sec, 4376 KB, 14364 KB
##SGDEBUG [BENCHMARK_ABSOLUTE]: Restoring SDE Data completed: 1 sec, 2.15 sec, 365772 KB, 1444668 KB
##SGDEBUG [BENCHMARK_INCR]: Restoring SDE Data completed: 0 sec, 0.00 sec, 0 KB, 0 KB
     (Memory Used = 0.0K(incr), 365772.0K(tot), Cpu Time = 0.00s(incr))
Checking Rule SGDC_waive24 (Rule 82 of total 203) .... done (Time = 0.00s, Memory = 0.0K)
Checking Rule SGDC_waive25 (Rule 83 of total 203) .... done (Time = 0.00s, Memory = 0.0K)
Checking Rule SGDC_waive31 (Rule 84 of total 203) .... done (Time = 0.00s, Memory = 0.0K)
Checking Rule SGDC_waive37 (Rule 85 of total 203) .... done (Time = 0.00s, Memory = 0.0K)
Checking Rule DetectTopDesignUnits (Rule 86 of total 203) Detected 1 top level design units: 
     top_santiago_cpu
 .... done (Time = 0.00s, Memory = 128.0K)
Checking Rule GenerateConfMap (Rule 87 of total 203) .... done (Time = 0.00s, Memory = 128.0K)
Performing semantic checks on SGDC contents
..... SGDC semantic checks completed. (Time = 0.00s, Memory = 0.0K)
Checking Rule SGDC_testmode03 (Rule 88 of total 203) .... done (Time = 0.00s, Memory = 0.0K)
Checking Rule CheckCelldefine (Rule 89 of total 203) .... done (Time = 0.00s, Memory = 0.0K)
Checking Rule checkSGDC_01 (Rule 90 of total 203) .... done (Time = 0.00s, Memory = 0.0K)
Checking Rule checkSGDC_03 (Rule 91 of total 203) .... done (Time = 0.00s, Memory = 0.0K)
Checking Rule checkSGDC_08 (Rule 92 of total 203) .... done (Time = 0.00s, Memory = 0.0K)
Checking Rule SGDC_memorywritepin04 (Rule 93 of total 203) .... done (Time = 0.00s, Memory = 0.0K)
Checking Rule SGDC_reset02 (Rule 94 of total 203) .... done (Time = 0.00s, Memory = 0.0K)
Checking Rule SGDC_reset03 (Rule 95 of total 203) .... done (Time = 0.00s, Memory = 0.0K)
Checking Rule SGDC_waive23 (Rule 96 of total 203) .... done (Time = 0.00s, Memory = 0.0K)
Checking Rule SGDC_waive26 (Rule 97 of total 203) .... done (Time = 0.00s, Memory = 0.0K)
Checking Rule SGDC_waive27 (Rule 98 of total 203) .... done (Time = 0.00s, Memory = 0.0K)
Checking Rule SGDC_waive29 (Rule 99 of total 203) .... done (Time = 0.00s, Memory = 0.0K)
Checking Rule SGDC_libgroup03 (Rule 100 of total 203) .... done (Time = 0.00s, Memory = 0.0K)
Checking Rule SGDC_ungroup02 (Rule 101 of total 203) .... done (Time = 0.00s, Memory = 0.0K)
Checking Rule _abstractPortSGDC (Rule 102 of total 203) .... done (Time = 0.00s, Memory = 0.0K)
Checking Rule SGDC_abstract_port03 (Rule 103 of total 203) .... done (Time = 0.00s, Memory = 0.0K)
Checking Rule SGDC_abstract_port04 (Rule 104 of total 203) .... done (Time = 0.00s, Memory = 0.0K)
Checking Rule SGDC_abstract_port05 (Rule 105 of total 203) .... done (Time = 0.00s, Memory = 0.0K)
Checking Rule SGDC_abstract_port07 (Rule 106 of total 203) .... done (Time = 0.00s, Memory = 0.0K)
Checking Rule SGDC_abstract_port08 (Rule 107 of total 203) .... done (Time = 0.00s, Memory = 0.0K)
Checking Rule SGDC_abstract_port10 (Rule 108 of total 203) .... done (Time = 0.00s, Memory = 0.0K)
Checking Rule SGDC_abstract_port11 (Rule 109 of total 203) .... done (Time = 0.00s, Memory = 0.0K)
Checking Rule SGDC_abstract_port12 (Rule 110 of total 203) .... done (Time = 0.00s, Memory = 0.0K)
Checking Rule SGDC_abstract_port13 (Rule 111 of total 203) .... done (Time = 0.00s, Memory = 0.0K)
Checking Rule ReportUngroup (Rule 112 of total 203) .... done (Time = 0.00s, Memory = 0.0K)
Checking Rule DFT_LP_LIB_DATA (Rule 113 of total 203) .... done (Time = 0.00s, Memory = 0.0K)
Checking Rule SGDC_abstract_port21 (Rule 114 of total 203) .... done (Time = 0.00s, Memory = 0.0K)
Checking Rule dftMandatory_Constraint_Check (Rule 115 of total 203) .... done (Time = 0.01s, Memory = 0.0K)
Checking Rule dftOptional_Constraint_Check (Rule 116 of total 203) .... done (Time = 0.01s, Memory = 0.0K)
Checking Rule dftVSTOPDUSetUp (Rule 117 of total 203) .... done (Time = 0.01s, Memory = 0.0K)
Checking Rule dftVSTOPDUExit (Rule 118 of total 203) .... done (Time = 0.00s, Memory = 0.0K)
##SGDEBUG [BENCHMARK_ABSOLUTE]: VS rule checking finished...: 1 sec, 2.21 sec, 366540 KB, 1444668 KB
##SGDEBUG [BENCHMARK_INCR]: VS rule checking finished...: 0 sec, 0.07 sec, 768 KB, 0 KB
Checking Rule SGDC_assume_path05 (Rule 119 of total 203) .... done (Time = 0.00s, Memory = 0.0K)
##SGDEBUG [BENCHMARK_ABSOLUTE]: Flattening started: 1 sec, 2.24 sec, 368716 KB, 1444668 KB
##SGDEBUG [BENCHMARK_INCR]: Flattening started: 0 sec, 0.02 sec, 2176 KB, 0 KB
 Flattening top_santiago_cpu (.lib instances separately flattened) ....
     (Memory Used = 2176.0K(incr), 370892.0K(tot), Cpu Time = 0.01s(incr))
 Flattening completed
##SGDEBUG [BENCHMARK_DATA]: Number of Flat Instances = 475
##SGDEBUG [BENCHMARK_DATA]: Number of Flat Nets = 559
##SGDEBUG [BENCHMARK_DATA]: Number of Flat Terms = 2063
##SGDEBUG [BENCHMARK_DATA]: Number of Flat Paths = 10
##SGDEBUG [BENCHMARK_DATA]: Number of Flat Ports = 58
##SGDEBUG [BENCHMARK_DATA]: Number of Black-Box Instances = 0
##SGDEBUG [BENCHMARK_DATA]: Number of Lib Instances = 0
##SGDEBUG [BENCHMARK_DATA]: Number of ILM Instances = 0
##SGDEBUG [BENCHMARK_ABSOLUTE]: Flattening finished: 1 sec, 2.25 sec, 370892 KB, 1444668 KB
##SGDEBUG [BENCHMARK_INCR]: Flattening finished: 0 sec, 0.02 sec, 2176 KB, 0 KB
Checking Rule SGDC_set_case_analysis_LC (Rule 120 of total 203) .... done (Time = 0.00s, Memory = 0.0K)
Checking Rule dftSGDCCheck_01 (Rule 121 of total 203) .... done (Time = 0.00s, Memory = 0.0K)
Checking Rule dftSGDCSTX_060 (Rule 122 of total 203) .... done (Time = 0.00s, Memory = 0.0K)
Checking Rule dftSGDCSTX_061 (Rule 123 of total 203) .... done (Time = 0.00s, Memory = 0.0K)
Checking Rule dftSGDCSTX_069 (Rule 124 of total 203) .... done (Time = 0.00s, Memory = 0.0K)
Checking Rule dftFLATDU_RFSetUp (Rule 125 of total 203) .... done (Time = 0.01s, Memory = 2816.0K)
Checking Rule dftSGDCDefineMacroCheck_02 (Rule 126 of total 203) .... done (Time = 0.00s, Memory = 0.0K)
Checking Rule dftSGDCSTX_070 (Rule 127 of total 203) .... done (Time = 0.00s, Memory = 0.0K)
Checking Rule dftSGDCSTX_071 (Rule 128 of total 203) .... done (Time = 0.00s, Memory = 0.0K)
Checking Rule Diagnose_ScanChain (Rule 129 of total 203) .... done (Time = 0.00s, Memory = 0.0K)
Checking Rule Diagnose_testmode (Rule 130 of total 203) .... done (Time = 0.01s, Memory = 0.0K)
Checking Rule Diagnose_testclock (Rule 131 of total 203) .... done (Time = 0.00s, Memory = 0.0K)
Checking Rule Info_untestable (Rule 132 of total 203) .... done (Time = 0.00s, Memory = 0.0K)
Checking Rule Info_coverage (Rule 133 of total 203) .... done (Time = 0.00s, Memory = 0.0K)
Checking Rule Info_testmode (Rule 134 of total 203) .... done (Time = 0.00s, Memory = 0.0K)
Checking Rule Info_testmode_conflict_01 (Rule 135 of total 203) .... done (Time = 0.00s, Memory = 0.0K)
Checking Rule Info_testclock (Rule 136 of total 203) .... done (Time = 0.29s, Memory = 768.0K)
Checking Rule Info_noScan (Rule 137 of total 203) .... done (Time = 0.00s, Memory = 0.0K)
Checking Rule Info_forcedScan (Rule 138 of total 203) .... done (Time = 0.00s, Memory = 0.0K)
Checking Rule Info_inferredNoScan (Rule 139 of total 203) .... done (Time = 0.00s, Memory = 0.0K)
Checking Rule Info_scanwrap (Rule 140 of total 203) .... done (Time = 0.00s, Memory = 0.0K)
Checking Rule Async_07 (Rule 141 of total 203) .... done (Time = 0.00s, Memory = 0.0K)
Checking Rule Async_08 (Rule 142 of total 203) .... done (Time = 0.00s, Memory = 0.0K)
Checking Rule Clock_11 (Rule 143 of total 203) .... done (Time = 0.00s, Memory = 0.0K)
Checking Rule Clock_11_capture (Rule 144 of total 203) .... done (Time = 0.00s, Memory = 0.0K)
Checking Rule Clock_26 (Rule 145 of total 203) .... done (Time = 0.00s, Memory = 0.0K)
Checking Rule dftSGDCSTX_057 (Rule 146 of total 203) .... done (Time = 0.00s, Memory = 0.0K)
Checking Rule dftUserMacroSanityCheck_01 (Rule 147 of total 203) .... done (Time = 0.00s, Memory = 0.0K)
Checking Rule dftSGDCSTX_064 (Rule 148 of total 203) .... done (Time = 0.00s, Memory = 0.0K)
Checking Rule Info_DftDebugData (Rule 149 of total 203) .... done (Time = 0.02s, Memory = 0.0K)
Checking Rule Info_dft_deprecated (Rule 150 of total 203) .... done (Time = 0.00s, Memory = 0.0K)
Checking Rule Coverage_audit (Rule 151 of total 203) .... done (Time = 0.01s, Memory = 128.0K)
Checking Rule Info_generated_reports (Rule 152 of total 203) .... done (Time = 0.00s, Memory = 0.0K)
Checking Rule dftFLATDU_RFExit (Rule 153 of total 203) .... done (Time = 0.00s, Memory = -1024.0K)
Checking Rule AnalyzeBBox (Rule 154 of total 203) .... done (Time = 0.00s, Memory = 0.0K)
Checking Rule ViolationLimitReached (Rule 155 of total 203) .... done (Time = 0.00s, Memory = 0.0K)
Checking Rule ReportCheckDataSummary (Rule 156 of total 203) .... done (Time = 0.00s, Memory = 0.0K)

Applying user specified and internally generated waivers on violation database .... done (Time = 0.00s)

Generating data for Console...
##SGDEBUG [PEAK_VMSIZE_END_RULE]: 1445472 KB for entire run at 'Info_untestable' stage
##SGDEBUG [PEAK_SWAP_MEMORY_END_RULE]: 0 KB for entire run
##SGDEBUG [VMPEAK_MEMORY]: 1445508 KB for entire run
##SGDEBUG [PEAK_RSS_MEMORY]: 528860 KB for entire run
##SGDEBUG [BENCHMARK_ABSOLUTE]: Rule checking finished: 2 sec, 4.54 sec, 368444 KB, 1445472 KB
##SGDEBUG [BENCHMARK_INCR]: Rule checking finished: 1 sec, 2.29 sec, -2448 KB, 804 KB


=====================================================================================
							Rule Parameter Table
=====================================================================================

	PARAMETER-NAME                                     VALUE                DEFAULT VALUE
-------------------------------------------------------------------------------------
	-ATPG_credit                                       0                    0
	-allow_clock_on_output_port                        no                   no
	-check_clock_group_violations                      no                   no
	-debug_proc                                        no                   no
	-dft3BitClock                                      off                  off
	-dftAllowClockPropagationThroughCGC                in_functional        in_functional
	-dftAutoFix                                        +RULES[nothing]+TMPORT[atrenta_generated_port_tm]+TCLKPORT[atrenta_generated_port_tclk] +RULES[nothing]+TMPORT[atrenta_generated_port_tm]+TCLKPORT[atrenta_generated_port_tclk]
	-dftCPMechanism                                    sequential           sequential
	-dftCaptureCriteria                                simulation           simulation
	-dftDebugData                                      bp_off               bp_off
	-dftDesignState                                    pre_scan_stitched    pre_scan_stitched
	-dftDoInferredNoScanAnalysis                       1                    1
	-dftDoLogicalRedundancyCheck                       off                  off
	-dftFlowMonitor                                    off                  off
	-dftFunctionalClockPropagation                     simulation           simulation
	-dftGenerateConstraintDS                           on                   on
	-dftGenerateStuckAtFaultReport                     none                 none
	-dftGenerateTextReport                             UNDEFINED            UNDEFINED
	-dftIgnoreConstantOrUnusedFlipFlops                off                  off
	-dftIgnoreUnblockedToPI                            UNDEFINED            UNDEFINED
	-dftInferredDriverControl                          optimistic           optimistic
	-dftMethodologyFlow                                off                  off
	-dftMethodologyFlowSeverity                        fatal                fatal
	-dftPOSDETECT_credit                               0                    0
	-dftSetAllBBScanwrapped                            off                  off
	-dftSetAllLatchT                                   off                  off
	-dftSetAllTriEnableObs                             off                  off
	-dftSetLatchFedByTClkAsT                           off                  off
	-dftShowClocksInUniqueColor                        off                  off
	-dftShowForcedValues                               on                   on
	-dftShowReducedSchematic                           UNDEFINED            UNDEFINED
	-dftShowWaveForm                                   off                  off
	-dftTMPropThruFF                                   off                  off
	-dftTagAsync07Clock11Scan08                        off                  off
	-dftTestclockCycles                                30                   30
	-dftTreatBBoxAsScanwrapped                         off                  off
	-dftTreatControllableLatchTransparentForLoop       off                  off
	-dftTreatFlipFlopsAsScan                           off                  off
	-dftTreatLatchesAsTransparent                      off                  off
	-dftTreatResetAsTestMode                           on                   on
	-dftUUMarking                                      off                  off
	-dftUseOffStateOfClockInClockPropagation           on                   on
	-dft_ATPG_stuckAt_fault_report_path                UNDEFINED            UNDEFINED
	-dft_ATPG_stuckAt_fault_report_type                None                 None
	-dft_ac_tp_keep_celldefine_boundaries              off                  off
	-dft_all_except_no_scan_for_scan_coverage          off                  off
	-dft_all_scan_chains_defined                       yes                  yes
	-dft_allow_inactive_resets_from_ff                 on                   on
	-dft_allow_inactive_resets_from_scan_ff            on                   on
	-dft_allow_path_from_enable_to_cgc_clkout          off                  off
	-dft_allow_reconvergence_in_flat_cgc               off                  off
	-dft_allow_sequential_propagation_during_clock_simulation off                  off
	-dft_autofix_testclock_signal                      atrenta_generated_port_tclk atrenta_generated_port_tclk
	-dft_autofix_testmode_signal                       atrenta_generated_port_tm atrenta_generated_port_tm
	-dft_capture_clock_control_for_no_fault            FF                   FF
	-dft_cgc_enabling_condition_for_pre_scan_stitched_treatment enable_tied_te_cgc enable_missing_te_cgc enable_tied_te_cgc enable_missing_te_cgc
	-dft_cgc_pre_scan_stitched_treatment_only_to_tied_test_enable off                  off
	-dft_cgc_treat_missing_te_as_simple_gate           off                  off
	-dft_check_clock_scanenable_async_source_on_all_scan_cells off                  off
	-dft_check_domain_crossing_for_synchronizer_inference on                   on
	-dft_check_path_name_for_instance_suffix           off                  off
	-dft_check_path_name_for_register_suffix           off                  off
	-dft_check_pse_on_driven_scan_cells                off                  off
	-dft_check_test_mode_conflicts                     allow_match_with_X   allow_match_with_X
	-dft_clock_32_operating_mode                       cap                  cap
	-dft_clock_shaper_preserve_root                    off                  off
	-dft_clock_tree_calculate_cumulative_count         on                   on
	-dft_clock_tree_calculate_gate_count               off                  off
	-dft_clock_tree_endpoints                          FF LD MEM BB         FF LD MEM BB
	-dft_clock_tree_propagation_mode_in_summary        shift                shift
	-dft_clock_tree_show_inferred_clock_sources        off                  off
	-dft_clock_tree_trace_blocked_path                 off                  off
	-dft_collapse_equivalent_faults                    off                  off
	-dft_comb_loop_analysis_mode                       capture              capture
	-dft_combinational_loop_analysis_effort_level      1                    1
	-dft_conn_allow_same_clock_domain                  off                  off
	-dft_conn_check_ignore_info_msg                    off                  off
	-dft_conn_check_pulse_based_sensitized_path        on                   on
	-dft_conn_enable_dt_watch_storage                  off                  off
	-dft_conn_enable_multiprocess_run                  off                  off
	-dft_conn_group_show_status                        off                  off
	-dft_conn_treat_fail_as_strict_fail                off                  off
	-dft_conn_treat_pass_as_strict_pass                on                   on
	-dft_coverage_report_depth                         0                    0
	-dft_dc_enable_utp_rpt                             on                   on
	-dft_dc_tp_clock_info                              on                   on
	-dft_dc_tp_count                                   -1                   -1
	-dft_dc_tp_honor_no_test_point_for_target          all                  all
	-dft_dc_tp_ignore_tp_without_clock                 off                  off
	-dft_dc_tp_register_sharing_ratio                  0                    0
	-dft_dc_tp_rrf_percent                             -1                   -1
	-dft_dc_tp_ta_percent                              -1                   -1
	-dft_debug_scan_coverage                           off                  off
	-dft_debug_simulation_condition                    off                  off
	-dft_dedicated_wrapper_module_name_pattern         wc_d1                wc_d1
	-dft_define_tag_base_condition                     none                 none
	-dft_detect_shadow_latches                         on                   on
	-dft_disable_Info_generated_reports                off                  off
	-dft_disable_comb_loop_report_generation           off                  off
	-dft_disable_hanging_net_drivers                   off                  off
	-dft_disable_implicit_msg_group_report             off                  off
	-dft_disable_lockup_flop_detection                 off                  off
	-dft_disable_reconvergence_check_through_latch     nonT                 nonT
	-dft_disable_stop_at_flat_automation               off                  off
	-dft_disable_synchronizer_inference                off                  off
	-dft_disable_truthtable_approach                   both                 both
	-dft_display_clock_tree                            off                  off
	-dft_enable_CRG_01                                 off                  off
	-dft_enable_auto_wrapper_inference                 off                  off
	-dft_enable_bp_optimization                        on                   on
	-dft_enable_checks_for_all_cgc                     off                  off
	-dft_enable_clock_pin_for_clock_11                 off                  off
	-dft_enable_ctp_phase_info                         off                  off
	-dft_enable_expanded_Conn_09_messages              off                  off
	-dft_enable_large_event_flow                       off                  off
	-dft_enable_multiple_threads                       on                   on
	-dft_enable_netlist_for_analyzer                   off                  off
	-dft_enable_old_naming_search                      off                  off
	-dft_enable_shadow_wrapper_test_points             on                   on
	-dft_enable_single_clock_sim_in_scannability       off                  off
	-dft_enable_tcl_based_user_macro                   off                  off
	-dft_enable_test_point_flow                        off                  off
	-dft_enable_upf_configurability                    off                  off
	-dft_exclude_latch_from_scan_coverage              tpr                  tpr
	-dft_fanout_count_limit                            8                    8
	-dft_fbnr_output_port_as_blocking                  off                  off
	-dft_fbnr_treat_nonx_as_unblocked                  off                  off
	-dft_force_no_scan_impacted_registers_threshold    50                   50
	-dft_generate_design_characteristics_report        off                  off
	-dft_generate_design_data_report                   off                  off
	-dft_generate_empty_msg_group_report               on                   on
	-dft_generate_net_data_report                      off                  off
	-dft_generate_no_fault_and_add_fault_report        on                   on
	-dft_generate_robustness_audit_report              on                   on
	-dft_generate_rule_impacted_instances_report       off                  off
	-dft_generate_sgdc_internal_net_violation          off                  off
	-dft_generate_sgdc_output_port_violation           off                  off
	-dft_generate_wrp_01_expected_unwrapped_ports_info off                  off
	-dft_hold_mux_for_shared_wrapper_cells             on                   on
	-dft_identify_dest_lockup_latch                    off                  off
	-dft_identify_equivalent_faults                    off                  off
	-dft_identify_lockup_latch_only_through_buffers    on                   on
	-dft_identify_reconvergence_blocked_faults         off                  off
	-dft_ignore_constant_supply_flip_flops             off                  off
	-dft_ignore_inout_ports_as_driver                  on                   on
	-dft_ignore_test_mode_driver_for_async_as_data     off                  off
	-dft_ignore_unate_reconvergence                    on                   on
	-dft_ignore_unused_x_sources                       off                  off
	-dft_ignore_x_sources                              none                 none
	-dft_infer_clock_gating_cell                       hierarchical         hierarchical
	-dft_infer_clock_gating_cell_test_enable           TEST_ENABLE SCAN_ENABLE TEN TE T SE TEST_EN SMC TEST_ENABLE SCAN_ENABLE TEN TE T SE TEST_EN SMC
	-dft_infer_constant_supply_flops_as_no_scan        off                  off
	-dft_infer_copy_flop                               DFF DSI Q2D          DFF DSI Q2D
	-dft_infer_flop_clear                              CLR RST RSTN         CLR RST RSTN
	-dft_infer_flop_clock                              CP CLK CLOCK         CP CLK CLOCK
	-dft_infer_flop_data                               D D1 D2 D3 D4 DATA   D D1 D2 D3 D4 DATA
	-dft_infer_flop_enable                             E E1 E2 E3 E4 EN LH ENABLE DEN E E1 E2 E3 E4 EN LH ENABLE DEN
	-dft_infer_flop_preset                             PRE                  PRE
	-dft_infer_flop_scanenable                         SE SSB TE SS         SE SSB TE SS
	-dft_infer_flop_scanin                             SI TI                SI TI
	-dft_infer_mux                                     off                  off
	-dft_infer_sequential_propagation_as_no_scan       off                  off
	-dft_infer_ser_redundancy_cell_enable              off                  off
	-dft_infer_shift_registers                         off                  off
	-dft_infer_special_latch                           on                   on
	-dft_info_x_source_show_rrf_probabilities          off                  off
	-dft_latch_cnt_capture_clock_path_type             sensitizable         sensitizable
	-dft_latch_cnt_source_report_type                  both                 both
	-dft_lib_cgc_ignore_enable_polarity                on                   on
	-dft_list_latches_of_type                          off                  off
	-dft_loadable_non_scan_cells                       off                  off
	-dft_macro_add_wildcard_at_both_ends_of_filter_pattern off                  off
	-dft_mark_scan_flip_flop_observability_based_on_capture_clock off                  off
	-dft_max_files_in_a_directory                      2000                 2000
	-dft_max_flops_in_diagnose_scan_chain_violation_schematic 3                    3
	-dft_maximum_number_of_messages_with_spreadsheet   1000                 1000
	-dft_maximum_number_of_rows_with_schematic         10                   10
	-dft_no_wrap_prop_type                             sensitized           sensitized
	-dft_one_hot_clock_pulse_limit                     1                    1
	-dft_override_reconvergence_mode                   off                  off
	-dft_pos_detect_fault_analysis                     off                  off
	-dft_potential_clock_name_patterns                 clk clock            clk clock
	-dft_potential_enable_name_patterns                en rst set clr clear tmode testmode test_mode test_se en rst set clr clear tmode testmode test_mode test_se
	-dft_power_ground_signal_list                      GND GROUND POWER VCC VDD VSS GND GROUND POWER VCC VDD VSS
	-dft_reconvergence_path_limit_per_async_source     10                   10
	-dft_reconvergence_path_limit_per_clock_source     10                   10
	-dft_report_all_paths_to_reconvergence_end         off                  off
	-dft_report_cnt_obs_values                         off                  off
	-dft_report_extra_sources                          off                  off
	-dft_report_flat_one_dimensional_name_in_pinwise_fault_report off                  off
	-dft_report_only_buffered_path_to_port_for_clock   off                  off
	-dft_report_path_to_port_for_clock_shaper          off                  off
	-dft_report_testmode_blocked_faults                off                  off
	-dft_require_value_disallow_leading_x              off                  off
	-dft_require_value_offset_bits                     0                    0
	-dft_reset_pin_blockage_computation_only_based_on_other_async_pins off                  off
	-dft_retain_all_hier_boundary                      off                  off
	-dft_retain_tick_cell_define_boundary              off                  off
	-dft_rule_list_allow_max_number_of_rows_with_schematic UNDEFINED            UNDEFINED
	-dft_rule_list_for_msg_group_report                all                  all
	-dft_scan_chain_buf_inv_max_count                  -1                   -1
	-dft_scan_chain_segment_treat_cell_as_bbox         on                   on
	-dft_scannable_latches                             off                  off
	-dft_set_probability_analysis_precision            double               double
	-dft_set_scan_wrap_on_memory                       on                   on
	-dft_set_thread_count                              8                    8
	-dft_set_thread_life                               analysis             analysis
	-dft_severity_list_for_msg_group_report            all                  all
	-dft_show_rule_name_in_audit                       on                   on
	-dft_show_scan_clock_tree                          2                    2
	-dft_show_schematic_info_in_coverage_audit         off                  off
	-dft_show_spreadsheet_path_in_message              on                   on
	-dft_signal_list_for_msg_group_report              all                  all
	-dft_skip_shared_wrappers_for_wrp_01               off                  off
	-dft_skip_test_adv_license_check                   off                  off
	-dft_stil2sgdc_capture_clock_group_name            Capture_Clock_Alias  Capture_Clock_Alias
	-dft_stil2sgdc_large_event_flow                    on                   on
	-dft_stil2sgdc_report_fatal_as_error               off                  off
	-dft_stil2sgdc_shift_clock_group_name              Shift_Clock_Alias    Shift_Clock_Alias
	-dft_stop_simulation_at_mux_with_unknown_select    off                  off
	-dft_store_tcl_query_data                          sg_shell             sg_shell
	-dft_strict_latch_cnt_source_check                 off                  off
	-dft_suggest_potential_constraints                 off                  off
	-dft_support_flip_flop_bank                        on                   on
	-dft_support_special_flops                         on                   on
	-dft_sw_tp_only_exclude_user_no_tp                 off                  off
	-dft_synthesis_view_expand_macros                  off                  off
	-dft_target_stuck_at_fault_coverage                0                    0
	-dft_target_stuck_at_test_coverage                 0                    0
	-dft_testmode_macros_obj_type                      net                  net
	-dft_tmax_compatibility                            off                  off
	-dft_tmm_flow_encryption_enable                    off                  off
	-dft_tp_allowed_cnt_path_depth                     0                    0
	-dft_tp_allowed_obs_path_depth                     0                    0
	-dft_tp_allowed_path_depth                         0                    0
	-dft_tp_auto_exclusion                             off                  off
	-dft_tp_cg_enable_credit                           off                  off
	-dft_tp_enable_target_tag                          off                  off
	-dft_tp_exclude_type                               none                 none
	-dft_tp_for_core_wrapped_designs                   off                  off
	-dft_tp_for_core_wrapped_partitions                off                  off
	-dft_tp_for_port                                   off                  off
	-dft_tp_honor_udtp                                 on                   on
	-dft_tp_ignore_hier_nets                           on                   on
	-dft_tp_report_dc_name                             off                  off
	-dft_tp_restrict_to_fault_space                    off                  off
	-dft_treat_controlling_value_as_unblocked          off                  off
	-dft_treat_memory_as_leaf_cell                     on                   on
	-dft_treat_primary_inputs_as_x_source              off                  off
	-dft_treat_primary_outputs_as_unobservable         off                  off
	-dft_treat_primary_port_as_valid_clock_point_for_cgc_check off                  off
	-dft_treat_scanin_as_stop_point                    off                  off
	-dft_treat_suffix_as_pattern                       off                  off
	-dft_treat_synth_opt_nodes_as_no_fault             tmax_compatibility   tmax_compatibility
	-dft_use_cumulative_fault_status                   off                  off
	-dft_use_driver_name_in_msg                        off                  off
	-dft_use_fsdb_for_test_setup                       off                  off
	-dft_use_n_cycle_capture                           1                    1
	-dft_use_n_cycle_scanshift                         1                    1
	-dft_use_net_name_for_scan_chain_signature         off                  off
	-dft_use_one_hot_clock_pulse                       off                  off
	-dft_use_simulation_based_unblocked_path_check_for_scan_chain_tracing off                  off
	-dft_use_specified_and_inferred_clocks             off                  off
	-dft_use_stable_simulation_conditions              off                  off
	-dft_use_string_based_bus_merge_in_latch_01        off                  off
	-dft_wait_for_parent                               off                  off
	-dft_waive_upf_rule_list                           UNDEFINED            UNDEFINED
	-dft_wrapper_analysis_mode                         topo                 topo
	-dft_wrapper_enable_regr_run                       off                  off
	-dft_wrapper_force_user_type                       off                  off
	-dft_wrapper_treat_control_pin_as_stop_point       off                  off
	-dft_wrapper_treat_latch_as_stop_point             on                   on
	-dft_xs_tp_min_capture_points                      1                    1
	-faultAnnotation                                   off                  off
	-force_genclk_for_txv                              no                   no
	-fusa_sff_file_path                                fusa_no_path         fusa_no_path
	-ignoreBlackBoxDuringSimulation                    off                  off
	-ignoreBlackBoxDuringTestability                   off                  off
	-library_gen_clock_naming                          yes                  yes
	-netlist_clock_polarity                            yes                  yes
	-populate_comboelements_for_minmax_in_fromto       no                   no
	-post_clock_group_population                       no                   no
	-preserve_path                                     no                   no
	-pt                                                yes                  yes
	-showPowerGroundValue                              on                   on
	-show_all_sdc_violations                           no                   no
	-show_sdc_progress                                 no                   no
	-suppress_sdc_violation_in_abstract                no                   no
	-tc_cache_empty_collections                        no                   no
	-tc_disable_caching                                no                   no
	-tc_disable_ignored_command_dump                   yes                  yes
	-tc_enable_sdc_393                                 no                   no
	-tc_ignored_commands                               unspecified          unspecified
	-tc_stop_parsing_ignored_commands                  yes                  yes
	-truncate_through                                  yes                  yes
	-useFirstSource                                    off                  off
	-write_sdc                                         no                   no
=====================================================================================



=====================================================================================
                               Rule Status Table

 RULE-NAME                      POLICY-NAME     ENABLED VIOL-CNT RULE-TYPE   ERROR-MSG         
=====================================================================================
 BIST_02                        dft             No             - FLATDU2_PRD_WL   -               
 Topology_18                    dft             No             - FLATDU2_PRD_WL   -               
 WRP_03                         dft             No             - FLATDU2_PRD_WL   -               
 WRP_02                         dft             No             - FLATDU2_PRD_WL   -               
 WRP_01                         dft             No             - FLATDU2_PRD_WL   -               
 Tristate_18                    dft             No             - FLATDU2_PRD_WL   -               
 Tristate_17                    dft             No             - FLATDU2_PRD_WL   -               
 Tristate_16                    dft             No             - FLATDU2_PRD_WL   -               
 Tristate_15                    dft             No             - FLATDU2_PRD_WL   -               
 Tristate_14                    dft             No             - FLATDU2_PRD_WL   -               
 Tristate_13                    dft             No             - FLATDU2_PRD_WL   -               
 Tristate_12                    dft             No             - FLATDU2_PRD_WL   -               
 Tristate_11                    dft             No             - FLATDU2_PRD_WL   -               
 Tristate_10                    dft             No             - FLATDU2_PRD_WL   -               
 Tristate_09                    dft             No             - FLATDU2_PRD_WL   -               
 Tristate_08_shift              dft             No             - FLATDU2_PRD_WL   -               
 Tristate_08_capture            dft             No             - FLATDU2_PRD_WL   -               
 Tristate_07_shift              dft             No             - FLATDU2_PRD_WL   -               
 Tristate_07_capture            dft             No             - FLATDU2_PRD_WL   -               
 Tristate_06                    dft             No             - FLATDU2_PRD_WL   -               
 Tristate_05                    dft             No             - FLATDU2_PRD_WL   -               
 Tristate_04_shift              dft             No             - FLATDU2_PRD_WL   -               
 Tristate_04_capture            dft             No             - FLATDU2_PRD_WL   -               
 Tristate_03                    dft             No             - FLATDU2_PRD_WL   -               
 Tristate_01                    dft             No             - FLATDU2_PRD_WL   -               
 Topology_17                    dft             No             - FLATDU2_PRD_WL   -               
 Topology_16                    dft             No             - FLATDU2_PRD_WL   -               
 Topology_15                    dft             No             - FLATDU2_PRD_WL   -               
 Topology_14                    dft             No             - FLATDU2_PRD_WL   -               
 Topology_13                    dft             No             - FLATDU2_PRD_WL   -               
 Topology_12                    dft             No             - FLATDU2_PRD_WL   -               
 Topology_11                    dft             No             - FLATDU2_PRD_WL   -               
 Topology_10                    dft             No             - FLATDU2_PRD_WL   -               
 Topology_09                    dft             No             - FLATDU2_PRD_WL   -               
 Topology_07_flat               dft             No             - FLATDU2_PRD_WL   -               
 Topology_05                    dft             No             - FLATDU2_PRD_WL   -               
 Topology_04                    dft             No             - FLATDU2_PRD_WL   -               
 Topology_03                    dft             No             - FLATDU2_PRD_WL   -               
 Topology_02                    dft             No             - FLATDU2_PRD_WL   -               
 Topology_01                    dft             No             - FLATDU2_PRD_WL   -               
 TA_10                          dft             No             - FLATDU2_PRD_WL   -               
 TA_09                          dft             No             - FLATDU2_PRD_WL   -               
 TA_08                          dft             No             - FLATDU2_PRD_WL   -               
 TA_07                          dft             No             - FLATDU2_PRD_WL   -               
 TA_06                          dft             No             - FLATDU2_PRD_WL   -               
 TA_02                          dft             No             - FLATDU2_PRD_WL   -               
 TA_01                          dft             No             - FLATDU2_PRD_WL   -               
 Scan_60                        dft             No             - FLATDU2_PRD_WL   -               
 Scan_55                        dft             No             - FLATDU2_PRD_WL   -               
 Scan_54                        dft             No             - FLATDU2_PRD_WL   -               
 Scan_53                        dft             No             - FLATDU2_PRD_WL   -               
 Scan_52                        dft             No             - FLATDU2_PRD_WL   -               
 Scan_51                        dft             No             - FLATDU2_PRD_WL   -               
 Scan_50                        dft             No             - FLATDU2_PRD_WL   -               
 Scan_11                        dft             No             - FLATDU2_PRD_WL   -               
 Scan_49                        dft             No             - FLATDU2_PRD_WL   -               
 Scan_48                        dft             No             - FLATDU2_PRD_WL   -               
 Scan_47                        dft             No             - FLATDU2_PRD_WL   -               
 Scan_46                        dft             No             - FLATDU2_PRD_WL   -               
 Scan_45                        dft             No             - FLATDU2_PRD_WL   -               
 Scan_44                        dft             No             - FLATDU2_PRD_WL   -               
 Scan_43                        dft             No             - FLATDU2_PRD_WL   -               
 Scan_42                        dft             No             - FLATDU2_PRD_WL   -               
 Scan_41                        dft             No             - FLATDU2_PRD_WL   -               
 Scan_40                        dft             No             - FLATDU2_PRD_WL   -               
 Scan_39                        dft             No             - FLATDU2_PRD_WL   -               
 Scan_38                        dft             No             - FLATDU2_PRD_WL   -               
 Scan_36                        dft             No             - FLATDU2_PRD_WL   -               
 Scan_35                        dft             No             - FLATDU2_PRD_WL   -               
 Scan_34                        dft             No             - FLATDU2_PRD_WL   -               
 Scan_33                        dft             No             - FLATDU2_PRD_WL   -               
 Scan_32                        dft             No             - FLATDU2_PRD_WL   -               
 Scan_31                        dft             No             - FLATDU2_PRD_WL   -               
 Scan_30                        dft             No             - FLATDU2_PRD_WL   -               
 Scan_29                        dft             No             - FLATDU2_PRD_WL   -               
 Scan_28                        dft             No             - FLATDU2_PRD_WL   -               
 Scan_27                        dft             No             - FLATDU2_PRD_WL   -               
 Scan_26                        dft             No             - FLATDU2_PRD_WL   -               
 Scan_25                        dft             No             - FLATDU2_PRD_WL   -               
 Scan_24                        dft             No             - FLATDU2_PRD_WL   -               
 Scan_23                        dft             No             - FLATDU2_PRD_WL   -               
 Scan_22                        dft             No             - FLATDU2_PRD_WL   -               
 Scan_21                        dft             No             - FLATDU2_PRD_WL   -               
 Scan_20                        dft             No             - FLATDU2_PRD_WL   -               
 Scan_19                        dft             No             - FLATDU2_PRD_WL   -               
 Scan_18                        dft             No             - FLATDU2_PRD_WL   -               
 Scan_17                        dft             No             - FLATDU2_PRD_WL   -               
 Scan_16                        dft             No             - FLATDU2_PRD_WL   -               
 Scan_08                        dft             No             - FLATDU2_PRD_WL   -               
 Scan_07                        dft             No             - FLATDU2_PRD_WL   -               
 Scan_06                        dft             No             - FLATDU2_PRD_WL   -               
 RAM_11                         dft             No             - FLATDU2_PRD_WL   -               
 RAM_10                         dft             No             - FLATDU2_PRD_WL   -               
 RAM_09                         dft             No             - FLATDU2_PRD_WL   -               
 RAM_08                         dft             No             - FLATDU2_PRD_WL   -               
 RAM_07                         dft             No             - FLATDU2_PRD_WL   -               
 RAM_06                         dft             No             - FLATDU2_PRD_WL   -               
 RAM_05                         dft             No             - FLATDU2_PRD_WL   -               
 RAM_04                         dft             No             - FLATDU2_PRD_WL   -               
 RAM_03                         dft             No             - FLATDU2_PRD_WL   -               
 RAM_02                         dft             No             - FLATDU2_PRD_WL   -               
 RAM_01                         dft             No             - FLATDU2_PRD_WL   -               
 Power_01                       dft             No             - FLATDU2_PRD_WL   -               
 Info_latchMapping              dft             No             - FLATDU2_PRD_WL   -               
 Info_latch                     dft             No             - FLATDU2_PRD_WL   -               
 Latch_19                       dft             No             - FLATDU2_PRD_WL   -               
 Latch_18                       dft             No             - FLATDU2_PRD_WL   -               
 Latch_16                       dft             No             - FLATDU2_PRD_WL   -               
 Latch_15                       dft             No             - FLATDU2_PRD_WL   -               
 Latch_10                       dft             No             - FLATDU2_PRD_WL   -               
 Latch_08                       dft             No             - FLATDU2_PRD_WL   -               
 Latch_06                       dft             No             - FLATDU2_PRD_WL   -               
 Latch_04                       dft             No             - FLATDU2_PRD_WL   -               
 Latch_02                       dft             No             - FLATDU2_PRD_WL   -               
 Latch_01                       dft             No             - FLATDU2_PRD_WL   -               
 HT_03                          dft             No             - FLATDU2_PRD_WL   -               
 HT_02                          dft             No             - FLATDU2_PRD_WL   -               
 HT_01                          dft             No             - FLATDU2_PRD_WL   -               
 Conn_12                        dft             No             - FLATDU2_PRD_WL   -               
 Conn_11                        dft             No             - FLATDU2_PRD_WL   -               
 Soc_12                         dft             No             - FLATDU2_PRD_WL   -               
 Soc_11                         dft             No             - FLATDU2_PRD_WL   -               
 Info_define_tag                dft             No             - FLATDU2_PRD_WL   -               
 Conn_19                        dft             No             - FLATDU2_PRD_WL   -               
 Conn_22                        dft             No             - FLATDU2_PRD_WL   -               
 Conn_21                        dft             No             - FLATDU2_PRD_WL   -               
 Conn_20                        dft             No             - FLATDU2_PRD_WL   -               
 Conn_18                        dft             No             - FLATDU2_PRD_WL   -               
 Conn_17                        dft             No             - FLATDU2_PRD_WL   -               
 Conn_16                        dft             No             - FLATDU2_PRD_WL   -               
 Conn_15                        dft             No             - FLATDU2_PRD_WL   -               
 Conn_14                        dft             No             - FLATDU2_PRD_WL   -               
 Conn_10                        dft             No             - FLATDU2_PRD_WL   -               
 Conn_09                        dft             No             - FLATDU2_PRD_WL   -               
 Conn_08                        dft             No             - FLATDU2_PRD_WL   -               
 Conn_07                        dft             No             - FLATDU2_PRD_WL   -               
 Conn_02                        dft             No             - FLATDU2_PRD_WL   -               
 Conn_01                        dft             No             - FLATDU2_PRD_WL   -               
 CR_06                          dft             No             - FLATDU2_PRD_WL   -               
 CR_05                          dft             No             - SETUP          -               
 CR_04                          dft             No             - SETUP          -               
 CR_03                          dft             No             - SETUP          -               
 CR_02                          dft             No             - SETUP          -               
 CR_01                          dft             No             - SETUP          -               
 Soc_14                         dft             No             - FLATDU2_PRD_WL   -               
 Soc_10                         dft             No             - FLATDU2_PRD_WL   -               
 Soc_09                         dft             No             - FLATDU2_PRD_WL   -               
 Soc_08                         dft             No             - FLATDU2_PRD_WL   -               
 Soc_07_Info                    dft             No             - FLATDU2_PRD_WL   -               
 Soc_07                         dft             No             - FLATDU2_PRD_WL   -               
 Soc_06                         dft             No             - VSTOPDU        -               
 Soc_04                         dft             No             - FLATDU2_PRD_WL   -               
 Soc_02_Info                    dft             No             - FLATDU2_PRD_WL   -               
 Soc_02                         dft             No             - FLATDU2_PRD_WL   -               
 Soc_01_Info                    dft             No             - FLATDU2_PRD_WL   -               
 Soc_01                         dft             No             - FLATDU2_PRD_WL   -               
 Soc_00                         dft             No             - FLATDU2_PRD_WL   -               
 Soc_05                         dft             No             - FLATDU2_PRD_WL   -               
 Clock_34                       dft             No             - FLATDU2_PRD_WL   -               
 Clock_33                       dft             No             - FLATDU2_PRD_WL   -               
 Clock_32                       dft             No             - FLATDU2_PRD_WL   -               
 Clock_31                       dft             No             - FLATDU2_PRD_WL   -               
 Clock_30                       dft             No             - FLATDU2_PRD_WL   -               
 Clock_29                       dft             No             - FLATDU2_PRD_WL   -               
 Clock_28                       dft             No             - FLATDU2_PRD_WL   -               
 Clock_27                       dft             No             - FLATDU2_PRD_WL   -               
 Clock_25                       dft             No             - FLATDU2_PRD_WL   -               
 Clock_24                       dft             No             - FLATDU2_PRD_WL   -               
 Clock_23                       dft             No             - FLATDU2_PRD_WL   -               
 Clock_22                       dft             No             - FLATDU2_PRD_WL   -               
 Clock_21                       dft             No             - FLATDU2_PRD_WL   -               
 Clock_18                       dft             No             - FLATDU2_PRD_WL   -               
 Clock_17                       dft             No             - FLATDU2_PRD_WL   -               
 Clock_16                       dft             No             - FLATDU2_PRD_WL   -               
 Clock_14                       dft             No             - FLATDU2_PRD_WL   -               
 Clock_10                       dft             No             - FLATDU2_PRD_WL   -               
 Clock_09                       dft             No             - FLATDU2_PRD_WL   -               
 Clock_08                       dft             No             - FLATDU2_PRD_WL   -               
 Clock_05                       dft             No             - FLATDU2_PRD_WL   -               
 Clock_04                       dft             No             - FLATDU2_PRD_WL   -               
 Clock_03                       dft             No             - FLATDU2_PRD_WL   -               
 Clock_02                       dft             No             - FLATDU2_PRD_WL   -               
 Clock_01                       dft             No             - FLATDU2_PRD_WL   -               
 BIST_05                        dft             No             - FLATDU2_PRD_WL   -               
 BIST_04                        dft             No             - FLATDU2_PRD_WL   -               
 BIST_03                        dft             No             - FLATDU2_PRD_WL   -               
 BIST_01                        dft             No             - FLATDU2_PRD_WL   -               
 Async_18                       dft             No             - FLATDU2_PRD_WL   -               
 Async_17                       dft             No             - FLATDU2_PRD_WL   -               
 Async_16                       dft             No             - FLATDU2_PRD_WL   -               
 Async_15                       dft             No             - FLATDU2_PRD_WL   -               
 Async_13                       dft             No             - FLATDU2_PRD_WL   -               
 Async_12                       dft             No             - FLATDU2_PRD_WL   -               
 Async_11                       dft             No             - FLATDU2_PRD_WL   -               
 Async_10                       dft             No             - FLATDU2_PRD_WL   -               
 Async_09                       dft             No             - FLATDU2_PRD_WL   -               
 Async_07Lssd                   dft             No             - FLATDU2_PRD_WL   -               
 Async_06                       dft             No             - FLATDU2_PRD_WL   -               
 Async_05                       dft             No             - FLATDU2_PRD_WL   -               
 Async_04                       dft             No             - FLATDU2_PRD_WL   -               
 Async_03                       dft             No             - FLATDU2_PRD_WL   -               
 Async_02_shift                 dft             No             - FLATDU2_PRD_WL   -               
 Async_02_capture               dft             No             - FLATDU2_PRD_WL   -               
 Async_01                       dft             No             - FLATDU2_PRD_WL   -               
 Info_wrapper_logic             dft             No             - FLATDU2_PRD_WL   -               
 Info_dBist                     dft             No             - FLATDU2_PRD_WL   -               
 Info_blackboxDriver            dft             No             - FLATDU2_PRD_WL   -               
 Info_addFault                  dft             No             - FLATDU2_PRD_WL   -               
 Info_stilFile                  dft             No             - FLATDU2_PRD_WL   -               
 Info_scanchain                 dft             No             - FLATDU2_PRD_WL   -               
 Info_noFault                   dft             No             - FLATDU2_PRD_WL   -               
 Info_memories                  dft             No             - FLATDU2_PRD_WL   -               
 Info_memoryforce               dft             No             - FLATDU2_PRD_WL   -               
 Info_memorywritedisable        dft             No             - FLATDU2_PRD_WL   -               
 dftSGDCSTX_081                 dft             No             - VSTOPDU        -               
 Info_unstable_testmode_registers dft             No             - FLATDU2_PRD_WL   -               
 Info_test_points               dft             No             - FLATDU2_PRD_WL   -               
 Info_undetectCause             dft             No             - FLATDU2_PRD_WL   -               
 Info_coverageAtGateLevel       dft             No             - FLATDU2_PRD_WL   -               
 Info_potDetectable             dft             No             - FLATDU2_PRD_WL   -               
 Info_logicalRedundant          dft             No             - FLATDU2_PRD_WL   -               
 Info_unobservable              dft             No             - FLATDU2_PRD_WL   -               
 Info_pwrGndSim                 dft             No             - FLATDU2_PRD_WL   -               
 Info_path                      dft             No             - FLATDU2_PRD_WL   -               
 Info_uncontrollable            dft             No             - FLATDU2_PRD_WL   -               
 Info_unused                    dft             No             - FLATDU2_PRD_WL   -               
 Info_synthRedundant            dft             No             - FLATDU2_PRD_WL   -               
 Info_selective_test_point      dft             No             - FLATDU2_PRD_WL   -               
 Info_levelize                  dft             No             - FLATDU2_PRD_WL   -               
 CreateDebugSGDC                dft             No             - FLATDU2_PRD_WL   -               
 dumpBlackBox                   dft             No             - FLATDU2_PRD_WL   -               
 dftMultiplyDrivenPowerRail     dft             No             - FLATDU2_PRD_WL   -               
 dftSGDCSTX_059                 dft             No             - FLATDU2_PRD_WL   -               
 Clock_06                       dft             No             - VSTOPDU        -               
 Topology_07_rtl      (Verilog) dft             No             - RTLTOPDU       -               
 dftSGDCExistence_00            dft             No             - RTLALLDULIST   -               
 dftSGDCSTX_058                 dft             No             - SETUP          -               
 dftAutoFixSelective            dft             No             - FLATDU2_PRD_WL   -               
 dftFLATDU_RFExit               dft             Yes            0 FLATDU2_PRD_WL   -               
 Info_generated_reports         dft             Yes            1 FLATDU2_PRD_WL   -               
 Coverage_audit                 dft             Yes           11 FLATDU2_PRD_WL   -               
 Info_dft_deprecated            dft             Yes            0 FLATDU2_PRD_WL   -               
 Info_DftDebugData              dft             Yes            1 FLATDU2_PRD_WL   -               
 dftSGDCSTX_083                 dft             Yes            0 SETUP          -               
 dftSGDCSTX_082                 dft             Yes            0 SETUP          -               
 dftSGDCSTX_080                 dft             Yes            0 SETUP          -               
 dftSGDCSTX_079                 dft             Yes            0 SETUP          -               
 dftSGDCSTX_078                 dft             Yes            0 SETUP          -               
 dftSGDCSTX_077                 dft             Yes            0 SETUP          -               
 dftSGDCSTX_076                 dft             Yes            0 SETUP          -               
 dftSGDCSTX_074                 dft             Yes            0 SETUP          -               
 dftSGDCSTX_072                 dft             Yes            0 SETUP          -               
 dftSGDCSTX_068                 dft             Yes            0 SETUP          -               
 dftSGDCSTX_067                 dft             Yes            0 SETUP          -               
 dftSGDCSTX_066                 dft             Yes            0 SETUP          -               
 dftSGDCSTX_065                 dft             Yes            0 SETUP          -               
 dftSGDCSTX_064                 dft             Yes            0 FLATDU2_PRD_WL   -               
 dftUserMacroSanityCheck_01     dft             Yes            0 FLATDU2_PRD_WL   -               
 dftSGDCSTX_063                 dft             Yes            0 SETUP          -               
 dftSGDCSTX_062                 dft             Yes            0 SETUP          -               
 dftSGDCSTX_057                 dft             Yes            0 FLATDU2_PRD_WL   -               
 dftSGDCSTX_055                 dft             Yes            0 SETUP          -               
 dftSGDCSTX_054                 dft             Yes            0 SETUP          -               
 dftSGDCSTX_053                 dft             Yes            0 SETUP          -               
 dftSGDCSTX_051                 dft             Yes            0 SETUP          -               
 Clock_26                       dft             Yes            0 FLATDU2_PRD_WL   -               
 Clock_11_capture               dft             Yes            0 FLATDU2_PRD_WL   -               
 Clock_11                       dft             Yes            0 FLATDU2_PRD_WL   -               
 Async_08                       dft             Yes            0 FLATDU2_PRD_WL   -               
 Async_07                       dft             Yes            0 FLATDU2_PRD_WL   -               
 Info_scanwrap                  dft             Yes            2 FLATDU2_PRD_WL   -               
 Info_stil_to_sgdc              dft             Yes            0 SETUP          -               
 Info_inferredNoScan            dft             Yes            1 FLATDU2_PRD_WL   -               
 Info_forcedScan                dft             Yes            1 FLATDU2_PRD_WL   -               
 Info_noScan                    dft             Yes            1 FLATDU2_PRD_WL   -               
 Info_testclock                 dft             Yes            2 FLATDU2_PRD_WL   -               
 Info_testmode_conflict_01      dft             Yes            0 FLATDU2_PRD_WL   -               
 Info_testmode                  dft             Yes            2 FLATDU2_PRD_WL   -               
 Info_coverage                  dft             Yes            1 FLATDU2_PRD_WL   -               
 Info_untestable                dft             Yes            1 FLATDU2_PRD_WL   -               
 Diagnose_testclock             dft             Yes            2 FLATDU2_PRD_WL   -               
 Diagnose_testmode              dft             Yes            2 FLATDU2_PRD_WL   -               
 Diagnose_ScanChain             dft             Yes            0 FLATDU2_PRD_WL   -               
 dftParamCheck_02               dft             Yes            0 SETUP          -               
 dftParamCheck_01               dft             Yes            0 SETUP          -               
 dftParamCheck_00               dft             Yes            0 SETUP          -               
 dftSGDCSTX_075                 dft             Yes            0 SETUP          -               
 dftSGDCSTX_071                 dft             Yes            0 FLATDU2_PRD_WL   -               
 dftSGDCSTX_070                 dft             Yes            0 FLATDU2_PRD_WL   -               
 dftSGDCDefineMacroCheck_02     dft             Yes            0 FLATDU2_PRD_WL   -               
 dftFLATDU_RFSetUp              dft             Yes            0 FLATDU2_PRD_WL   -               
 dftSGDCSTX_069                 dft             Yes            0 FLATDU2_PRD_WL   -               
 dftSGDCSTX_061                 dft             Yes            0 FLATDU2_PRD_WL   -               
 dftSGDCSTX_060                 dft             Yes            0 FLATDU2_PRD_WL   -               
 dftSGDCCheck_01                dft             Yes            0 FLATDU2_PRD_WL   -               
 dftVSTOPDUExit                 dft             Yes            0 VSTOPDU        -               
 dftVSTOPDUSetUp                dft             Yes            0 VSTOPDU        -               
 dftRTLTOPDUExit                dft             Yes            0 RTLTOPDU       -               
 dftOptional_Constraint_Check   dft             Yes            1 VSTOPDU        -               
 dftMandatory_Constraint_Check  dft             Yes            0 VSTOPDU        -               
 dftRTLTOPDUSetUp               dft             Yes            0 RTLTOPDU       -               
 dftCumulativeFaultStatusFileCheck dft             Yes            0 SETUP          -               
 dftSGDCSTX_073                 dft             Yes            0 SETUP          -               
 dftSGDCSTX_000                 dft             Yes            0 SETUP          -               
 dftSFFCheck_00                 dft             Yes            0 SETUP          -               
 dftSGDCCheck_00                dft             Yes            0 SETUP          -               
 dftSGDCDefineMacroCheck_01     dft             Yes            0 SETUP          -               
 DFT_LP_LIB_DATA                dft             Yes            0 VSTOPDU        -               
 DFT_LP_POWERDATA_CHECK         dft             Yes            0 SETUP          -               
 dftSetup                       dft             Yes            0 SETUP          -               
 ElabSummary                    SpyGlass        Yes            1 SETUP          -               
 DetectTopDesignUnits           SpyGlass        Yes            1 SETUP          -               
-------------------------------------------------------------------------------------
Note: VSDU type of rules (as seen in the above table) are not run on
      unsynthesized modules reported by 'ErrorAnalyzeBBox/InfoAnalyzeBBox' messages
      (Please see messages starting with keyword 'UnsynthesizedDU')

##status : SpyGlass Rule Checking Complete.

---------------------------------------------------------------------------------------------
Results Summary:
---------------------------------------------------------------------------------------------
   Goal Run           :      dft/dft_scan_ready
   Command-line read  :      0 error,      0 warning,      0 information message 
   Design Read        :      0 error,      0 warning,      2 information messages
      Found 1 top module:
         top_santiago_cpu   (file: ../../inp_data/rtl/top.sv)

   Blackbox Resolution:      0 error,      0 warning,      0 information message 
   SGDC Checks        :      0 error,      0 warning,      0 information message 
   Policy dft         :      0 error,      0 warning,     29 information messages
   -------------------------------------------------------------------------------------
   Total              :      0 error,      0 warning,     31 information messages

  Total Number of Generated Messages     :        31 (0 error, 0 warning, 31 Infos)
  Number of Reported Messages            :        31 (0 error, 0 warning, 31 Infos)

---------------------------------------------------------------------------------------------



SpyGlass Rule Checking Complete.

Generating moresimple report from './sg_results/santiago/top_santiago_cpu/dft/dft_scan_ready/spyglass.vdb' to './sg_results/santiago/top_santiago_cpu/dft/dft_scan_ready/spyglass_reports/moresimple.rpt' ....

Generating runsummary report from './sg_results/santiago/top_santiago_cpu/dft/dft_scan_ready/spyglass.vdb' ....

Generating no_msg_reporting_rules report from './sg_results/santiago/top_santiago_cpu/dft/dft_scan_ready/spyglass.vdb' to './sg_results/santiago/top_santiago_cpu/dft/dft_scan_ready/spyglass_reports/no_msg_reporting_rules.rpt' ....

Policy specific data (reports) are present in the directory './sg_results/santiago/top_santiago_cpu/dft/dft_scan_ready/spyglass_reports'.

SpyGlass critical reports for the current run are present in directory './sg_results/santiago/consolidated_reports/top_santiago_cpu_dft_dft_scan_ready/'.


---------------------------------------------------------------------------------------------------
Results Summary:
---------------------------------------------------------------------------------------------------
   Goal Run           :      dft/dft_scan_ready
   Top Module         :      top_santiago_cpu
---------------------------------------------------------------------------------------------------
   Reports Directory: 
   /home/mic63/ulisses.maffazioli/dft-labs/proj/santiago_cpu/0_synopsys_saed32_flow/_dft/2_netlist/sg_results/santiago/consolidated_reports/top_santiago_cpu_dft_dft_scan_ready/ 

   SpyGlass LogFile: 
    /home/mic63/ulisses.maffazioli/dft-labs/proj/santiago_cpu/0_synopsys_saed32_flow/_dft/2_netlist/sg_results/santiago/top_santiago_cpu/dft/dft_scan_ready/spyglass.log 

   Standard Reports: 
     moresimple.rpt          no_msg_reporting_rules.rpt       

   HTML report:
    /home/mic63/ulisses.maffazioli/dft-labs/proj/santiago_cpu/0_synopsys_saed32_flow/_dft/2_netlist/sg_results/santiago/html_reports/goals_summary.html
  

   Technology Reports:    DFT
     stuck_at_coverage.rpt          stuck_at_coverage_audit.rpt        
   
---------------------------------------------------------------------------------------------------
   Goal Violation Summary:
       Waived   Messages:                      0 Errors,      0 Warnings,      0 Infos
       Reported Messages:         0 Fatals,    0 Errors,      0 Warnings,     31 Infos
---------------------------------------------------------------------------------------------------
   
   Technology Summary: DFT( DFT Scan Summary )   
       Initial Fault Coverage= 99.8%
       Initial Test Coverage= 99.8%
---------------------------------------------------------------------------------------------------
 
SpyGlass Exit Code 0 (Rule-checking completed without errors or warnings)
SpyGlass total run-time is 12:02:05 (43325 secs)
SpyGlass total goal run-time is 00:00:05 (5 secs)
SpyGlass total cpu-time is 2 secs
SpyGlass run completed at 03:48:41 PM on Jul 12 2026
