
################################################################################
#
# This file has been generated by SpyGlass:
#     Report Name      : moresimple
#     Report Created by: ulisses.maffazioli
#     Report Created on:  Mon Jul 13 11:36:57 2026
#     Working Directory: /home/mic63/ulisses.maffazioli/dft-labs/proj/santiago_cpu/0_synopsys_saed32_flow/dft/advisor_flow_naive
#     SpyGlass Version : SpyGlass_vW-2024.09-SP2-8
#     Policy Name      : SpyGlass(SpyGlass_vW-2024.09-SP2-08)
#                        dft(SpyGlass_vW-2024.09-SP2-08)
#                        dft_dsm(SpyGlass_vW-2024.09-SP2-08)
#
#     Total Number of Generated Messages :          8
#     Number of Waived Messages          :          0
#     Number of Reported Messages        :          8
#     Number of Overlimit Messages       :          0
#
#
################################################################################

+++++++++++++++++++++++++++++++++++++++++++++++++++++++++++++++++++++++
MORESIMPLE REPORT:


############### BuiltIn -> RuleGroup=Design Read ###############
+++++++++++++++++++++++++++++++++++++++++++++++++++++++++++++++++++++++++++++++++++++++
ID       Rule                    Alias                   Severity    File                                                                                                 Line    Wt    Message
======================================================================================
[1]      DetectTopDesignUnits    DetectTopDesignUnits    Info        ./inp_data/rtl/top_seq.v                                                                             1       2     Module top is a top level design unit
[0]      ElabSummary             ElabSummary             Info        ./out_data/naive_seq/top/dft/dft_dsm_random_resistance/spyglass_reports/SpyGlass/elab_summary.rpt    0       2     Please refer file './out_data/naive_seq/top/dft/dft_dsm_random_resistance/spyglass_reports/SpyGlass/elab_summary.rpt' for elab summary report
+++++++++++++++++++++++++++++++++++++++++++++++++++++++++++++++++++++++++++++++++++++++


############### Non-BuiltIn -> Goal=dft/dft_dsm_random_resistance ###############
+++++++++++++++++++++++++++++++++++++++++++++++++++++++++++++++++++++++++++++++++++++++
ID       Rule                      Alias                     Severity    File                                                                                                                    Line    Wt    Message
======================================================================================
[6]      Info_DftDebugData         Info_DftDebugData         Info        ./inp_data/rtl/top_seq.v                                                                                                1       1     DFT data for design block 'top'
[12]     Info_generated_reports    Info_generated_reports    Info        ./out_data/naive_seq/top/dft/dft_dsm_random_resistance/spyglass_reports/dft/dft_generated_dc_constraints.tcl            0       10    Report file './out_data/naive_seq/top/dft/dft_dsm_random_resistance/spyglass_reports/dft/dft_generated_dc_constraints.tcl' successfully generated for design 'top'. Contains dc constraints for setting dft signals.
[2]      Info_random_resistance    Info_random_resistance    Info        ./inp_data/rtl/top_seq.v                                                                                                1       10    Random pattern stuck_at coverage estimate for design 'top': fault_coverage = 100.0% and test_coverage = 100.0%
[3]      Info_random_resistance    Info_random_resistance    Info        ./inp_data/rtl/top_seq.v                                                                                                1       10    '0' Faults with lowest '0' probability of detection bucket IDs are displayed for design 'top'
[4]      Info_random_resistance    Info_random_resistance    Info        ./out_data/naive_seq/top/dft/dft_dsm_random_resistance/spyglass_reports/dft_dsm/random_pattern_node_distribution.rpt    1       10    Bucket-wise node distribution report is generated at location './out_data/naive_seq/top/dft/dft_dsm_random_resistance/spyglass_reports/dft_dsm/random_pattern_node_distribution.rpt'
[5]      Info_random_resistance    Info_random_resistance    Info        ./out_data/naive_seq/top/dft/dft_dsm_random_resistance/spyglass_reports/dft_dsm/random_pattern_testpoints.rpt           1       10    No test points is suggested for design 'top'
+++++++++++++++++++++++++++++++++++++++++++++++++++++++++++++++++++++++++++++++++++++++
