################################################################################
#
# This file has been generated by SpyGlass:
#     Report Created by: ulisses.maffazioli
#     Report Created on: Mon Jul 13 21:46:49 2026
#     Working Directory: /home/mic63/ulisses.maffazioli/dft-labs/proj/santiago_cpu/0_synopsys_saed32_flow/dft/1_advisor_rtl_santiago
#     Report Location  : ./out_data/santiago/top_santiago_cpu/dft/dft_dsm_random_resistance/spyglass_reports/dft_dsm/random_pattern_node_distribution.rpt
#     SpyGlass Version : SpyGlass_vW-2024.09-SP2-8
#     Policy Name      : dft_dsm(SpyGlass_vW-2024.09-SP2-08)
#     Comment          : Generated by rule Info_random_resistance
#
################################################################################

################################################################################
# Purpose :
#     Random Pattern Node Distribution Report List:
#     - The node count distribution for each bucket
################################################################################


################################################################################
# Format :
#  Column 1: bucket_id
#  Column 2: Node count for which 'detect' probability [min(pdt0, pdt1)] is
#            falling in the bucket detect probability range
#  Column 3: Node count for which 'control_0' probability is falling in the
#            bucket control probability range
#  Column 4: Node count for which 'control_1' probability is falling in the
#            bucket control probability range
#  Column 5: Node count for which 'observe' probability is falling in the
#            bucket observe probability range
################################################################################

  Node Distribution Summary : top_santiago_cpu
  --------------------------------------------
  __________________________________________________________________________________
  | bucket |     pdt node    |    cnt_0 node   |    cnt_1 node   |    obs node     |
  |   id   |      count      |      count      |      count      |      count      |
  |--------|-----------------|-----------------|-----------------|-----------------|
  |     0  |            291  |             16  |             97  |            190  |
  |     1  |             13  |              0  |             26  |             39  |
  |     2  |             11  |             16  |            192  |            219  |
  |     3  |             11  |              0  |             16  |             25  |
  |     4  |             28  |              0  |             18  |             20  |
  |     5  |             18  |              0  |             83  |            151  |
  |     6  |             30  |             10  |             90  |             22  |
  |     7  |            210  |             12  |            111  |             19  |
  |     8  |             14  |             12  |             17  |             50  |
  |     9  |             16  |              0  |             90  |             23  |
  |    10  |             17  |             20  |              8  |             18  |
  |    11  |            147  |             15  |              6  |             17  |
  |    12  |             24  |             20  |              8  |             17  |
  |    13  |             16  |             20  |              8  |             23  |
  |    14  |             19  |             15  |              4  |             47  |
  |    15  |             15  |             16  |              0  |             18  |
  |    16  |             16  |             16  |              0  |             16  |
  |    17  |             49  |             14  |              0  |             16  |
  |    18  |             25  |             32  |              2  |             20  |
  |    19  |             17  |              6  |             26  |             23  |
  |    20  |             24  |             14  |              0  |             18  |
  |    21  |             11  |             14  |             11  |             20  |
  |    22  |             19  |             12  |            125  |             19  |
  |    23  |             14  |              0  |             16  |             21  |
  |    24  |             18  |             34  |            104  |             19  |
  |    25  |             13  |              0  |             24  |             23  |
  |    26  |             13  |              8  |             29  |             16  |
  |    27  |             22  |             16  |             87  |             20  |
  |    28  |             93  |              2  |             43  |             23  |
  |    29  |             23  |              6  |             18  |             18  |
  |    30  |             20  |              2  |             16  |             14  |
  |    31  |             21  |             14  |             13  |             33  |
  |    32  |             12  |              6  |             31  |             34  |
  |    33  |             18  |             16  |            243  |             44  |
  |    34  |             17  |              6  |             21  |             27  |
  |    35  |             16  |              6  |              8  |             16  |
  |    36  |             13  |             12  |             22  |             14  |
  |    37  |             21  |              0  |             16  |             17  |
  |    38  |             10  |             14  |             28  |             20  |
  |    39  |             13  |             10  |             12  |             21  |
  |    40  |             15  |             13  |             42  |             21  |
  |    41  |             15  |              8  |             50  |             23  |
  |    42  |             12  |              8  |              6  |             19  |
  |    43  |             14  |              6  |             16  |             17  |
  |    44  |             14  |              0  |             18  |             21  |
  |    45  |             14  |              0  |             14  |             27  |
  |    46  |             12  |              4  |              5  |             21  |
  |    47  |             16  |              6  |              7  |             21  |
  |    48  |             18  |              6  |              6  |             15  |
  |    49  |             13  |             10  |              8  |             17  |
  |    50  |             10  |              7  |             11  |             15  |
  |    51  |             12  |             13  |             10  |             16  |
  |    52  |             19  |             19  |             18  |             20  |
  |    53  |             10  |             29  |             27  |             15  |
  |    54  |             19  |           1711  |           1703  |             20  |
  |    55  |             15  |             18  |              0  |             26  |
  |    56  |             17  |             14  |              6  |             17  |
  |    57  |             13  |             12  |              4  |             27  |
  |    58  |             18  |             36  |             10  |             17  |
  |    59  |             21  |             24  |             15  |             27  |
  |    60  |             33  |             36  |             10  |             17  |
  |    61  |             30  |             34  |             12  |             21  |
  |    62  |             30  |             14  |              2  |             48  |
  |    63  |             23  |             20  |              2  |             17  |
  |    64  |             14  |             10  |             16  |             20  |
  |    65  |             10  |             14  |              4  |             17  |
  |    66  |             12  |             23  |              2  |             21  |
  |    67  |             12  |            246  |             22  |             17  |
  |    68  |             10  |             27  |              7  |             19  |
  |    69  |             13  |             14  |              9  |             23  |
  |    70  |             10  |             18  |              6  |             26  |
  |    71  |             10  |             21  |              2  |             21  |
  |    72  |             10  |             42  |              0  |             23  |
  |    73  |             23  |             96  |             24  |             47  |
  |    74  |             16  |             24  |              0  |             16  |
  |    75  |             21  |             99  |             16  |             86  |
  |    76  |             14  |             21  |             18  |             14  |
  |    77  |             16  |             61  |             12  |             19  |
  |    78  |             12  |             79  |             10  |             50  |
  |    79  |             20  |              0  |             16  |             20  |
  |    80  |             11  |              6  |              8  |             14  |
  |    81  |             21  |             22  |             28  |             21  |
  |    82  |             35  |              0  |             14  |             18  |
  |    83  |             18  |              0  |             16  |             20  |
  |    84  |             13  |              0  |             16  |             26  |
  |    85  |             10  |              2  |             12  |             14  |
  |    86  |             18  |              6  |             17  |             14  |
  |    87  |             24  |              8  |             20  |             46  |
  |    88  |             22  |              8  |             20  |             20  |
  |    89  |             29  |              8  |             20  |             23  |
  |    90  |             24  |             86  |              5  |             18  |
  |    91  |             22  |             19  |              8  |             28  |
  |    92  |             24  |             31  |              4  |             92  |
  |    93  |             24  |            162  |             22  |            157  |
  |    94  |             87  |             91  |              0  |             42  |
  |    95  |             12  |             16  |              0  |             30  |
  |    96  |             20  |             18  |              0  |             77  |
  |    97  |              9  |             28  |              0  |             55  |
  |    98  |            225  |            180  |             16  |             25  |
  |    99  |             39  |             26  |              0  |            112  |
  |   100  |           1356  |             85  |             16  |            871  |
  |________|_________________|_________________|_________________|_________________|
  |  Total |           4077  |           4077  |           4077  |           4077  |
  |________|_________________|_________________|_________________|_________________|
###############################################################################################################
