################################################################################
#
# This file has been generated by SpyGlass:
#     Report Created by: ulisses.maffazioli
#     Report Created on: Sun Jul 12 22:20:56 2026
#     Working Directory: /home/mic63/ulisses.maffazioli/dft-labs/proj/santiago_cpu/0_synopsys_saed32_flow/_dft/advisor_flow
#     Report Location  : ./out_data/santiago/top_santiago_cpu/dft/dft_dsm_best_practice/spyglass_reports/dft_dsm/atspeed_04.rpt
#     SpyGlass Version : SpyGlass_vW-2024.09-SP2-8
#     Policy Name      : dft_dsm(SpyGlass_vW-2024.09-SP2-08)
#     Comment          : Generated by rule Atspeed_04
#
################################################################################

################################################################################
# Purpose :
# Lists the cross domain paths between flip-flops which are 
# synchronous in functional domain and asynchronous in atspeed domain
################################################################################


################################################################################
# Format :
#    Syntax of this file:
#    Source      Functional Clock: <src fclk>
#    Destination Functional Clock: <dst fclk>
#        [S.No.] <src flip-flop name> [Src Atspeed Clock: <src aclk>] -> <dst flip-flop name> [Dst Atspeed Clock: <dst aclk>]: <no-of-gates-in-cross-path>
################################################################################

################################################################################
# Begin data for design unit: top_santiago_cpu
################################################################################


################################################################################
# End data for design unit: top_santiago_cpu
################################################################################

