################################################################################
#
# This file has been generated by SpyGlass:
#     Report Created by: ulisses.maffazioli
#     Report Created on: Sun Jul 12 15:48:38 2026
#     Working Directory: /home/mic63/ulisses.maffazioli/dft-labs/proj/santiago_cpu/0_synopsys_saed32_flow/_dft/2_netlist
#     Report Location  : ./sg_results/santiago/top_santiago_cpu/dft/dft_scan_ready/spyglass_reports/dft/no_scan.rpt
#     SpyGlass Version : SpyGlass_vW-2024.09-SP2-8
#     Policy Name      : dft(SpyGlass_vW-2024.09-SP2-08)
#     Comment          : Generated by rule Info_noScan
#
################################################################################

################################################################################
# Purpose :
#    List of all objects which are marked as 'no scan' due to 
#    presence of 'no_scan' sgdc command.

################################################################################


################################################################################
# Format :
#    Design Name : design
#      'number of no-scan objects' <sgdc command>
#        FF | Latch | BB: Object name

################################################################################


################################################################################
  Design Name : "top_santiago_cpu"


  SUMMARY:
  '0' objects are marked as 'force_no_scan' for design "top_santiago_cpu"
################################################################################

