##-------------------------------------------------------
## This log has been generated by sg_shell:
##    On: Sun Jul 12 14:59:37 2026
##    By: ulisses.maffazioli
## Using: Version SpyGlass_vW-2024.09-SP2-8 (not-available)
##-------------------------------------------------------

new_project -help
new_project santiago -projectwdir ./sg_results -force
read_file -type sourcelist ./santiago_sources.f 
read_file -type sourcelist ./santiago_sources.f
read_file -type sourcelist ./santiago_sources.f
read_file -type sgdc ./santiago.sgdc 
set_option top top_santiago_cpu
set_option enableSV yes
current_goal dft/dft_scan_ready -top top_santiago_cpu
save_project
run_goal
report_cell
report_clocks 
fg
run_goal 
exit
