################################################################################
#
# This file has been generated by SpyGlass:
#     Report Created by: ulisses.maffazioli
#     Report Created on: Tue Jul 14 00:04:13 2026
#     Working Directory: /home/mic63/ulisses.maffazioli/dft-labs/proj/santiago_cpu/0_synopsys_saed32_flow/dft/6_advisor_rtl_naive
#     Report Location  : ./out_data/naive_comb/top/dft/dft_scan_ready/spyglass_reports/dft/dft_mandatory_sgdc.rpt
#     SpyGlass Version : SpyGlass_vW-2024.09-SP2-8
#     Policy Name      : dft(SpyGlass_vW-2024.09-SP2-08)
#     Comment          : Generated by rule dftMandatory_Constraint_Check
#
################################################################################

################################################################################
# Purpose :
#     This file has been generated by DFT-Rule
#     'dftMandatory_Constraint_Check'. It has
#     details of all missing mandatory constraints,
#     and the rules affected by their absence.
#     'Mandatory' constraints are essential to that rule's checking.
################################################################################


################################################################################
# Format :
#     For each top-level module, and for each 'enabled' 
#     rule, the 'mandatory' constraints required are listed.
#     Alongside the constraint name is a '[+]' or a '[-]' to
#     indicate whether that constraint was found or not.
################################################################################
################################################################################
              RULE                      MANDATORY CONSTRAINT
################################################################################


Current_Design : top
----------------------------------------------------------------------
 Diagnose_testmode
                                      test_mode[-]
----------------------------------------------------------------------
Diagnose_testclock
                               clock -testclock[-]
----------------------------------------------------------------------
    Info_testclock
                               clock -testclock[-]
----------------------------------------------------------------------
          Clock_11
                               clock -testclock[-]
----------------------------------------------------------------------
  Clock_11_capture
                               clock -testclock[-]
----------------------------------------------------------------------
