################################################################################
#
# This file has been generated by SpyGlass:
#     Report Created by: ulisses.maffazioli
#     Report Created on: Tue Jul 14 00:04:13 2026
#     Working Directory: /home/mic63/ulisses.maffazioli/dft-labs/proj/santiago_cpu/0_synopsys_saed32_flow/dft/6_advisor_rtl_naive
#     Report Location  : ./out_data/naive_comb/top/dft/dft_scan_ready/spyglass_reports/dft/stuck_at_faults.rpt
#     SpyGlass Version : SpyGlass_vW-2024.09-SP2-8
#     Policy Name      : dft(SpyGlass_vW-2024.09-SP2-08)
#     Comment          : Generated by rule Info_coverage
#
################################################################################

################################################################################
# Purpose :
#     Report type       : Stuck-At coverage
#     Stuck-At faults at ports and terminals.
################################################################################




 <>ABBREVIATIONS & DEFINITIONS OF TERMS : 

       1. hierarchical instance : An instance which has other hierarchical instances
                           and/or basic cells within it.

       2. DT fault     :   Faults which are testable AND detectable. It is possible 
                           that a fault is testable, but not detectable.

       3. !DT/ND fault :   A fault which was deemed testable but found to be undetectable.
                           (Note that faults classified as TI or BL are not included here.)
                           (Please see Info_coverage / Info_undetectCause violations).
                           ND faults can be further categorised based on their cause.
                            Abbreviation     Sub Category 
                            ------------     ------------ 
                                   ND_NSF :  NON_SCAN_FF        
                                   ND_BB  :  BLACK_BOX          
                                   ND_LT  :  NO_TRANSPARENT_LATCH
                                   ND_CL  :  COMBINATIONAL_LOOP 
                                   ND_PIO :  PRIMARY_INPUT_OUTPUT
                                   ND_TM  :  TEST_MODE          
                                   ND_TS  :  TRI_STATE          
                                   ND_FTA :  FORCE_TA           
                                   ND_FNS :  FORCE_NO_SCAN      
                                   ND_HN  :  UNDRIVEN_PIN_NET   

       4. UT fault     :   A fault which cannot be detected because it has a non-X simulation
                           value. (Note that faults with nonX sim value in PG mode itself are
                           classified as TI faults.) 

       5. UU fault     :   An unused fault. Fault at a terminal becomes UU if that terminal
                           cannot be reached from the output ports. They are ignored because
                           they cannot affect system operation. By default, latches / 
                           blackboxes, whose outputs fanout to SyRd nodes only, and their 
                           fanin cone can be UU. If parameter dftUUMarking is set to 'on' then 
                           flip-flops, whose outputs fanout to SyRd nodes only, and their fanin
                           cone can be UU. 

       6. SyRd fault   :   Faults at terminals which are Sy[= synthesis]Rd[= redundant].
                           These are terminals which are likely to be removed by an 
                           optimizing synthesizer, and hence should not be considered 
                           for fault/test coverage analysis. These are of the following types:
                           a) Pins which are tied high/low,
                           b) Pins blocked in power ground mode, and 
                           c) Unconnected combinational logic - all logic combinationally
                           connected to nodes that do not fanout to primary port. 
                           SyRd faults are reported iff fault analysis is done for an RTL design.
                           If design is a netlist, synthesis is already done and the question of
                           synthesis redundancy is considered invalid. 

       7. LR fault     :   These are logically redundant faults. Whatever be the state
                           of circuit, output on such nodes will always be a fixed 
                           value or are blocked by such fixed value nodes.

       8. PT fault     :   Faults in which difference between the good circuit 
                           result and bad circuit result for a particular fault 
                           produces any of the following are called Potential    
                           Detected Faults: 
                           Good Circuit Result  ---- Bad Circuit Result 
                                      0                z 
                                      0                x 
                                      1                z 
                                      1                x 

      9. TI/BL fault  :   This fault class comprises of faults which arise because of nets
                           being tied to 0 (Low) or 1(High), and the logic blocked by such nets.
                           If a net is tied to 0, S@0 is TIED. S@1 may or may not be detectable. 
                           Similarly, a net tied to 1 will make S@1 TIED. 
                           An input of a combinational gate tied to an appropriate value will 
                           make the faults in the fanin-cone of the other input as blocked. 
                           For example, an input of an AND gate tied to 0, will make faults in fanin-cone of the
                           other input BLOCKED. 

                           

    FORMULAE USED : 

                           Detectable Fault Count + ((PT) * POSDETECT_credit)          
    Fault-Coverage % =  -------------------------------------------------------- x 100 
                                      (2*terminalCount) - SyRd_faultCount                             
                           
                                   Detectable Fault Count + ((PT) * POSDETECT_credit)   
    Test-Coverage %  =  -------------------------------------------------------------------------------------------- x 100
                       (2*terminalCount) - SyRd_faultCount - TI - BL - UUCount - (ATPG_credit*UTCount) - LR
                           


 <>For top module the summary has been reported in three columns as follows:
    Column 1: Fault and Test coverage data due to top-level ports and internal design.
    Column 2: Fault and Test coverage data due to top-level ports only.
    Column 3: Fault and Test coverage data due to internal design only.


################################################################################
# Design information :
#     Top module             : 'top'
#     Flip-flop count        : 0 
#     Testclock count        : 0 
################################################################################

<>TOP MODULE SUMMARY for 'top'

		  Fault Heads                  |    Total   |   Ports    |  Internal  |

		Total faults                   |          42|          12|          30|
		SyRd faults                    |           0|           0|           0|
		Faults Considered              |          42|          12|          30|
		Un-Used (UU)                   |           0|           0|           0|
		Tied (TI)                      |           0|           0|           0|
		Blocked (BL)                   |           0|           0|           0|
		Logical Redundant faults (LR)  |           0|           0|           0|
		Un-Testable (UT)               |           0|           0|           0|
		Detectable (DT)                |          42|          12|          30|
		Un-Detectable (!DT)            |           0|           0|           0|
		Potential Detectable (PT)      |           0|           0|           0|
		ATPG_credit                    |        0.00|        0.00|        0.00|
		POSDETECT_credit               |        0.00|        0.00|        0.00|
		Fault-coverage(in %)           |       100.0|       100.0|       100.0|
		Test-coverage(in %)            |       100.0|       100.0|       100.0|

    fault type    status        cell-type                hier/pin/name
    ----------    ------        ---------                -------------

<>Listing 'all' faults for design unit 'top'
     s/0           DT             and                     top.rtlc_I6.in1
     s/0           EQ             and                     top.rtlc_I6.in2
     s/0           EQ             and                     top.rtlc_I6.Z
     s/0           EQ             primary_input           a
     s/0           EQ             primary_input           b
     s/0           EQ             or                      top.rtlc_I10.in1
     s/1           DT             and                     top.rtlc_I6.in1
     s/1           EQ             primary_input           a
     s/1           DT             and                     top.rtlc_I6.in2
     s/1           EQ             primary_input           b
     s/0           DT             primary_input           c
     s/1           DT             primary_input           c
     s/0           DT             and                     top.rtlc_I8.in1
     s/0           EQ             and                     top.rtlc_I8.in2
     s/0           EQ             and                     top.rtlc_I8.Z
     s/0           EQ             primary_input           d
     s/0           EQ             or                      top.rtlc_I12.in1
     s/1           DT             and                     top.rtlc_I8.in2
     s/1           EQ             primary_input           d
     s/0           DT             or                      top.rtlc_I12.in2
     s/0           EQ             primary_input           e
     s/1           DT             and                     top.rtlc_I6.Z
     s/1           EQ             or                      top.rtlc_I10.in1
     s/1           EQ             or                      top.rtlc_I10.in2
     s/1           EQ             or                      top.rtlc_I10.Z
     s/1           EQ             or                      top.rtlc_I14.in1
     s/1           EQ             or                      top.rtlc_I14.in2
     s/1           EQ             or                      top.rtlc_I14.Z
     s/1           EQ             or                      top.rtlc_I12.Z
     s/1           EQ             or                      top.rtlc_I12.in1
     s/1           EQ             or                      top.rtlc_I12.in2
     s/1           EQ             and                     top.rtlc_I8.Z
     s/1           EQ             primary_input           e
     s/1           EQ             primary_output          z
     s/0           DT             or                      top.rtlc_I14.Z
     s/0           EQ             primary_output          z
     s/1           DT             and                     top.rtlc_I8.in1
     s/0           DT             or                      top.rtlc_I10.in2
     s/0           DT             or                      top.rtlc_I10.Z
     s/0           EQ             or                      top.rtlc_I14.in1
     s/0           DT             or                      top.rtlc_I12.Z
     s/0           EQ             or                      top.rtlc_I14.in2
