
################################################################################
#
# This file has been generated by SpyGlass:
#     Report Name      : no_msg_reporting_rules
#     Report Created by: ulisses.maffazioli
#     Report Created on:  Mon Jul 13 11:19:53 2026
#     Working Directory: /home/mic63/ulisses.maffazioli/dft-labs/proj/santiago_cpu/0_synopsys_saed32_flow/dft/advisor_flow_naive
#     SpyGlass Version : SpyGlass_vW-2024.09-SP2-8
#     Policy Name      : SpyGlass(SpyGlass_vW-2024.09-SP2-08)
#                        clock-reset(SpyGlass_vW-2024.09-SP2-08)
#                        dft(SpyGlass_vW-2024.09-SP2-08)
#                        morelint(SpyGlass_vW-2024.09-SP2-08)
#                        power_est(SpyGlass_vW-2024.09-SP2-08)
#
#     Total Number of Generated Messages :         31
#     Number of Waived Messages          :          0
#     Number of Reported Messages        :         31
#     Number of Overlimit Messages       :          0
#
#
################################################################################

NO VIOLATION RULE REPORT :
++++++++++++++++++++++++++++++++++++++++++++++++++++++++++++++++++++++++++++++++

Following rules did not produce any violation or waived off during spyglass run

++++++++++++++++++++++++++++++++++++++++++++++++++++++++++++++++++++++++++++++++


================================================================================
	INDEX                                   RULE-NAME
================================================================================
	1                                  Async_07
	2                                  Async_08
	3                                  Clock_11
	4                                  Clock_11_capture
	5                                  Clock_26
	6                                  Info_testmode_conflict_01
================================================================================
