
################################################################################
#
# This file has been generated by SpyGlass:
#     Report Created by: ulisses.maffazioli
#     Report Created on: Sun Jul 12 21:06:27 2026
#     Working Directory: /home/mic63/ulisses.maffazioli/dft-labs/proj/santiago_cpu/0_synopsys_saed32_flow/_dft/advisor_flow_netlist
#     Report Location  : ./out_data/santiago/top_santiago_cpu/dft/dft_best_practice/spyglass_reports/dft/dftlp_lib_data.rpt
#     SpyGlass Version : SpyGlass_vW-2024.09-SP2-8
#     Policy Name      : dft(SpyGlass_vW-2024.09-SP2-08)
#     Comment          : Generated by rule DFT_LP_LIB_DATA
#
################################################################################
# 
#     Purpose: 
#     This report contains LOWPOWER interpretation of Liberty information. 
##################################################################################


##################################################################################
# This section contains information about 'Isolation' cells present in library   #
# It contains cells in the library cells with attribute 'is_isolation_cell'      #
# or library cells which are given using 'define_isolation_cell' command         #
# in CPF file. In case a cell is provided in both the information will be merged #
# and in case of conflicting information CPF file will get precedence.           #
##################################################################################

Cell       |Cell |Input|Output|Enable|Enable|Pwr   |Gnd   |AON Pwr|AON Gnd|AON     
Name       |Type |Pin  |Pin   |Pin   |Level |Supply|Supply|Supply |Supply |Pins    
-----------------------------------------------------------------------------------
ISOLANDAOX1_RVT
            AND  |D    |Q     |ISO   |LOW   |VDD   |VSS   |VDDG   |       |ISO D 
ISOLANDAOX2_RVT
            AND  |D    |Q     |ISO   |LOW   |VDD   |VSS   |VDDG   |       |ISO D 
ISOLANDAOX4_RVT
            AND  |D    |Q     |ISO   |LOW   |VDD   |VSS   |VDDG   |       |ISO D 
ISOLANDAOX8_RVT
            AND  |D    |Q     |ISO   |LOW   |VDD   |VSS   |VDDG   |       |ISO D 
ISOLANDX1_RVT
            AND  |D    |Q     |ISO   |LOW   |VDD   |VSS   |       |       |ISO 
ISOLANDX2_RVT
            AND  |D    |Q     |ISO   |LOW   |VDD   |VSS   |       |       |ISO 
ISOLANDX4_RVT
            AND  |D    |Q     |ISO   |LOW   |VDD   |VSS   |       |       |ISO 
ISOLANDX8_RVT
            AND  |D    |Q     |ISO   |LOW   |VDD   |VSS   |       |       |ISO 
ISOLORAOX1_RVT
            OR   |D    |Q     |ISO   |HIGH  |VDD   |VSS   |VDDG   |       |ISO D 
ISOLORAOX2_RVT
            OR   |D    |Q     |ISO   |HIGH  |VDD   |VSS   |VDDG   |       |ISO D 
ISOLORAOX4_RVT
            OR   |D    |Q     |ISO   |HIGH  |VDD   |VSS   |VDDG   |       |ISO D 
ISOLORAOX8_RVT
            OR   |D    |Q     |ISO   |HIGH  |VDD   |VSS   |VDDG   |       |ISO D 
ISOLORX1_RVT
            OR   |D    |Q     |ISO   |HIGH  |VDD   |VSS   |       |       |ISO 
ISOLORX2_RVT
            OR   |D    |Q     |ISO   |HIGH  |VDD   |VSS   |       |       |ISO 
ISOLORX4_RVT
            OR   |D    |Q     |ISO   |HIGH  |VDD   |VSS   |       |       |ISO 
ISOLORX8_RVT
            OR   |D    |Q     |ISO   |HIGH  |VDD   |VSS   |       |       |ISO 

##################################################################################
# This section contains information about 'Always-On' cells present in library   #
# It contains cells in the library cells with attribute 'always_on' applied at   #
# cell level Or cells with atleast one power pin with pg_type as 'backup_power'  #
#                                                                                #
# Cells with functionality buffer or invertor are treated as Always-On Buffers   #
##################################################################################

Cell           |Cell      |Always-on |Switched  |Always-on |Switched  |Always-on  
Name           |Type      |Power Pin |Power Pin |Ground Pin|Ground Pin|Pins       
-----------------------------------------------------------------------------------
AOBUFX1_RVT    |BUFFER    |VDDG      |VDD       |          |VSS       |A Y 
AOBUFX2_RVT    |BUFFER    |VDDG      |VDD       |          |VSS       |A Y 
AOBUFX4_RVT    |BUFFER    |VDDG      |VDD       |          |VSS       |A Y 
AOINVX1_RVT    |INVERTER  |VDDG      |VDD       |          |VSS       |A Y 
AOINVX2_RVT    |INVERTER  |VDDG      |VDD       |          |VSS       |A Y 
AOINVX4_RVT    |INVERTER  |VDDG      |VDD       |          |VSS       |A Y 

##################################################################################
# This section contains information about 'Retention' cells present in library   #
# It contains cells in the library cells with attribute 'retention_cell   '      #
# or library cells which are given using 'define_state_retention_cell' command   #
# in CPF file. In case a cell is provided in both the information will be merged #
# and in case of conflicting information CPF file will get precedence.           #
#                                                                                #
# Active values of Save and Restore pins are displayed                           #
##################################################################################

Cell    |Cell  |Always-On |Switched |Save    |Restore |Clk    |QTerm |Input |AON  
Name    |Type  |PwrPin    |PwrPin   |Pin:Val |Pin:Val |Pin:Val|      |      |Pins 
-----------------------------------------------------------------------------
RDFFARX1_RVT
         clock_low|VDDG      |VDD      |RETN  :1|RETN  :0|CLK:1  |Q QN  |D     |RETN 
RDFFARX2_RVT
         clock_low|VDDG      |VDD      |RETN  :1|RETN  :0|CLK:1  |Q QN  |D     |RETN 
RDFFNARX1_RVT
         clock_low|VDDG      |VDD      |RETN  :1|RETN  :0|CLK:0  |Q QN  |D     |RETN 
RDFFNARX2_RVT
         clock_low|VDDG      |VDD      |RETN  :1|RETN  :0|CLK:0  |Q QN  |D     |RETN 
RDFFNSRARX1_RVT
         clock_low|VDDG      |VDD      |SAVE  :1|NRESTORE:0|       |QN    |Q     |NRESTORE SAVE 
RDFFNSRARX2_RVT
         clock_low|VDDG      |VDD      |SAVE  :1|NRESTORE:0|       |QN    |Q     |NRESTORE SAVE 
RDFFNSRASRNX1_RVT
         clock_low|VDDG      |VDD      |SAVE  :1|NRESTORE:0|       |      |QN    |NRESTORE SAVE 
RDFFNSRASRNX2_RVT
         clock_low|VDDG      |VDD      |SAVE  :1|NRESTORE:0|       |      |QN    |NRESTORE SAVE 
RDFFNSRASRQX1_RVT
         clock_low|VDDG      |VDD      |SAVE  :1|NRESTORE:0|       |      |Q     |NRESTORE SAVE 
RDFFNSRASRQX2_RVT
         clock_low|VDDG      |VDD      |SAVE  :1|NRESTORE:0|       |      |Q     |NRESTORE SAVE 
RDFFNSRASRX1_RVT
         clock_low|VDDG      |VDD      |SAVE  :1|NRESTORE:0|       |QN    |Q     |NRESTORE SAVE 
RDFFNSRASRX2_RVT
         clock_low|VDDG      |VDD      |SAVE  :1|NRESTORE:0|       |QN    |Q     |NRESTORE SAVE 
RDFFNSRASX1_RVT
         clock_low|VDDG      |VDD      |SAVE  :1|NRESTORE:0|       |QN    |Q     |NRESTORE SAVE 
RDFFNSRASX2_RVT
         clock_low|VDDG      |VDD      |SAVE  :1|NRESTORE:0|       |QN    |Q     |NRESTORE SAVE 
RDFFNSRX1_RVT
         clock_low|VDDG      |VDD      |SAVE  :1|NRESTORE:0|       |QN    |Q     |NRESTORE SAVE 
RDFFNSRX2_RVT
         clock_low|VDDG      |VDD      |SAVE  :1|NRESTORE:0|       |QN    |Q     |NRESTORE SAVE 
RDFFNX1_RVT
         clock_low|VDDG      |VDD      |RETN  :1|RETN  :0|CLK:0  |Q QN  |D     |RETN 
RDFFNX2_RVT
         clock_low|VDDG      |VDD      |RETN  :1|RETN  :0|CLK:0  |Q QN  |D     |RETN 
RDFFSRARX1_RVT
         clock_low|VDDG      |VDD      |SAVE  :1|NRESTORE:0|       |QN    |Q     |NRESTORE SAVE 
RDFFSRARX2_RVT
         clock_low|VDDG      |VDD      |SAVE  :1|NRESTORE:0|       |QN    |Q     |NRESTORE SAVE 
RDFFSRASRX1_RVT
         clock_low|VDDG      |VDD      |SAVE  :1|NRESTORE:0|       |QN    |Q     |NRESTORE SAVE 
RDFFSRASRX2_RVT
         clock_low|VDDG      |VDD      |SAVE  :1|NRESTORE:0|       |QN    |Q     |NRESTORE SAVE 
RDFFSRASX1_RVT
         clock_low|VDDG      |VDD      |SAVE  :1|NRESTORE:0|       |QN    |Q     |NRESTORE SAVE 
RDFFSRASX2_RVT
         clock_low|VDDG      |VDD      |SAVE  :1|NRESTORE:0|       |QN    |Q     |NRESTORE SAVE 
RDFFSRSSRX1_RVT
         clock_low|VDDG      |VDD      |SAVE  :1|NRESTORE:0|       |QN    |Q     |NRESTORE SAVE 
RDFFSRSSRX2_RVT
         clock_low|VDDG      |VDD      |SAVE  :1|NRESTORE:0|CLK:1  |Q QN  |D     |NRESTORE SAVE 
RDFFSRX1_RVT
         clock_low|VDDG      |VDD      |SAVE  :1|NRESTORE:0|       |QN    |Q     |NRESTORE SAVE 
RDFFSRX2_RVT
         clock_low|VDDG      |VDD      |SAVE  :1|NRESTORE:0|       |QN    |Q     |NRESTORE SAVE 
RDFFX1_RVT
         clock_low|VDDG      |VDD      |RETN  :1|RETN  :0|CLK:1  |Q QN  |D     |RETN 
RDFFX2_RVT
         clock_low|VDDG      |VDD      |RETN  :1|RETN  :0|CLK:1  |Q QN  |D     |RETN 
RSDFFARX1_RVT
         clock_low|VDDG      |VDD      |RETN  :1|RETN  :0|CLK:1  |Q     |D     |RETN 
RSDFFARX2_RVT
         clock_low|VDDG      |VDD      |RETN  :1|RETN  :0|CLK:1  |Q     |D     |RETN 
RSDFFNARX1_RVT
         clock_low|VDDG      |VDD      |RETN  :1|RETN  :0|CLK:0  |Q     |D     |RETN 
RSDFFNARX2_RVT
         clock_low|VDDG      |VDD      |RETN  :1|RETN  :0|CLK:0  |Q     |D     |RETN 
RSDFFNSRARX1_RVT
         clock_low|VDDG      |VDD      |SAVE  :1|NRESTORE:0|       |      |Q     |NRESTORE SAVE 
RSDFFNSRARX2_RVT
         clock_low|VDDG      |VDD      |SAVE  :1|NRESTORE:0|       |      |Q     |NRESTORE SAVE 
RSDFFNSRASRNX1_RVT
         clock_low|VDDG      |VDD      |SAVE  :1|NRESTORE:0|       |      |QN    |NRESTORE SAVE 
RSDFFNSRASRNX2_RVT
         clock_low|VDDG      |VDD      |SAVE  :1|NRESTORE:0|       |      |QN    |NRESTORE SAVE 
RSDFFNSRASRQX1_RVT
         clock_low|VDDG      |VDD      |SAVE  :1|NRESTORE:0|       |      |Q     |NRESTORE SAVE 
RSDFFNSRASRQX2_RVT
         clock_low|VDDG      |VDD      |SAVE  :1|NRESTORE:0|       |      |Q     |NRESTORE SAVE 
RSDFFNSRASRX1_RVT
         clock_low|VDDG      |VDD      |SAVE  :1|NRESTORE:0|       |      |Q     |NRESTORE SAVE 
RSDFFNSRASRX2_RVT
         clock_low|VDDG      |VDD      |SAVE  :1|NRESTORE:0|       |      |Q     |NRESTORE SAVE 
RSDFFNSRASX1_RVT
         clock_low|VDDG      |VDD      |SAVE  :1|NRESTORE:0|       |      |Q     |NRESTORE SAVE 
RSDFFNSRASX2_RVT
         clock_low|VDDG      |VDD      |SAVE  :1|NRESTORE:0|       |      |Q     |NRESTORE SAVE 
RSDFFNSRX1_RVT
         clock_low|VDDG      |VDD      |SAVE  :1|NRESTORE:0|       |      |Q     |NRESTORE SAVE 
RSDFFNSRX2_RVT
         clock_low|VDDG      |VDD      |SAVE  :1|NRESTORE:0|       |      |Q     |NRESTORE SAVE 
RSDFFNX1_RVT
         clock_low|VDDG      |VDD      |RETN  :1|RETN  :0|CLK:0  |Q     |D     |RETN 
RSDFFNX2_RVT
         clock_low|VDDG      |VDD      |RETN  :1|RETN  :0|CLK:0  |Q     |D     |RETN 
RSDFFSRARX1_RVT
         clock_low|VDDG      |VDD      |SAVE  :1|NRESTORE:0|       |      |Q     |NRESTORE SAVE 
RSDFFSRARX2_RVT
         clock_low|VDDG      |VDD      |SAVE  :1|NRESTORE:0|       |      |Q     |NRESTORE SAVE 
RSDFFSRASRX1_RVT
         clock_low|VDDG      |VDD      |SAVE  :1|NRESTORE:0|       |      |Q     |NRESTORE SAVE 
RSDFFSRASRX2_RVT
         clock_low|VDDG      |VDD      |SAVE  :1|NRESTORE:0|       |      |Q     |NRESTORE SAVE 
RSDFFSRASX1_RVT
         clock_low|VDDG      |VDD      |SAVE  :1|NRESTORE:0|       |      |Q     |NRESTORE SAVE 
RSDFFSRASX2_RVT
         clock_low|VDDG      |VDD      |SAVE  :1|NRESTORE:0|       |      |Q     |NRESTORE SAVE 
RSDFFSRSSRX1_RVT
         clock_low|VDDG      |VDD      |SAVE  :1|NRESTORE:0|       |      |Q     |NRESTORE SAVE 
RSDFFSRSSRX2_RVT
         clock_low|VDDG      |VDD      |SAVE  :1|NRESTORE:0|       |      |Q     |NRESTORE SAVE 
RSDFFSRX1_RVT
         clock_low|VDDG      |VDD      |SAVE  :1|NRESTORE:0|       |      |Q     |NRESTORE SAVE 
RSDFFSRX2_RVT
         clock_low|VDDG      |VDD      |SAVE  :1|NRESTORE:0|       |      |Q     |NRESTORE SAVE 
RSDFFX1_RVT
         clock_low|VDDG      |VDD      |RETN  :1|RETN  :0|CLK:1  |Q     |D     |RETN 
RSDFFX2_RVT
         clock_low|VDDG      |VDD      |RETN  :1|RETN  :0|CLK:1  |Q     |D     |RETN 

##################################################################################
# This section contains information about 'Multiple Supply' cells present in     #
# library. It contains cells in the library cells with more than power and one   #
# ground pins specified with pg_pin group.                                       #
#                                                                                #
# It also provides information of the related signal pins to that supply pin     #
##################################################################################
Cell Name           |Supply Pins (Type) |Related Signal Pins                    
                    |                   |                                       
--------------------------------------------------------------------------------
AODFFARX1_RVT       |VDDG      (backup_power)|CLK D Q QN RSTB 
                    |VSS       (primary_ground)|CLK D Q QN RSTB 
AODFFARX2_RVT       |VDDG      (backup_power)|CLK D Q QN RSTB 
                    |VSS       (primary_ground)|CLK D Q QN RSTB 
AODFFNARX1_RVT      |VDDG      (backup_power)|CLK D Q QN RSTB 
                    |VSS       (primary_ground)|CLK D Q QN RSTB 
AODFFNARX2_RVT      |VDDG      (backup_power)|CLK D Q QN RSTB 
                    |VSS       (primary_ground)|CLK D Q QN RSTB 
RDFFARX1_RVT        |VDD       (primary_power)|CLK D Q QN RSTB 
                    |VDDG      (backup_power)|RETN 
                    |VSS       (primary_ground)|CLK D Q QN RETN RSTB 
RDFFARX2_RVT        |VDD       (primary_power)|CLK D Q QN RSTB 
                    |VDDG      (backup_power)|RETN 
                    |VSS       (primary_ground)|CLK D Q QN RETN RSTB 
RDFFNARX1_RVT       |VDD       (primary_power)|CLK D Q QN RSTB 
                    |VDDG      (backup_power)|RETN 
                    |VSS       (primary_ground)|CLK D Q QN RETN RSTB 
RDFFNARX2_RVT       |VDD       (primary_power)|CLK D Q QN RSTB 
                    |VDDG      (backup_power)|RETN 
                    |VSS       (primary_ground)|CLK D Q QN RETN RSTB 
RDFFNSRARX1_RVT     |VDD       (primary_power)|CLK D Q QN RSTB 
                    |VDDG      (backup_power)|NRESTORE SAVE 
                    |VSS       (primary_ground)|CLK D NRESTORE Q QN RSTB SAVE 
RDFFNSRARX2_RVT     |VDD       (primary_power)|CLK D Q QN RSTB 
                    |VDDG      (backup_power)|NRESTORE SAVE 
                    |VSS       (primary_ground)|CLK D NRESTORE Q QN RSTB SAVE 
RDFFNSRASRNX1_RVT   |VDD       (primary_power)|CLK D QN RSTB SETB 
                    |VDDG      (backup_power)|NRESTORE SAVE 
                    |VSS       (primary_ground)|CLK D NRESTORE QN RSTB SAVE SETB 
RDFFNSRASRNX2_RVT   |VDD       (primary_power)|CLK D QN RSTB SETB 
                    |VDDG      (backup_power)|NRESTORE SAVE 
                    |VSS       (primary_ground)|CLK D NRESTORE QN RSTB SAVE SETB 
RDFFNSRASRQX1_RVT   |VDD       (primary_power)|CLK D Q RSTB SETB 
                    |VDDG      (backup_power)|NRESTORE SAVE 
                    |VSS       (primary_ground)|CLK D NRESTORE Q RSTB SAVE SETB 
RDFFNSRASRQX2_RVT   |VDD       (primary_power)|CLK D Q RSTB SETB 
                    |VDDG      (backup_power)|NRESTORE SAVE 
                    |VSS       (primary_ground)|CLK D NRESTORE Q RSTB SAVE SETB 
RDFFNSRASRX1_RVT    |VDD       (primary_power)|CLK D Q QN RSTB SETB 
                    |VDDG      (backup_power)|NRESTORE SAVE 
                    |VSS       (primary_ground)|CLK D NRESTORE Q QN RSTB SAVE SETB 
RDFFNSRASRX2_RVT    |VDD       (primary_power)|CLK D Q QN RSTB SETB 
                    |VDDG      (backup_power)|NRESTORE SAVE 
                    |VSS       (primary_ground)|CLK D NRESTORE Q QN RSTB SAVE SETB 
RDFFNSRASX1_RVT     |VDD       (primary_power)|CLK D Q QN SETB 
                    |VDDG      (backup_power)|NRESTORE SAVE 
                    |VSS       (primary_ground)|CLK D NRESTORE Q QN SAVE SETB 
RDFFNSRASX2_RVT     |VDD       (primary_power)|CLK D Q QN SETB 
                    |VDDG      (backup_power)|NRESTORE SAVE 
                    |VSS       (primary_ground)|CLK D NRESTORE Q QN SAVE SETB 
RDFFNSRX1_RVT       |VDD       (primary_power)|CLK D Q QN 
                    |VDDG      (backup_power)|NRESTORE SAVE 
                    |VSS       (primary_ground)|CLK D NRESTORE Q QN SAVE 
RDFFNSRX2_RVT       |VDD       (primary_power)|CLK D Q QN 
                    |VDDG      (backup_power)|NRESTORE SAVE 
                    |VSS       (primary_ground)|CLK D NRESTORE Q QN SAVE 
RDFFNX1_RVT         |VDD       (primary_power)|CLK D Q QN 
                    |VDDG      (backup_power)|RETN 
                    |VSS       (primary_ground)|CLK D Q QN RETN 
RDFFNX2_RVT         |VDD       (primary_power)|CLK D Q QN 
                    |VDDG      (backup_power)|RETN 
                    |VSS       (primary_ground)|CLK D Q QN RETN 
RDFFSRARX1_RVT      |VDD       (primary_power)|CLK D Q QN RSTB 
                    |VDDG      (backup_power)|NRESTORE SAVE 
                    |VSS       (primary_ground)|CLK D NRESTORE Q QN RSTB SAVE 
RDFFSRARX2_RVT      |VDD       (primary_power)|CLK D Q QN RSTB 
                    |VDDG      (backup_power)|NRESTORE SAVE 
                    |VSS       (primary_ground)|CLK D NRESTORE Q QN RSTB SAVE 
RDFFSRASRX1_RVT     |VDD       (primary_power)|CLK D Q QN RSTB SETB 
                    |VDDG      (backup_power)|NRESTORE SAVE 
                    |VSS       (primary_ground)|CLK D NRESTORE Q QN RSTB SAVE SETB 
RDFFSRASRX2_RVT     |VDD       (primary_power)|CLK D Q QN RSTB SETB 
                    |VDDG      (backup_power)|NRESTORE SAVE 
                    |VSS       (primary_ground)|CLK D NRESTORE Q QN RSTB SAVE SETB 
RDFFSRASX1_RVT      |VDD       (primary_power)|CLK D Q QN SETB 
                    |VDDG      (backup_power)|NRESTORE SAVE 
                    |VSS       (primary_ground)|CLK D NRESTORE Q QN SAVE SETB 
RDFFSRASX2_RVT      |VDD       (primary_power)|CLK D Q QN SETB 
                    |VDDG      (backup_power)|NRESTORE SAVE 
                    |VSS       (primary_ground)|CLK D NRESTORE Q QN SAVE SETB 
RDFFSRSSRX1_RVT     |VDD       (primary_power)|CLK D Q QN RSTB SETB 
                    |VDDG      (backup_power)|NRESTORE SAVE 
                    |VSS       (primary_ground)|CLK D NRESTORE Q QN RSTB SAVE SETB 
RDFFSRSSRX2_RVT     |VDD       (primary_power)|CLK D Q QN RSTB SETB 
                    |VDDG      (backup_power)|NRESTORE SAVE 
                    |VSS       (primary_ground)|CLK D NRESTORE Q QN RSTB SAVE SETB 
RDFFSRX1_RVT        |VDD       (primary_power)|CLK D Q QN 
                    |VDDG      (backup_power)|NRESTORE SAVE 
                    |VSS       (primary_ground)|CLK D NRESTORE Q QN SAVE 
RDFFSRX2_RVT        |VDD       (primary_power)|CLK D Q QN 
                    |VDDG      (backup_power)|NRESTORE SAVE 
                    |VSS       (primary_ground)|CLK D NRESTORE Q QN SAVE 
RDFFX1_RVT          |VDD       (primary_power)|CLK D Q QN 
                    |VDDG      (backup_power)|RETN 
                    |VSS       (primary_ground)|CLK D Q QN RETN 
RDFFX2_RVT          |VDD       (primary_power)|CLK D Q QN 
                    |VDDG      (backup_power)|RETN 
                    |VSS       (primary_ground)|CLK D Q QN RETN 
RSDFFARX1_RVT       |VDD       (primary_power)|CLK D Q QN RSTB SE SI 
                    |VDDG      (backup_power)|RETN 
                    |VSS       (primary_ground)|CLK D Q QN RETN RSTB SE SI 
RSDFFARX2_RVT       |VDD       (primary_power)|CLK D Q QN RSTB SE SI 
                    |VDDG      (backup_power)|RETN 
                    |VSS       (primary_ground)|CLK D Q QN RETN RSTB SE SI 
RSDFFNARX1_RVT      |VDD       (primary_power)|CLK D Q QN RSTB SE SI 
                    |VDDG      (backup_power)|RETN 
                    |VSS       (primary_ground)|CLK D Q QN RETN RSTB SE SI 
RSDFFNARX2_RVT      |VDD       (primary_power)|CLK D Q QN RSTB SE SI 
                    |VDDG      (backup_power)|RETN 
                    |VSS       (primary_ground)|CLK D Q QN RETN RSTB SE SI 
RSDFFNSRARX1_RVT    |VDD       (primary_power)|CLK D Q QN RSTB SE SI 
                    |VDDG      (backup_power)|NRESTORE SAVE 
                    |VSS       (primary_ground)|CLK D NRESTORE Q QN RSTB SAVE SE SI 
RSDFFNSRARX2_RVT    |VDD       (primary_power)|CLK D Q QN RSTB SE SI 
                    |VDDG      (backup_power)|NRESTORE SAVE 
                    |VSS       (primary_ground)|CLK D NRESTORE Q QN RSTB SAVE SE SI 
RSDFFNSRASRNX1_RVT  |VDD       (primary_power)|CLK D QN RSTB SE SETB SI 
                    |VDDG      (backup_power)|NRESTORE SAVE 
                    |VSS       (primary_ground)|CLK D NRESTORE QN RSTB SAVE SE SETB SI 
RSDFFNSRASRNX2_RVT  |VDD       (primary_power)|CLK D QN RSTB SE SETB SI 
                    |VDDG      (backup_power)|NRESTORE SAVE 
                    |VSS       (primary_ground)|CLK D NRESTORE QN RSTB SAVE SE SETB SI 
RSDFFNSRASRQX1_RVT  |VDD       (primary_power)|CLK D Q RSTB SE SETB SI 
                    |VDDG      (backup_power)|NRESTORE SAVE 
                    |VSS       (primary_ground)|CLK D NRESTORE Q RSTB SAVE SE SETB SI 
RSDFFNSRASRQX2_RVT  |VDD       (primary_power)|CLK D Q RSTB SE SETB SI 
                    |VDDG      (backup_power)|NRESTORE SAVE 
                    |VSS       (primary_ground)|CLK D NRESTORE Q RSTB SAVE SE SETB SI 
RSDFFNSRASRX1_RVT   |VDD       (primary_power)|CLK D Q QN RSTB SE SETB SI 
                    |VDDG      (backup_power)|NRESTORE SAVE 
                    |VSS       (primary_ground)|CLK D NRESTORE Q QN RSTB SAVE SE SETB SI 
RSDFFNSRASRX2_RVT   |VDD       (primary_power)|CLK D Q QN RSTB SE SETB SI 
                    |VDDG      (backup_power)|NRESTORE SAVE 
                    |VSS       (primary_ground)|CLK D NRESTORE Q QN RSTB SAVE SE SETB SI 
RSDFFNSRASX1_RVT    |VDD       (primary_power)|CLK D Q QN SE SETB SI 
                    |VDDG      (backup_power)|NRESTORE SAVE 
                    |VSS       (primary_ground)|CLK D NRESTORE Q QN SAVE SE SETB SI 
RSDFFNSRASX2_RVT    |VDD       (primary_power)|CLK D Q QN SE SETB SI 
                    |VDDG      (backup_power)|NRESTORE SAVE 
                    |VSS       (primary_ground)|CLK D NRESTORE Q QN SAVE SE SETB SI 
RSDFFNSRX1_RVT      |VDD       (primary_power)|CLK D Q QN SE SI 
                    |VDDG      (backup_power)|NRESTORE SAVE 
                    |VSS       (primary_ground)|CLK D NRESTORE Q QN SAVE SE SI 
RSDFFNSRX2_RVT      |VDD       (primary_power)|CLK D Q QN SE SI 
                    |VDDG      (backup_power)|NRESTORE SAVE 
                    |VSS       (primary_ground)|CLK D NRESTORE Q QN SAVE SE SI 
RSDFFNX1_RVT        |VDD       (primary_power)|CLK D Q QN SE SI 
                    |VDDG      (backup_power)|RETN 
                    |VSS       (primary_ground)|CLK D Q QN RETN SE SI 
RSDFFNX2_RVT        |VDD       (primary_power)|CLK D Q QN SE SI 
                    |VDDG      (backup_power)|RETN 
                    |VSS       (primary_ground)|CLK D Q QN RETN SE SI 
RSDFFSRARX1_RVT     |VDD       (primary_power)|CLK D Q QN RSTB SE SI 
                    |VDDG      (backup_power)|NRESTORE SAVE 
                    |VSS       (primary_ground)|CLK D NRESTORE Q QN RSTB SAVE SE SI 
RSDFFSRARX2_RVT     |VDD       (primary_power)|CLK D Q QN RSTB SE SI 
                    |VDDG      (backup_power)|NRESTORE SAVE 
                    |VSS       (primary_ground)|CLK D NRESTORE Q QN RSTB SAVE SE SI 
RSDFFSRASRX1_RVT    |VDD       (primary_power)|CLK D Q QN RSTB SE SETB SI 
                    |VDDG      (backup_power)|NRESTORE SAVE 
                    |VSS       (primary_ground)|CLK D NRESTORE Q QN RSTB SAVE SE SETB SI 
RSDFFSRASRX2_RVT    |VDD       (primary_power)|CLK D Q QN RSTB SE SETB SI 
                    |VDDG      (backup_power)|NRESTORE SAVE 
                    |VSS       (primary_ground)|CLK D NRESTORE Q QN RSTB SAVE SE SETB SI 
RSDFFSRASX1_RVT     |VDD       (primary_power)|CLK D Q QN SE SETB SI 
                    |VDDG      (backup_power)|NRESTORE SAVE 
                    |VSS       (primary_ground)|CLK D NRESTORE Q QN SAVE SE SETB SI 
RSDFFSRASX2_RVT     |VDD       (primary_power)|CLK D Q QN SE SETB SI 
                    |VDDG      (backup_power)|NRESTORE SAVE 
                    |VSS       (primary_ground)|CLK D NRESTORE Q QN SAVE SE SETB SI 
RSDFFSRSSRX1_RVT    |VDD       (primary_power)|CLK D Q QN RSTB SE SETB SI 
                    |VDDG      (backup_power)|NRESTORE SAVE 
                    |VSS       (primary_ground)|CLK D NRESTORE Q QN RSTB SAVE SE SETB SI 
RSDFFSRSSRX2_RVT    |VDD       (primary_power)|CLK D Q QN RSTB SE SETB SI 
                    |VDDG      (backup_power)|NRESTORE SAVE 
                    |VSS       (primary_ground)|CLK D NRESTORE Q QN RSTB SAVE SE SETB SI 
RSDFFSRX1_RVT       |VDD       (primary_power)|CLK D Q QN SE SI 
                    |VDDG      (backup_power)|NRESTORE SAVE 
                    |VSS       (primary_ground)|CLK D NRESTORE Q QN SAVE SE SI 
RSDFFSRX2_RVT       |VDD       (primary_power)|CLK D Q QN SE SI 
                    |VDDG      (backup_power)|NRESTORE SAVE 
                    |VSS       (primary_ground)|CLK D NRESTORE Q QN SAVE SE SI 
RSDFFX1_RVT         |VDD       (primary_power)|CLK D Q QN SE SI 
                    |VDDG      (backup_power)|RETN 
                    |VSS       (primary_ground)|CLK D Q QN RETN SE SI 
RSDFFX2_RVT         |VDD       (primary_power)|CLK D Q QN SE SI 
                    |VDDG      (backup_power)|RETN 
                    |VSS       (primary_ground)|CLK D Q QN RETN SE SI 

##################################################################################
# This section contains information about 'Tie Cell' inferred from library       #
#                                                                                #
##################################################################################
Cell Name       |Cell TIE |Always On |Switched |Switched |Always-on |Always-on      
                |Function |          |pwr pin  |gnd pin  |pwr pin   |gnd pin        
------------------------------------------------------------------------------------
TIEH_RVT        |TIE-HIGH |NO        |VDD      |VSS      |          |          
TIEL_RVT        |TIE-LOW  |NO        |VDD      |VSS      |          |          

##################################################################################
# This section contains List of 'Antenna Protection Cell' inferred from library. #
# A Cell which has only one Input pin other than the power/ground pins is        #
# inferred as an Antenna Protection Cell.                                        #
##################################################################################
Cell Name                                                                           
                                                                                    
------------------------------------------------------------------------------------
ANTENNA_RVT
BUSKP_RVT
CLOAD1_RVT
