################################################################################
#
# This file has been generated by SpyGlass:
#     Report Created by: ulisses.maffazioli
#     Report Created on: Tue Jul 14 00:04:34 2026
#     Working Directory: /home/mic63/ulisses.maffazioli/dft-labs/proj/santiago_cpu/0_synopsys_saed32_flow/dft/6_advisor_rtl_naive
#     Report Location  : ./out_data/naive_comb/top/dft/dft_dsm_best_practice/spyglass_reports/dft_dsm/transition_coverage_audit.rpt
#     SpyGlass Version : SpyGlass_vW-2024.09-SP2-8
#     Policy Name      : dft_dsm(SpyGlass_vW-2024.09-SP2-08)
#     Comment          : Generated by rule Info_transitionCoverage_audit
#
################################################################################

################################################################################
# Purpose :
#    Section 1: Provides an audit report on maximizing transition
#               fault coverage
#    Section 2: Provides an audit report to ensure that ATPG tests
#               operate as expected
################################################################################


################################################################################
# Format :
#    Section 1:
#    The first section of the report indicates the current coverage
#    for the design and the steps, in tabular format, that you need
#    to follow to improve the transition coverage. Each step has:
#        - The description of the root cause
#        - The improved fault and test coverage number, if the reported
#          issues for the step are fixed
#        - The diagnostic rules to debug the respective steps
#    
#    
#    Section 2:
#    The second section of the report covers rules that detect
#    conditions which, if not fixed, can prevent ATPG tests from
#    operating as expected.  As a result, actual coverage may be 
#    less than the result predicted by ATPG tools or tests may 
#    fail even when a chip is operating correctly.
#    
#    The rules in this section of the report are sorted by the
#    number of flip-flops affected by each rule
################################################################################
#
# Section 1:
#
   Explanation of each step in the order that they appear in the report:
       1. Non scan flip-flops    : Non scan flip-flops reduce circuit
                                   controllability and observability
                                   Use Async_07/Clock_11 to debug 
       2. Black box              : Terminals of non-scan-wrapped BB's are
                                   unobservable and uncontrollable
       3. Non-Transparent and                                      
          Non-Scannable Latches  : Non-transparent / Non-scannable latches require
                                   sequential ATPG. Detected using Latch_08 and Latch_19
                                   rules in dft/dft_best_practice goal
       4. 'no_scan' flip-flops   : 'force_no_scan' and inferred no scan flip-flops
                                   cannot be used for atspeed testing
       5. At speed domains of                                        
          scan flip-flops        : Scannable flip-flops must be clocked by 
                                   atspeed testclocks
                                   Use Atspeed_11 
       6. Use PIs and POs        : Set dsmUsePIForAtSpeed to 'on' to use
                                   primary inputs for launch
                                   Set dsmUsePOForAtSpeed to 'on' to use 
                                   primary outputs for capture
       7. Uncontrollable                                                  
          scan flip-flop d-pins  : Uncontrollable scan flip-flop data pins
                                   prevent launch of transition edges
                                   Use Atspeed_09 
       8. Clock domain crossing  : Faults near domain crossings are not detectable 
       9. 'no_atspeed' faults    : User-specified 'no_atspeed' faults are not 
                                   considered detectable
      10. Atspeed testmode value : Testmode values in atspeed mode restrict ATPG
      11. Tristate enable        : Enable pins of tristate devices are unobservable
      12. 'force_ta constraints  : forca_ta reduces testability of a design
      13. Hanging terminals      : Hanging terminals reduces controllability
      14. Feedback flip-flops    : Flip-flop q to d feedback may restrict launch 
                                   transitions
      15. False and multicycle
          paths                  : Faults on false paths and multicycle paths are 
                                   not detectable. Use parameter 'dsm_count_false_path_transition_faults' 
                                   to control their impact on transition fault and test coverage
      16. Undetected faults due to
          PG nets                : Power ground values restrict ATPG

    Transition fault and test coverage, in percentage, are reported for each top module:
    ------------------------------------------------------------------------------------

 <> For Top Module 'top'
    Atspeed launch method 'LAUNCH_ON_CAPTURE'

    Base transition fault coverage :100.0
    Base transition test  coverage :100.0

    Expected transition coverage data after each step.                                    
                                           Expected transition coverage
                                         --------------------------------
                                         Fault coverage     Test coverage     Action
    --------------------------------------------------------------------------------------
       1. Flip-flops made scannable            100.0              100.0        Clock_11 & Async_07 (No action required)

       2. Black-box made scanwrapped           100.0              100.0        Info_scanwrap (No action required)

       3. Latches made scannable               100.0              100.0        Latch_19 (No action required)

       4. 'no_scan' flip-flops made scannable  100.0              100.0        Info_noScan && Info_inferredNoScan (No action required)

       5. At speed test clocks                 100.0              100.0        Atspeed_11 (No action required)

       6. PI and PO used for   
          launch and capture                   100.0              100.0        set usePI & usePO to 'on'  (No action required)

       7. Controllable flip-flop d-pins        100.0              100.0        Atspeed_09 (No action required)

       8. Clock domain crossing                100.0              100.0        Atspeed_06 & Diagnose_04 (No action required)

       9. 'no_atspeed' faults removed          100.0              100.0        Info_noAtspeed (No action required)

       10. Atspeed test mode                   100.0              100.0        Info_testmode && Info_untestable (No action required)

       11. Tristate enables                    100.0              100.0        TA_09 (No action required)

       12. Undetected faults     
           due to 'force_ta'                   100.0              100.0        TA_09 (No action required)

       13. Hanging terminals                   100.0              100.0        TA_09 (No action required)

       14. Flip-flops with q to d feedback     100.0              100.0        consider redesign (No action required)

       15. False path faults                   100.0              100.0        Diagnose_03 (No action required)

       16. Undetected faults due to PG nets    100.0              100.0        Info_pwrGndSim, Info_synthRedundant & Atspeed_09 (No action required)

    --------------------------------------------------------------------------------------
############################################################################################
#
# Section 2:
#
 <> For Top Module 'top'
    Percentage of flip-flops which have at least one reason for non-robustness: 0.0% (0/0)
    Percentage of flip-flops tagged by each rule are listed below:
  ------------------------------------------------------------------------------------------
               Rule               |       Percentage       |        Ratio(tagged/total)
  ------------------------------------------------------------------------------------------
    Atspeed_03                               0.0                          0/0
    Atspeed_04                               0.0                          0/0
    Atspeed_05                               0.0                          0/0
    Atspeed_14                               0.0                          0/0
    Atspeed_22                               0.0                          0/0
    Atspeed_25                               0.0                          0/0
    Atspeed_30                               0.0                          0/0
    CG_07                                    0.0                          0/0

  ------------------------------------------------------------------------------------------
############################################################################################
