################################################################################
#
# This file has been generated by SpyGlass:
#     Report Created by: ulisses.maffazioli
#     Report Created on: Tue Jul 14 00:04:34 2026
#     Working Directory: /home/mic63/ulisses.maffazioli/dft-labs/proj/santiago_cpu/0_synopsys_saed32_flow/dft/6_advisor_rtl_naive
#     Report Location  : ./out_data/naive_comb/top/dft/dft_dsm_best_practice/spyglass_reports/dft/dft_optional_sgdc.rpt
#     SpyGlass Version : SpyGlass_vW-2024.09-SP2-8
#     Policy Name      : dft(SpyGlass_vW-2024.09-SP2-08)
#     Comment          : Generated by rule dftOptional_Constraint_Check
#
################################################################################

################################################################################
# Purpose :
#     This file has been generated by DFT-Rule
#     'dft_Optional_Constraint_Check'. It has
#     list of all the missing optional constraint
#     needed by a dft rule.
#     'Optional constraints, however, only affect the rule-behaviour.
################################################################################


################################################################################
# Format :
#     For each top-level module, and for each 'enabled' rule, the 'optional'
#     constraints required are listed. Alongside the constraint name is a '[+]'
#     or a '[-]' to indicate whether that constraint was found or not.
################################################################################
################################################################################
              RULE                       OPTIONAL CONSTRAINT
################################################################################


Current_Design : top
----------------------------------------------------------------------
     Info_testmode
                               clock -testclock[-]
                                      test_mode[-]
----------------------------------------------------------------------
    Info_testclock
                                      test_mode[-]
----------------------------------------------------------------------
