################################################################################
#
# This file has been generated by SpyGlass:
#     Report Created by: ulisses.maffazioli
#     Report Created on: Mon Jul 13 11:38:26 2026
#     Working Directory: /home/mic63/ulisses.maffazioli/dft-labs/proj/santiago_cpu/0_synopsys_saed32_flow/dft/advisor_flow_naive
#     Report Location  : ./out_data/naive_comb/top/dft/dft_scan_ready/spyglass_reports/dft/no_scan.rpt
#     SpyGlass Version : SpyGlass_vW-2024.09-SP2-8
#     Policy Name      : dft(SpyGlass_vW-2024.09-SP2-08)
#     Comment          : Generated by rule Info_noScan
#
################################################################################

################################################################################
# Purpose :
#    List of all objects which are marked as 'no scan' due to 
#    presence of 'no_scan' sgdc command.

################################################################################


################################################################################
# Format :
#    Design Name : design
#      'number of no-scan objects' <sgdc command>
#        FF | Latch | BB: Object name

################################################################################


################################################################################
  Design Name : "top"


  SUMMARY:
  '0' objects are marked as 'force_no_scan' for design "top"
################################################################################

