################################################################################
#
# This file has been generated by SpyGlass:
#     Report Created by: ulisses.maffazioli
#     Report Created on: Mon Jul 13 11:20:17 2026
#     Working Directory: /home/mic63/ulisses.maffazioli/dft-labs/proj/santiago_cpu/0_synopsys_saed32_flow/dft/advisor_flow_naive
#     Report Location  : ./out_data/naive/top/dft/dft_dsm_best_practice/spyglass_reports/dft_dsm/transition_coverage_clockdomain_reports/transition_coverage_clockdomain_clk.rpt
#     SpyGlass Version : SpyGlass_vW-2024.09-SP2-8
#     Policy Name      : dft_dsm(SpyGlass_vW-2024.09-SP2-08)
#     Comment          : Generated by rule Info_transitionCoverage
#
################################################################################

################################################################################
# Purpose :
#     Report type       : Transition coverage clockdomain
#     Fault Coverage report Grouped by Clock Domain
################################################################################

 <>ABBREVIATIONS & DEFINITIONS OF TERMS : 
       1. hierarchical instance : an instance which has other hierarchical instances
                           and/or basic cells within it.

       2. DT fault     :   Faults which are either 1->0 transition detectable or 
                           0->1 detectable.

       3. !DT/ND fault :   Faults which are neither 1->0 transition detectable or 
                           0->1 detectable.
                           ND faults can be further categorised based on their cause.
                            Abbreviation     Sub Category 
                            ------------     ------------ 
                                   ND_CLF :  CONTROL_LINE_FAULTS
                                   ND_NSF :  NON_SCAN_FF        
                                   ND_BB  :  BLACK_BOX          
                                   ND_LT  :  LATCH              
                                   ND_NSC :  NO_SCAN_CONST      
                                   ND_AC  :  NO_ATSPEED_CLOCK   
                                   ND_PI  :  PI_PO              
                                   ND_BD  :  BAD_D_PIN          
                                   ND_DC  :  DOMAIN_CROSSING    
                                   ND_NAF :  NO_ATSPEED_FAULT   
                                   ND_ATM :  ATSPEED_TESTMODE   
                                   ND_FP  :  FALSE_PATH_SDC     
                                   ND_TE  :  TRISTATE_ENABLE    
                                   ND_FTA :  FORCE_TA           
                                   ND_HT  :  HANGING_TERM       
                                   ND_QD  :  Q_TO_D_FEEDBACK    
                                   ND_PG  :  PG_NETS            

       4. UT fault     :   Faults which are
                           1. Tied to constant value
                           2. Driving only asynchronous pins of scan flip-flops
                           3. Acting as clock enable logic.

       5. UU fault     :   An unused fault. Fault at a terminal becomes UU if that terminal
                           cannot be reached from the output ports. They are ignored because
                           they cannot affect system operation. By default, latches / 
                           blackboxes, whose outputs fanout to SyRd nodes only, and their 
                           fanin cone can be UU. If parameter dftUUMarking is set to 'on' then 
                           flip-flops, whose outputs fanout to SyRd nodes only, and their fanin
                           cone can be UU. 

       6. SyRd fault   :   Faults at terminals which are Sy[= synthesis]Rd[= redundant].
                           These are terminals which are likely to be removed by an 
                           optimizing synthesizer, and hence should not be considered 
                           for fault/test coverage analysis. These are of the following types:
                           a) Pins which are tied high/low,
                           b) Pins blocked in power ground mode, and 
                           c) Unconnected combinational logic - all logic combinationally
                           connected to nodes that do not fanout to primary port. 

       7. LR fault     :   These are logically redundant faults. Whatever be the state
                           of circuit, output on such nodes will always be a fixed 
                           value or are blocked by such fixed value nodes.

       8. FP fault     :   These are the faults which lie on false/multi-cycle path 
                           False paths can be specified through SDC file or through
                           'false_path' sgdc command.
       9. TI/BL fault  :   This fault class comprises of faults which arise because of nets
                           being tied to 0 (Low) or 1(High), and the logic blocked by such nets.
                           If a net is either tied to 0 or 1, both t/01 and t/10 faults on the
                           corresponding fault-node are TIED. 
                           An input of a combinational gate tied to an appropriate value will 
                           make the faults in the fanin-cone of the other input as blocked. 
                           For example, an input of an AND gate tied to 0, will make faults 
                           in fanin-cone of the other input BLOCKED. 

                           

    FORMULAE USED : 

                                Transition Detectable Fault Count 
    Fault-Coverage(FC) % =  ------------------------------------------------------------------------------------------- x 100
                                (2*terminalCount) - SyRd_faultCount - FPCount

                                Transition Detectable Fault Count 
    Test-Coverage(TC)  % =  ------------------------------------------------------------------------------------------- x 100
                                (2*terminalCount) - SyRd_faultCount - TICount - BLCount - UUCount - FPCount - LRCount



 <>For top module the summary has been reported in three columns as follows:
    Column 1: fault and coverage data due to top-level ports and internal design.
    Column 2: fault and coverage data due to top-level ports only.
    Column 3: fault and coverage data due to internal design only.


################################################################################
# Design information :
#     Top module            :'top' 
#     DomainName            : top.clk 
#     ClockName             : top.clk 
#     ATSPEED LAUNCH METHOD : LAUNCH_ON_CAPTURE 

################################################################################


		  Fault Heads                  |    Total   |   Ports    |  Internal  |

		Total faults                   |          46|          12|          34|
		SyRd faults                    |           0|           0|           0|
		Faults Considered              |          46|          12|          34|
		Un-Used (UU)                   |           0|           0|           0|
		Tied (TI)                      |           0|           0|           0|
		Blocked (BL)                   |           0|           0|           0|
		False path faults (FP)         |           0|           0|           0|
		Logical Redundant faults (LR)  |           0|           0|           0|
		Un-Testable (UT)               |           0|           0|           0|
		Detectable (DT)                |          46|          12|          34|
		Un-Detectable (!DT)            |           0|           0|           0|
		Fault-coverage(in %)           |       100.0|       100.0|       100.0|
		Test-coverage(in %)            |       100.0|       100.0|       100.0|


    fault type    status        cell-type                hier/pin/name
    ----------    ------        ---------                -------------

<>Listing 'all' faults for design unit 'top'
     t/01          DT             primary_input           a
     t/01          DT             primary_input           b
     t/01          DT             primary_input           c
     t/01          DT             primary_input           d
     t/01          DT             primary_input           e
     t/01          DT             primary_output          z
     t/10          DT             primary_input           a
     t/10          DT             primary_input           b
     t/10          DT             primary_input           c
     t/10          DT             primary_input           d
     t/10          DT             primary_input           e
     t/10          DT             primary_output          z
     t/01          DT             and                     top.rtlc_I6.Z
     t/01          DT             and                     top.rtlc_I6.in1
     t/01          DT             and                     top.rtlc_I6.in2
     t/01          DT             and                     top.rtlc_I8.Z
     t/01          DT             and                     top.rtlc_I8.in1
     t/01          DT             and                     top.rtlc_I8.in2
     t/01          DT             or                      top.rtlc_I10.Z
     t/01          DT             or                      top.rtlc_I10.in1
     t/01          DT             or                      top.rtlc_I10.in2
     t/01          DT             or                      top.rtlc_I12.Z
     t/01          DT             or                      top.rtlc_I12.in1
     t/01          DT             or                      top.rtlc_I12.in2
     t/01          DT             or                      top.rtlc_I14.Z
     t/01          DT             or                      top.rtlc_I14.in1
     t/01          DT             or                      top.rtlc_I14.in2
     t/01          DT             flop                    top.z_reg.Q
     t/01          DT             flop                    top.z_reg.D
     t/10          DT             and                     top.rtlc_I6.Z
     t/10          DT             and                     top.rtlc_I6.in1
     t/10          DT             and                     top.rtlc_I6.in2
     t/10          DT             and                     top.rtlc_I8.Z
     t/10          DT             and                     top.rtlc_I8.in1
     t/10          DT             and                     top.rtlc_I8.in2
     t/10          DT             or                      top.rtlc_I10.Z
     t/10          DT             or                      top.rtlc_I10.in1
     t/10          DT             or                      top.rtlc_I10.in2
     t/10          DT             or                      top.rtlc_I12.Z
     t/10          DT             or                      top.rtlc_I12.in1
     t/10          DT             or                      top.rtlc_I12.in2
     t/10          DT             or                      top.rtlc_I14.Z
     t/10          DT             or                      top.rtlc_I14.in1
     t/10          DT             or                      top.rtlc_I14.in2
     t/10          DT             flop                    top.z_reg.Q
     t/10          DT             flop                    top.z_reg.D
