################################################################################
#
# This file has been generated by SpyGlass:
#     Report Created by: ulisses.maffazioli
#     Report Created on: Tue Jul 14 00:04:28 2026
#     Working Directory: /home/mic63/ulisses.maffazioli/dft-labs/proj/santiago_cpu/0_synopsys_saed32_flow/dft/6_advisor_rtl_naive
#     Report Location  : ./out_data/naive_comb/top/dft/dft_dsm_random_resistance/spyglass_reports/dft/dft_corrective_sgdc.rpt
#     SpyGlass Version : SpyGlass_vW-2024.09-SP2-8
#     Policy Name      : dft(SpyGlass_vW-2024.09-SP2-08)
#     Comment          : Generated by rule dsmFLATDU_RFExit
#
################################################################################

################################################################################
# Purpose :
#     The report contains list of constraints from which user 
#     can choose for suppressing the concerned rules.
#     These constraint are in addition to the constraints
#     (if specified by user in constraint file).
#     Note: For testmode constraint generation power ground
#           nets are not considered.
################################################################################


################################################################################
# Format :
#     Name of the design and the constraints are listed
################################################################################
################################################################################
#
#  This file has been generated by the SpyGlass SGDC decompile routine
#

#Design Constraints :

current_design top

#Waive Constraints :
waive -rule _domainInfo _domainAnalysis2 --delete_internal_use_only 
