################################################################################
#
# This file has been generated by SpyGlass:
#     Report Created by: ulisses.maffazioli
#     Report Created on: Mon Jul 13 21:46:55 2026
#     Working Directory: /home/mic63/ulisses.maffazioli/dft-labs/proj/santiago_cpu/0_synopsys_saed32_flow/dft/1_advisor_rtl_santiago
#     Report Location  : ./out_data/santiago/top_santiago_cpu/dft/dft_dsm_best_practice/spyglass_reports/dft_dsm/dft_dsm_clock_gating_cell.rpt
#     SpyGlass Version : SpyGlass_vW-2024.09-SP2-8
#     Policy Name      : dft_dsm(SpyGlass_vW-2024.09-SP2-08)
#     Comment          : Generated by rule CG_generateReport
#
################################################################################

################################################################################
# Purpose :
# I   Lists modules having structure similar to standard clock gating cells.
#
# II  Lists information about Clock Gating Cells (CGCs) in the design: 
#     Name, ModuleName(name of master module), Type, Test-enable pin,
#     Clock source(shift mode), Number of flip-flops connected, and CG rule 
#     violations (if any).
################################################################################


################################################################################
# Assumptions :
#     List of assumptions in handling of clock gating cell: 
#     1. Only one enable pin is required to set on to its required active value 
#        to propagate clock through gating cell. 
#     2. gating_cell constraint will take precedence over behavioural model of 
#        clock gating cell.
#     3. CG_consistency rule checks for inconsistency between behavioural model 
#        of clock gating cell and gating_cell constraint applied on it.
################################################################################


################################################################################
# Format :
# Section I: 
#     gating_cell -name moduleName -clkinTerm ckin -clkout ckoutTerm -clkEdgeType edgeType 
#          #instanceCount  -  affected flip-flops 'X' 
#               #inst1 - flopCount1  
#               #inst2 - flopCount2 
#
# Section II: 
#     Name     ModuleName     Type     Test-En     Clock(Shift_Mode)     Flops     Violations
#
# SUMMARY
#          Top Module Name : 'designName'
#       Distinct Clk Count : XX
#          Total CGC Count : XX
#       Inferred CGC Count : XX
#      Potential CGC Count : XX  
################################################################################

################################################################################
# Design : "top_santiago_cpu"
################################################################################

current_design "top_santiago_cpu"
# Section I:
    #None

# Section II: 
    #None

################################################################################
# Summary :
#          Top Module Name : 'top_santiago_cpu'
#       Distinct Clk Count : 0
#          Total CGC Count : 0
#       Inferred CGC Count : 0
#      Potential CGC Count : 0
################################################################################

