################################################################################
#
# This file has been generated by SpyGlass:
#     Report Created by: ulisses.maffazioli
#     Report Created on: Mon Jul 13 21:46:55 2026
#     Working Directory: /home/mic63/ulisses.maffazioli/dft-labs/proj/santiago_cpu/0_synopsys_saed32_flow/dft/1_advisor_rtl_santiago
#     Report Location  : ./out_data/santiago/top_santiago_cpu/dft/dft_dsm_best_practice/spyglass_reports/dft/ff_async_reconvergence.rpt
#     SpyGlass Version : SpyGlass_vW-2024.09-SP2-8
#     Policy Name      : dft(SpyGlass_vW-2024.09-SP2-08)
#     Comment          : Generated by rule Atspeed_25
#
################################################################################

################################################################################
# Purpose :
#    List of all combinational path which reconvergences
#    at asynchronous pins of flip-flops.
################################################################################


################################################################################
# Format :
#    The name of the start net and end net are given
#    followed by the details of the reconvergence path
################################################################################

################################################################################
#SUMMARY : 
#	design : top_santiago_cpu 
#	mode   : capture_atspeed
#        No reconverging logic found.
################################################################################
