
################################################################################
#
# This file has been generated by SpyGlass:
#     Report Name      : no_msg_reporting_rules
#     Report Created by: ulisses.maffazioli
#     Report Created on:  Mon Jul 13 21:46:54 2026
#     Working Directory: /home/mic63/ulisses.maffazioli/dft-labs/proj/santiago_cpu/0_synopsys_saed32_flow/dft/1_advisor_rtl_santiago
#     SpyGlass Version : SpyGlass_vW-2024.09-SP2-8
#     Policy Name      : SpyGlass(SpyGlass_vW-2024.09-SP2-08)
#                        dft(SpyGlass_vW-2024.09-SP2-08)
#                        dft_dsm(SpyGlass_vW-2024.09-SP2-08)
#
#     Total Number of Generated Messages :         18
#     Number of Waived Messages          :          0
#     Number of Reported Messages        :         18
#     Number of Overlimit Messages       :          0
#
#
################################################################################

NO VIOLATION RULE REPORT :
++++++++++++++++++++++++++++++++++++++++++++++++++++++++++++++++++++++++++++++++

Following rules did not produce any violation or waived off during spyglass run

++++++++++++++++++++++++++++++++++++++++++++++++++++++++++++++++++++++++++++++++


================================================================================
	INDEX                                   RULE-NAME
================================================================================
	1                                  Atspeed_03
	2                                  Atspeed_04
	3                                  Atspeed_06
	4                                  Atspeed_07
	5                                  Atspeed_09
	6                                  Atspeed_11
	7                                  Atspeed_14
	8                                  Atspeed_19
	9                                  Atspeed_20
	10                                 Atspeed_22
	11                                 Atspeed_30
	12                                 CG_01_atspeed
	13                                 CG_01_capture
	14                                 CG_01_shift
	15                                 CG_02_atspeed
	16                                 CG_02_capture
	17                                 CG_03_atspeed
	18                                 CG_03_capture
	19                                 CG_07
	20                                 Diagnose_02
	21                                 Diagnose_03
	22                                 Diagnose_04
================================================================================
