
################################################################################
#
# This file has been generated by SpyGlass:
#     Report Name      : count
#     Report Created by: ulisses.maffazioli
#     Report Created on:  Mon Jul 13 11:38:25 2026
#     Working Directory: /home/mic63/ulisses.maffazioli/dft-labs/proj/santiago_cpu/0_synopsys_saed32_flow/dft/advisor_flow_naive
#     SpyGlass Version : SpyGlass_vW-2024.09-SP2-8
#     Policy Name      : SpyGlass(SpyGlass_vW-2024.09-SP2-08)
#                        clock-reset(SpyGlass_vW-2024.09-SP2-08)
#                        dft(SpyGlass_vW-2024.09-SP2-08)
#                        morelint(SpyGlass_vW-2024.09-SP2-08)
#                        power_est(SpyGlass_vW-2024.09-SP2-08)
#
#     Total Number of Generated Messages :         30
#     Number of Waived Messages          :          0
#     Number of Reported Messages        :         30
#     Number of Overlimit Messages       :          0
#
#
################################################################################

+++++++++++++++++++++++++++++++++++++++++++++++++++++++++++++++++++++++
COUNT REPORT:
Rule                            Reported    Waived      Total
======================================================================
DetectTopDesignUnits            1           0           1
Diagnose_testclock              1           0           1
ElabSummary                     1           0           1
Info_DftDebugData               1           0           1
Info_coverage                   1           0           1
Info_forcedScan                 1           0           1
Info_generated_reports          1           0           1
Info_inferredNoScan             1           0           1
Info_noScan                     1           0           1
Info_testclock                  1           0           1
Info_untestable                 1           0           1
dftMandatory_Constraint_Check   1           0           1
dftOptional_Constraint_Check    1           0           1
Diagnose_testmode               2           0           2
Info_scanwrap                   2           0           2
Info_testmode                   2           0           2
Coverage_audit                  11          0           11
+++++++++++++++++++++++++++++++++++++++++++++++++++++++++++++++++++++++
