
################################################################################
#
# This file has been generated by SpyGlass:
#     Report Name      : simple
#     Report Created by: ulisses.maffazioli
#     Report Created on:  Mon Jul 13 11:38:25 2026
#     Working Directory: /home/mic63/ulisses.maffazioli/dft-labs/proj/santiago_cpu/0_synopsys_saed32_flow/dft/advisor_flow_naive
#     SpyGlass Version : SpyGlass_vW-2024.09-SP2-8
#     Policy Name      : SpyGlass(SpyGlass_vW-2024.09-SP2-08)
#                        clock-reset(SpyGlass_vW-2024.09-SP2-08)
#                        dft(SpyGlass_vW-2024.09-SP2-08)
#                        morelint(SpyGlass_vW-2024.09-SP2-08)
#                        power_est(SpyGlass_vW-2024.09-SP2-08)
#
#     Total Number of Generated Messages :         30
#     Number of Waived Messages          :          0
#     Number of Reported Messages        :         30
#     Number of Overlimit Messages       :          0
#
#
################################################################################

+++++++++++++++++++++++++++++++++++++++++++++++++++++++++++++++++++++++
SIMPLE REPORT:


############### BuiltIn -> RuleGroup=Design Read ###############
+++++++++++++++++++++++++++++++++++++++++++++++++++++++++++++++++++++++++++++++++++++++
ID       Rule                     File                                                                                        Line     Severity     Message
=====================================================================================================
[1]      DetectTopDesignUnits     ./inp_data/rtl/top_comb.v                                                                   1        Info         Module top is a top level design unit
[0]      ElabSummary              ./out_data/naive_comb/top/dft/dft_scan_ready/spyglass_reports/SpyGlass/elab_summary.rpt     0        Info         Please refer file './out_data/naive_comb/top/dft/dft_scan_ready/spyglass_reports/SpyG...
+++++++++++++++++++++++++++++++++++++++++++++++++++++++++++++++++++++++


############### Non-BuiltIn -> Goal=dft/dft_scan_ready ###############
+++++++++++++++++++++++++++++++++++++++++++++++++++++++++++++++++++++++++++++++++++++++
ID       Rule                              File                                                                                                   Line     Severity         Message
=====================================================================================================
[2]      dftMandatory_Constraint_Check     ./out_data/naive_comb/top/dft/dft_scan_ready/spyglass_reports/dft/dft_mandatory_sgdc.rpt               21       InputWarning     One or more mandatory constraints missing in module 'top'. Please see summary report ...
[1C]     Coverage_audit                    ./inp_data/rtl/top_comb.v                                                                              1        Info             For Design Unit 'top'[ 0. Original design], Fault-Coverage = 100.0 %, Test-Coverage =...
[1D]     Coverage_audit                    ./inp_data/rtl/top_comb.v                                                                              1        Info             For Design Unit 'top'[ 1. PIs and POs made controllable & observable], Fault-Coverage...
[1E]     Coverage_audit                    ./inp_data/rtl/top_comb.v                                                                              1        Info             For Design Unit 'top'[ 2. Flip-flops made scannable], Fault-Coverage = 100.0 %, Test-...
[1F]     Coverage_audit                    ./inp_data/rtl/top_comb.v                                                                              1        Info             For Design Unit 'top'[ 3. Scan-wrap black boxes], Fault-Coverage = 100.0 %, Test-Cove...
[20]     Coverage_audit                    ./inp_data/rtl/top_comb.v                                                                              1        Info             For Design Unit 'top'[ 4. Latches made Transparent], Fault-Coverage = 100.0 %, Test-C...
[21]     Coverage_audit                    ./inp_data/rtl/top_comb.v                                                                              1        Info             For Design Unit 'top'[ 5. Combinational Loops made controllable], Fault-Coverage = 10...
[22]     Coverage_audit                    ./inp_data/rtl/top_comb.v                                                                              1        Info             For Design Unit 'top'[ 6. Testmode/Tied pins made controllable], Fault-Coverage = 100...
[23]     Coverage_audit                    ./inp_data/rtl/top_comb.v                                                                              1        Info             For Design Unit 'top'[ 7. Hanging nets made controllable], Fault-Coverage = 100.0 %, ...
[24]     Coverage_audit                    ./inp_data/rtl/top_comb.v                                                                              1        Info             For Design Unit 'top'[ 8. Tristate enables made observable], Fault-Coverage = 100.0 %...
[25]     Coverage_audit                    ./inp_data/rtl/top_comb.v                                                                              1        Info             For Design Unit 'top'[ 9. 'force_ta' and 'test_point' constraint pins made testable],...
[26]     Coverage_audit                    ./inp_data/rtl/top_comb.v                                                                              1        Info             For Design Unit 'top'[ 10. 'no_scan' flip-flops made scannable], Fault-Coverage = 100...
[6]      Diagnose_testclock                ./inp_data/rtl/top_comb.v                                                                              1        Info             Constraint 'clock -testclock' missing in design 'top'
[4]      Diagnose_testmode                 ./inp_data/rtl/top_comb.v                                                                              1        Info             Shift mode signal propagates through all instances for design 'top'
[5]      Diagnose_testmode                 ./inp_data/rtl/top_comb.v                                                                              1        Info             Capture mode signal propagates through all instances for design 'top'
[11]     Info_DftDebugData                 ./inp_data/rtl/top_comb.v                                                                              1        Info             DFT data for design block 'top'
[8]      Info_coverage                     ./inp_data/rtl/top_comb.v                                                                              1        Info             Stuck_at (combinational) coverage estimate for design 'top': fault_coverage = 100.0% ...
[D]      Info_forcedScan                   ./inp_data/rtl/top_comb.v                                                                              1        Info             Constraint 'force_scan' is not specified for design 'top'
[27]     Info_generated_reports            ./out_data/naive_comb/top/dft/dft_scan_ready/spyglass_reports/dft/dft_generated_dc_constraints.tcl     0        Info             Report file './out_data/naive_comb/top/dft/dft_scan_ready/spyglass_reports/dft/dft_ge...
[E]      Info_inferredNoScan               ./inp_data/rtl/top_comb.v                                                                              1        Info             No flip-flop of design 'top' is inferred as no_scan
[C]      Info_noScan                       ./inp_data/rtl/top_comb.v                                                                              1        Info             Constraint 'force_no_scan' is not specified for design 'top'
[F]      Info_scanwrap                     ./out_data/naive_comb/top/dft/dft_scan_ready/spyglass_reports/dft/scan_wrap.rpt                        0        Info             Scanwrap constraint file './out_data/naive_comb/top/dft/dft_scan_ready/spyglass_repor...
[10]     Info_scanwrap                     ./inp_data/rtl/top_comb.v                                                                              1        Info             In design 'top', scan_wrap sgdc command is not supplied
[B]      Info_testclock                    ./inp_data/rtl/top_comb.v                                                                              1        Info             Constraint 'clock -testclock' missing in design 'top'
[9]      Info_testmode                     ./inp_data/rtl/top_comb.v                                                                              1        Info             All simulation value in 'Shift mode' for design 'top' are 'U'
[A]      Info_testmode                     ./inp_data/rtl/top_comb.v                                                                              1        Info             All simulation value in 'Capture mode' for design 'top' are 'U'
[7]      Info_untestable                   ./inp_data/rtl/top_comb.v                                                                              1        Info             In design 'top': '0' faults (over '0' pin(s)) are untestable
[3]      dftOptional_Constraint_Check      ./out_data/naive_comb/top/dft/dft_scan_ready/spyglass_reports/dft/dft_optional_sgdc.rpt                21       Info             One or more optional constraints missing in module 'top'. Please see summary report i...
+++++++++++++++++++++++++++++++++++++++++++++++++++++++++++++++++++++++
