################################################################################
#
# This file has been generated by SpyGlass:
#     Report Created by: ulisses.maffazioli
#     Report Created on: Mon Jul 13 11:20:03 2026
#     Working Directory: /home/mic63/ulisses.maffazioli/dft-labs/proj/santiago_cpu/0_synopsys_saed32_flow/dft/advisor_flow_naive
#     Report Location  : ./out_data/naive/top/dft/dft_best_practice/spyglass_reports/dft/bist_ready_summary.rpt
#     SpyGlass Version : SpyGlass_vW-2024.09-SP2-8
#     Policy Name      : dft(SpyGlass_vW-2024.09-SP2-08)
#     Comment          : Generated by rule BIST_01
#
################################################################################

################################################################################
# Purpose :
#     The report summarizes all the BIST_XX rule violations
#     BIST_01:
#     Reports the number of flip-flops for which fanin cone width is higher than
#     the value specified by 'flopInFaninCount'
#     BIST_02:
#     Reports the number of gates for which fanin count is higher than
#     the value specified by 'gateInputCount'
#     BIST_03:
#     Reports the number of flip-flops for which the initial value is not set
#     even after the initialization sequence is applied
#     BIST_04:
#     Reports the number of observable points which are driven by unknown ('X')
#     sources
#     BIST_05:
#     Reports the number of TIE_X cell outputs which are not bypassed
#
#     NOTE : For more details, refer to the corresponding rule violations
################################################################################


################################################################################
# Format :
#     Top design unit: <top_design_name>
#
#     BIST_01:
#        <N> flip-flops have more than <flopInFaninCount> sources (flip-flops and black boxes) in fanin
#
#     BIST_02:
#        <N> gates have more than <gateInputCount> fanins
#
#     BIST_03:
#        <N> flip-flops remain uninitialized
#
#     BIST_04:
#        <N> observable points are driven by 'X' sources
#
#     BIST_05:
#        <N> TIE_X cell outputs are not bypassed
#
#     NOTE : If a particular rule is disabled in the current run, then
#     there will not be a section corresponding to that rule
################################################################################


################################################################################
Top design unit: top

BIST_01:
   No flip-flop has more than '150' sources (flip-flops and black boxes) in fanin
