SpyGlass run started at 03:46:36  on jul 12 2026 

SpyGlass Predictive Analyzer(R) - Version SpyGlass_vW-2024.09-SP2-8
Synopsys TestMAX(TM)
SpyGlass Fault Analysis
Last compiled on Feb  2 2026

All Rights Reserved. Use, disclosure or duplication
without prior written permission of Synopsys Inc. is prohibited.
Technical support: email spyglass_support@synopsys.com.

Loading Policy: spyglass (Version: SpyGlass_vW-2024.09-SP2-08) from path: /tools/synopsys/tmadvisor/spyglass/W-2024.09-SP2-8/SPYGLASS_HOME/policies/spyglass
Loading Shared library libspyglassrules-Linux4.spyso from /tools/synopsys/tmadvisor/spyglass/W-2024.09-SP2-8/SPYGLASS_HOME/lib/libspyglassrules-Linux4.spyso 
Loading Shared library libsdcInitRules-Linux4.spyso from /tools/synopsys/tmadvisor/spyglass/W-2024.09-SP2-8/SPYGLASS_HOME/lib/libsdcInitRules-Linux4.spyso 
Loading Shared library librmerules-Linux4.spyso from /tools/synopsys/tmadvisor/spyglass/W-2024.09-SP2-8/SPYGLASS_HOME/lib/librmerules-Linux4.spyso 
Version of Policy 'dft': SpyGlass_vW-2024.09-SP2-08
Loading Shared library libDftRules-Linux4.spyso from /tools/synopsys/tmadvisor/spyglass/W-2024.09-SP2-8/SPYGLASS_HOME/policies/dft/libDftRules-Linux4.spyso 
 Reading sgdc file "./santiago.sgdc" ...
 Reading waiver file "./sg_results/santiago/top_santiago_cpu/dft/dft_scan_ready/spyglass_spysch/waiver/pragma2Waiver.swl" ...
##SGDEBUG [BENCHMARK_ABSOLUTE]: Flattening started: 2 sec, 96.35 sec, 301988 KB, 1322964 KB
##SGDEBUG [BENCHMARK_INCR]: Flattening started: 0 sec, 0.05 sec, 1488 KB, 0 KB
 Flattening top_santiago_cpu (.lib instances separately flattened) ....
     (Memory Used = 3384.0K(incr), 305372.0K(tot), Cpu Time = 0.01s(incr))
 Flattening completed
##SGDEBUG [BENCHMARK_DATA]: Number of Flat Instances = 475
##SGDEBUG [BENCHMARK_DATA]: Number of Flat Nets = 559
##SGDEBUG [BENCHMARK_DATA]: Number of Flat Terms = 2063
##SGDEBUG [BENCHMARK_DATA]: Number of Flat Paths = 10
##SGDEBUG [BENCHMARK_DATA]: Number of Flat Ports = 58
##SGDEBUG [BENCHMARK_DATA]: Number of Black-Box Instances = 0
##SGDEBUG [BENCHMARK_DATA]: Number of Lib Instances = 0
##SGDEBUG [BENCHMARK_DATA]: Number of ILM Instances = 0
##SGDEBUG [BENCHMARK_ABSOLUTE]: Flattening finished: 2 sec, 96.36 sec, 305372 KB, 1331852 KB
##SGDEBUG [BENCHMARK_INCR]: Flattening finished: 0 sec, 0.02 sec, 3384 KB, 8888 KB
