################################################################################
#
# This file has been generated by SpyGlass:
#     Report Created by: ulisses.maffazioli
#     Report Created on: Mon Jul 13 11:38:34 2026
#     Working Directory: /home/mic63/ulisses.maffazioli/dft-labs/proj/santiago_cpu/0_synopsys_saed32_flow/dft/advisor_flow_naive
#     Report Location  : ./out_data/naive_comb/top/dft/dft_best_practice/spyglass_reports/dft/ff_async_reconvergence.rpt
#     SpyGlass Version : SpyGlass_vW-2024.09-SP2-8
#     Policy Name      : dft(SpyGlass_vW-2024.09-SP2-08)
#     Comment          : Generated by rule Topology_13
#
################################################################################

################################################################################
# Purpose :
#    List of all combinational path which reconvergences
#    at asynchronous pins of flip-flops.
################################################################################


################################################################################
# Format :
#    The name of the start net and end net are given
#    followed by the details of the reconvergence path
################################################################################

################################################################################
#SUMMARY : 
#	design : top 
#	mode   : capture
#        No reconverging logic found.
################################################################################
