
################################################################################
#
# This file has been generated by SpyGlass:
#     Report Name      : moresimple
#     Report Created by: ulisses.maffazioli
#     Report Created on:  Mon Jul 13 11:38:33 2026
#     Working Directory: /home/mic63/ulisses.maffazioli/dft-labs/proj/santiago_cpu/0_synopsys_saed32_flow/dft/advisor_flow_naive
#     SpyGlass Version : SpyGlass_vW-2024.09-SP2-8
#     Policy Name      : SpyGlass(SpyGlass_vW-2024.09-SP2-08)
#                        dft(SpyGlass_vW-2024.09-SP2-08)
#
#     Total Number of Generated Messages :         43
#     Number of Waived Messages          :          0
#     Number of Reported Messages        :         43
#     Number of Overlimit Messages       :          0
#
#
################################################################################

+++++++++++++++++++++++++++++++++++++++++++++++++++++++++++++++++++++++
MORESIMPLE REPORT:


############### BuiltIn -> RuleGroup=Design Read ###############
+++++++++++++++++++++++++++++++++++++++++++++++++++++++++++++++++++++++++++++++++++++++
ID       Rule                    Alias                   Severity    File                                                                                          Line    Wt    Message
======================================================================================
[1]      DetectTopDesignUnits    DetectTopDesignUnits    Info        ./inp_data/rtl/top_comb.v                                                                     1       2     Module top is a top level design unit
[0]      ElabSummary             ElabSummary             Info        ./out_data/naive_comb/top/dft/dft_best_practice/spyglass_reports/SpyGlass/elab_summary.rpt    0       2     Please refer file './out_data/naive_comb/top/dft/dft_best_practice/spyglass_reports/SpyGlass/elab_summary.rpt' for elab summary report
+++++++++++++++++++++++++++++++++++++++++++++++++++++++++++++++++++++++++++++++++++++++


############### Non-BuiltIn -> Goal=dft/dft_best_practice ###############
+++++++++++++++++++++++++++++++++++++++++++++++++++++++++++++++++++++++++++++++++++++++
ID       Rule                             Alias                         Severity        File                                                                                                     Line    Wt    Message
======================================================================================
[19]     Topology_02                      TopoR_02                      Warning         ./inp_data/rtl/top_comb.v                                                                                1       3     Found a direct connection from input port 'top.a' to output port 'top.z' (depth 3, between port to port)
[1A]     Topology_02                      TopoR_02                      Warning         ./inp_data/rtl/top_comb.v                                                                                1       3     Found a direct connection from input port 'top.b' to output port 'top.z' (depth 3, between port to port)
[1B]     Topology_02                      TopoR_02                      Warning         ./inp_data/rtl/top_comb.v                                                                                1       3     Found a direct connection from input port 'top.c' to output port 'top.z' (depth 3, between port to port)
[1C]     Topology_02                      TopoR_02                      Warning         ./inp_data/rtl/top_comb.v                                                                                1       3     Found a direct connection from input port 'top.d' to output port 'top.z' (depth 3, between port to port)
[1D]     Topology_02                      TopoR_02                      Warning         ./inp_data/rtl/top_comb.v                                                                                1       3     Found a direct connection from input port 'top.e' to output port 'top.z' (depth 2, between port to port)
[2]      dftMandatory_Constraint_Check    mandatory_constraint_check    InputWarning    ./out_data/naive_comb/top/dft/dft_best_practice/spyglass_reports/dft/dft_mandatory_sgdc.rpt              21      10    One or more mandatory constraints missing in module 'top'. Please see summary report in the reported file
[29]     Coverage_audit                   showCoverageaudit             Info            ./inp_data/rtl/top_comb.v                                                                                1       10    For Design Unit 'top'[ 0. Original design], Fault-Coverage = 100.0 %, Test-Coverage = 100.0 %
[2A]     Coverage_audit                   showCoverageaudit             Info            ./inp_data/rtl/top_comb.v                                                                                1       10    For Design Unit 'top'[ 1. PIs and POs made controllable & observable], Fault-Coverage = 100.0 %, Test-Coverage = 100.0 %
[2B]     Coverage_audit                   showCoverageaudit             Info            ./inp_data/rtl/top_comb.v                                                                                1       10    For Design Unit 'top'[ 2. Flip-flops made scannable], Fault-Coverage = 100.0 %, Test-Coverage = 100.0 %
[2C]     Coverage_audit                   showCoverageaudit             Info            ./inp_data/rtl/top_comb.v                                                                                1       10    For Design Unit 'top'[ 3. Scan-wrap black boxes], Fault-Coverage = 100.0 %, Test-Coverage = 100.0 %
[2D]     Coverage_audit                   showCoverageaudit             Info            ./inp_data/rtl/top_comb.v                                                                                1       10    For Design Unit 'top'[ 4. Latches made Transparent], Fault-Coverage = 100.0 %, Test-Coverage = 100.0 %
[2E]     Coverage_audit                   showCoverageaudit             Info            ./inp_data/rtl/top_comb.v                                                                                1       10    For Design Unit 'top'[ 5. Combinational Loops made controllable], Fault-Coverage = 100.0 %, Test-Coverage = 100.0 %
[2F]     Coverage_audit                   showCoverageaudit             Info            ./inp_data/rtl/top_comb.v                                                                                1       10    For Design Unit 'top'[ 6. Testmode/Tied pins made controllable], Fault-Coverage = 100.0 %, Test-Coverage = 100.0 %
[30]     Coverage_audit                   showCoverageaudit             Info            ./inp_data/rtl/top_comb.v                                                                                1       10    For Design Unit 'top'[ 7. Hanging nets made controllable], Fault-Coverage = 100.0 %, Test-Coverage = 100.0 %
[31]     Coverage_audit                   showCoverageaudit             Info            ./inp_data/rtl/top_comb.v                                                                                1       10    For Design Unit 'top'[ 8. Tristate enables made observable], Fault-Coverage = 100.0 %, Test-Coverage = 100.0 %
[32]     Coverage_audit                   showCoverageaudit             Info            ./inp_data/rtl/top_comb.v                                                                                1       10    For Design Unit 'top'[ 9. 'force_ta' and 'test_point' constraint pins made testable], Fault-Coverage = 100.0 %, Test-Coverage = 100.0 %
[33]     Coverage_audit                   showCoverageaudit             Info            ./inp_data/rtl/top_comb.v                                                                                1       10    For Design Unit 'top'[ 10. 'no_scan' flip-flops made scannable], Fault-Coverage = 100.0 %, Test-Coverage = 100.0 %
[6]      Diagnose_testclock               showTestclockBlockInst        Info            ./inp_data/rtl/top_comb.v                                                                                1       10    Constraint 'clock -testclock' missing in design 'top'
[4]      Diagnose_testmode                showBlockInstances            Info            ./inp_data/rtl/top_comb.v                                                                                1       10    Shift mode signal propagates through all instances for design 'top'
[5]      Diagnose_testmode                showBlockInstances            Info            ./inp_data/rtl/top_comb.v                                                                                1       10    Capture mode signal propagates through all instances for design 'top'
[1E]     Info_DftDebugData                Info_DftDebugData             Info            ./inp_data/rtl/top_comb.v                                                                                1       1     DFT data for design block 'top'
[C]      Info_coverage                    showCoverage                  Info            ./inp_data/rtl/top_comb.v                                                                                1       10    Stuck_at (combinational) coverage estimate for design 'top': fault_coverage = 100.0% and test_coverage = 100.0%
[14]     Info_forcedScan                  Info_forcedScan               Info            ./inp_data/rtl/top_comb.v                                                                                1       1     Constraint 'force_scan' is not specified for design 'top'
[34]     Info_generated_reports           Info_generated_reports        Info            ./out_data/naive_comb/top/dft/dft_best_practice/spyglass_reports/dft/dft_generated_dc_constraints.tcl    0       10    Report file './out_data/naive_comb/top/dft/dft_best_practice/spyglass_reports/dft/dft_generated_dc_constraints.tcl' successfully generated for design 'top'. Contains dc constraints for setting dft signals.
[15]     Info_inferredNoScan              Info_InferredNoScan           Info            ./inp_data/rtl/top_comb.v                                                                                1       1     No flip-flop of design 'top' is inferred as no_scan
[11]     Info_noFault                     Info_noFault                  Info            ./inp_data/rtl/top_comb.v                                                                                1       1     Constraint 'no_fault' is not specified for design 'top' in 'capture' mode.
[12]     Info_noFault                     Info_noFault                  Info            ./inp_data/rtl/top_comb.v                                                                                1       1     Constraint 'no_fault' is not specified for design 'top' in 'capture_atspeed' mode.
[13]     Info_noScan                      Info_noScan                   Info            ./inp_data/rtl/top_comb.v                                                                                1       1     Constraint 'force_no_scan' is not specified for design 'top'
[16]     Info_scanchain                   Info_scanchain                Info            ./out_data/naive_comb/top/dft/dft_best_practice/spyglass_reports/dft/scan_chain.rpt                      0       1     Scan chain report file './out_data/naive_comb/top/dft/dft_best_practice/spyglass_reports/dft/scan_chain.rpt' is generated
[17]     Info_scanwrap                    scanwrap                      Info            ./out_data/naive_comb/top/dft/dft_best_practice/spyglass_reports/dft/scan_wrap.rpt                       0       10    Scanwrap constraint file './out_data/naive_comb/top/dft/dft_best_practice/spyglass_reports/dft/scan_wrap.rpt' is generated
[18]     Info_scanwrap                    scanwrap                      Info            ./inp_data/rtl/top_comb.v                                                                                1       10    In design 'top', scan_wrap sgdc command is not supplied
[7]      Info_synthRedundant              Info_synthRedundant           Info            ./inp_data/rtl/top_comb.v                                                                                1       10    In RTL design : All faults in 'top' would be retained after synthesis
[10]     Info_testclock                   showSimVal                    Info            ./inp_data/rtl/top_comb.v                                                                                1       10    Constraint 'clock -testclock' missing in design 'top'
[E]      Info_testmode                    showSimVal                    Info            ./inp_data/rtl/top_comb.v                                                                                1       10    All simulation value in 'Shift mode' for design 'top' are 'U'
[F]      Info_testmode                    showSimVal                    Info            ./inp_data/rtl/top_comb.v                                                                                1       10    All simulation value in 'Capture mode' for design 'top' are 'U'
[9]      Info_uncontrollable              showCntVal                    Info            ./inp_data/rtl/top_comb.v                                                                                1       10    All nets in design 'top' are controllable under capture condition
[D]      Info_undetectCause               showCause                     Info            ./inp_data/rtl/top_comb.v                                                                                1       10    Design Unit 'top' has 0 testable but undetected faults. Pin Count = 21
[A]      Info_unobservable                showObsVal                    Info            ./inp_data/rtl/top_comb.v                                                                                1       10    All terminals/ports in design 'top' are observable under capture condition
[B]      Info_untestable                  Info_untestable               Info            ./inp_data/rtl/top_comb.v                                                                                1       10    In design 'top': '0' faults (over '0' pin(s)) are untestable
[8]      Info_unused                      Info_unused                   Info            ./inp_data/rtl/top_comb.v                                                                                1       10    All faults in 'top' are detectable after reachability analysis
[3]      dftOptional_Constraint_Check     optional_constraint_check     Info            ./out_data/naive_comb/top/dft/dft_best_practice/spyglass_reports/dft/dft_optional_sgdc.rpt               21      10    One or more optional constraints missing in module 'top'. Please see summary report in the reported file
+++++++++++++++++++++++++++++++++++++++++++++++++++++++++++++++++++++++++++++++++++++++
