################################################################################
#
# This file has been generated by SpyGlass:
#     Report Created by: ulisses.maffazioli
#     Report Created on: Tue Jul 14 00:04:21 2026
#     Working Directory: /home/mic63/ulisses.maffazioli/dft-labs/proj/santiago_cpu/0_synopsys_saed32_flow/dft/6_advisor_rtl_naive
#     Report Location  : ./out_data/naive_comb/top/dft/dft_best_practice/spyglass_reports/dft/stuck_at_coverage_audit.rpt
#     SpyGlass Version : SpyGlass_vW-2024.09-SP2-8
#     Policy Name      : dft(SpyGlass_vW-2024.09-SP2-08)
#     Comment          : Generated by rule Coverage_audit
#
################################################################################

################################################################################
# Purpose :
#    Section 1: Provides an audit report on maximizing
#               stuck_at fault coverage
#    Section 2: Provides an audit report to ensure that
#               ATPG tests operate as expected
################################################################################


################################################################################
# Format :
#    Section 1:
#    The first section of the report indicates the current coverage
#    for the design and the steps, in tabular format, that you need
#    to follow to improve the coverage. Each step has:
#        - The description of the root cause
#        - The improved fault and test coverage number, if the reported
#          issues for the step are fixed
#        - The diagnostic rules to debug the respective steps
#    
#    
#    Section 2:
#    The second section of the report covers rules that detect
#    conditions which, if not fixed, can prevent ATPG tests from
#    operating as expected.  As a result, actual coverage may be 
#    less than the result predicted by ATPG tools or tests may 
#    fail even when a chip is operating correctly.
#    
#    The rules in this section of the report are sorted by the
#    number of flip-flops affected by each rule
################################################################################
#
# Section 1:
#
 <>Reasons for Test Coverage to be less than 100 percent: 
       0. Current Coverage           : This step reports fault and test coverage of
                                       design in its current state. Please note that
                                       coverage number may be 100% even when there
                                       are Async_07 and / or Clock_11 violations.
                                       This is because violating flip-flops have 
                                       been declared forced scan using 'force_scan' sgdc
                                       command. Such flip-flops are detected using
                                       Info_forcedScan
       1. PIs and POs                : Set dft_treat_primary_inputs_as_x_source to 'off'
                                       to make primary inputs controllable
                                       Set dft_treat_primary_outputs_as_unobservable to 'off'
                                       to make primary outputs observable
       2. Non-Scannable Flops        : Non-scannable flip-flops reduce circuit controllability
                                       and observability for combinational ATPG.
                                       Detected using Async_07 and Clock_11
                                       rules in dft/dft_scan_ready goal
       3. Non-Scan-wrapped black box : I/P terminals of non-scan-wrapped BB's are 
                                       unobservable and o/p terminals are uncontrollable.
                                       Detected using any DFT rule Info_scanwrap or 
                                       dft/dft_scan_ready goal
       4. Non-Transparent and        : Non-transparent / Non-scannable latches require
          Non-Scannable Latches        sequential ATPG. Detected using Latch_08 and Latch_19
                                       rules in dft/dft_best_practice goal
       5. Combinational Loops        : Combinational loops may not be controllable.
                                       This may reduce test coverage of the circuit.
                                       Such Loops are detected by Topology_01.
                                       Additionally, loops with non-X value may also 
                                       reduce coverage
       6. Testmode values in Capture : Testmode values in capture mode restrict ATPG.
                                       This step includes the undetectable faults due to
                                       pins tied high or low.
                                       Detected using Info_untestable and Info_pwrGndSim
       7. Hanging Nets               : Undriven nets and pins are uncontrollable.
                                       Detected using DFT/dft_test_points goal (TA_09 rule)
       8. Tristates                  : Enable pins of tristate devices are unobservable. 
                                       Detected using DFT/dft_test_points goal (TA_09 rule).
       9. 'force_ta' and 'test_point': Pins and nets having 'force_ta' or 'test_point' constraint
          constraint pins/nets         will have their testability governed by constraint.
                                       These will hinder test coverage
       10. 'no_scan' Flip-flops       : Flops which are forced no_scan by user or inferred no_scan
                                       will not generate Async_07 or Clock_11 violations, 
                                       but will hinder coverage

   For each top module 2 numbers are reported against the step taken. These are (in order):
    a)  Fault Coverage in percentage 
    b)  Test Coverage in percentage 
  ---------------------------------------   END    ----------------------------------------


 <> For Top Module 'top'
    Base stuck-at fault coverage :100.0
    Base stuck-at test  coverage :100.0

    Expected stuck-at coverage data after each step.                                     
                                 Expected stuck-at coverage
                             ----------------------------------
                                         FC        TC              Action         
  ------------------------------------------------------------------------------------------
    0. Original Design                  100.0     100.0     No DFT changes are made.It assumes
                                                            'force_scan' declared flip-flops scannable.
                                                            Use Info_forcedScan to detect such
                                                            flip-flops
    1. PIs and POs made 
       controllable & observable        100.0     100.0     set dft_treat_primary_inputs_as_x_source 
                                                            & dft_treat_primary_outputs_as_unobservable 
                                                            to off (No action required)
    2. Flip-flops made scannable        100.0     100.0     Async_07 & Clock_11 (No action required)
    3. Scan-wrap black boxes            100.0     100.0     Info_scanwrap (No action required)
    4. Latches made Transparent         100.0     100.0     Latch_08 & Info_testmode(capture) (No action required)
    5. Combinational Loops made 
       controllable                     100.0     100.0     Topology_01 & non-X value loops (No action required)
    6. Testmode/Tied pins made 
       controllable                     100.0     100.0     Info_synthRedundant, Info_untestable
                                                            and Info_pwrGndSim.
                                                            Add -scanshift switch to test_mode
                                                            constraint, if appropriate
    7. Hanging nets made controllable   100.0     100.0     TA_09 (No action required)
    8. Tristate enables made observable 100.0     100.0     TA_09 (No action required)
    9. 'force_ta' and 'test_point' 
       constraint pins made testable    100.0     100.0     Make pins or nets having 'force_ta' 
                                                             or 'test_point' constraint testable (No action required)
    10. 'no_scan' flip-flops made
       scannable                        100.0     100.0     Use Info_noScan & Info_inferredNoScan
                                                            to view all no_scan flip-flops (No action required)
  ------------------------------------------------------------------------------------------
############################################################################################
#
# Section 2:
#
 <> For Top Module 'top'
    Percentage of flip-flops which have at least one reason for non-robustness: 0.0% (0/0)
    Percentage of flip-flops tagged by each rule are listed below:
  ------------------------------------------------------------------------------------------
               Rule               |       Percentage       |        Ratio(tagged/total)
  ------------------------------------------------------------------------------------------
    Async_02_capture                         0.0                          0/0
    Async_11                                 0.0                          0/0
    Clock_04                                 0.0                          0/0
    Clock_08                                 0.0                          0/0
    Clock_16                                 0.0                          0/0
    Clock_17                                 0.0                          0/0
    Clock_21                                 0.0                          0/0
    Clock_27                                 0.0                          0/0
    Clock_28                                 0.0                          0/0
    Scan_07                                  0.0                          0/0
    Scan_22                                  0.0                          0/0
    Topology_03                              0.0                          0/0
    Topology_13                              0.0                          0/0
    Tristate_06                              0.0                          0/0
    Tristate_07_shift                        0.0                          0/0

  ------------------------------------------------------------------------------------------
############################################################################################
