     Uncollapsed Stuck Fault Summary Report
 -----------------------------------------------
 fault class                     code   #faults
 ------------------------------  ----  ---------
 Detected                         DT         35
 Possibly detected                PT          0
 Undetectable                     UD          7
 ATPG untestable                  AU          0
 Not detected                     ND          0
 -----------------------------------------------
 total faults                                42
 test coverage                           100.00%
 fault coverage                           83.33%
 ATPG effectiveness                      100.00%
 -----------------------------------------------
            Pattern Summary Report
 -----------------------------------------------
 #internal patterns                           5
     #basic_scan patterns                     5
 -----------------------------------------------
             Gate Summary Report
 -----------------------------------------------
 #primitives                                 11
 #primary_inputs                              5
 #primary_outputs                             1
 #ANDs                                        2
 #ORs                                         3
 -----------------------------------------------
 type      depth   gate_id
 -------   -----   -------
 Control       0         0
 Observe       0         0
 Detect        0         0
