################################################################################
#
# This file has been generated by SpyGlass:
#     Report Created by: ulisses.maffazioli
#     Report Created on: Sun Jul 12 22:20:41 2026
#     Working Directory: /home/mic63/ulisses.maffazioli/dft-labs/proj/santiago_cpu/0_synopsys_saed32_flow/_dft/advisor_flow
#     Report Location  : ./out_data/santiago/top_santiago_cpu/dft/dft_best_practice/spyglass_reports/dft/dft_mandatory_sgdc.rpt
#     SpyGlass Version : SpyGlass_vW-2024.09-SP2-8
#     Policy Name      : dft(SpyGlass_vW-2024.09-SP2-08)
#     Comment          : Generated by rule dftMandatory_Constraint_Check
#
################################################################################

################################################################################
# Purpose :
#     This file has been generated by DFT-Rule
#     'dftMandatory_Constraint_Check'. It has
#     details of all missing mandatory constraints,
#     and the rules affected by their absence.
#     'Mandatory' constraints are essential to that rule's checking.
################################################################################


################################################################################
# Format :
#     For each top-level module, and for each 'enabled' 
#     rule, the 'mandatory' constraints required are listed.
#     Alongside the constraint name is a '[+]' or a '[-]' to
#     indicate whether that constraint was found or not.
################################################################################
################################################################################
              RULE                      MANDATORY CONSTRAINT
################################################################################


Current_Design : top_santiago_cpu
----------------------------------------------------------------------
    Info_scanchain
                                     scan_chain[-]
----------------------------------------------------------------------
           Scan_22
                                     scan_chain[-]
----------------------------------------------------------------------
           Scan_24
                                     scan_chain[-]
----------------------------------------------------------------------
           Scan_25
                                     scan_chain[-]
----------------------------------------------------------------------
           Scan_26
                                     scan_chain[-]
----------------------------------------------------------------------
            Soc_04
                                     define_tag[-]
----------------------------------------------------------------------
