
################################################################################
#
# This file has been generated by SpyGlass:
#     Report Name      : moresimple
#     Report Created by: ulisses.maffazioli
#     Report Created on:  Sun Jul 12 21:06:17 2026
#     Working Directory: /home/mic63/ulisses.maffazioli/dft-labs/proj/santiago_cpu/0_synopsys_saed32_flow/_dft/advisor_flow_netlist
#     SpyGlass Version : SpyGlass_vW-2024.09-SP2-8
#     Policy Name      : SpyGlass(SpyGlass_vW-2024.09-SP2-08)
#                        clock-reset(SpyGlass_vW-2024.09-SP2-08)
#                        dft(SpyGlass_vW-2024.09-SP2-08)
#                        morelint(SpyGlass_vW-2024.09-SP2-08)
#                        power_est(SpyGlass_vW-2024.09-SP2-08)
#
#     Total Number of Generated Messages :         32
#     Number of Waived Messages          :          0
#     Number of Reported Messages        :         32
#     Number of Overlimit Messages       :          0
#
#
################################################################################

+++++++++++++++++++++++++++++++++++++++++++++++++++++++++++++++++++++++
MORESIMPLE REPORT:


############### BuiltIn -> RuleGroup=Design Read ###############
+++++++++++++++++++++++++++++++++++++++++++++++++++++++++++++++++++++++++++++++++++++++
ID       Rule                    Alias                   Severity    File                                                                                                      Line    Wt    Message
======================================================================================
[2]      DetectTopDesignUnits    DetectTopDesignUnits    Info        ./inp_data/dc/santiago_cpu.v                                                                              1662    2     Module top_santiago_cpu is a top level design unit
[0]      AutoGenerateSglib       AutoGenerateSglib       Info        ./out_data/santiago/spyglass_cache/autogenerated_sglib/lc/spyglass_lc_aggregate_reports/moresimple.rpt    0       2     Sglib './out_data/santiago/spyglass_cache/autogenerated_sglib/aggregate.sglib' has been auto-generated successfully
[1]      ElabSummary             ElabSummary             Info        ./out_data/santiago/top_santiago_cpu/dft/dft_scan_ready/spyglass_reports/SpyGlass/elab_summary.rpt        0       2     Please refer file './out_data/santiago/top_santiago_cpu/dft/dft_scan_ready/spyglass_reports/SpyGlass/elab_summary.rpt' for elab summary report
+++++++++++++++++++++++++++++++++++++++++++++++++++++++++++++++++++++++++++++++++++++++


############### Non-BuiltIn -> Goal=dft/dft_scan_ready ###############
+++++++++++++++++++++++++++++++++++++++++++++++++++++++++++++++++++++++++++++++++++++++
ID       Rule                            Alias                        Severity    File                                                                                                                 Line    Wt    Message
======================================================================================
[28]     Coverage_audit                  showCoverageaudit            Info        ./inp_data/dc/santiago_cpu.v                                                                                         1662    10    For Design Unit 'top_santiago_cpu'[ 0. Original design], Fault-Coverage = 98.1 %, Test-Coverage = 100.0 %
[29]     Coverage_audit                  showCoverageaudit            Info        ./inp_data/dc/santiago_cpu.v                                                                                         1662    10    For Design Unit 'top_santiago_cpu'[ 1. PIs and POs made controllable & observable], Fault-Coverage = 98.1 %, Test-Coverage = 100.0 %
[2A]     Coverage_audit                  showCoverageaudit            Info        ./inp_data/dc/santiago_cpu.v                                                                                         1662    10    For Design Unit 'top_santiago_cpu'[ 2. Flip-flops made scannable], Fault-Coverage = 98.1 %, Test-Coverage = 100.0 %
[2B]     Coverage_audit                  showCoverageaudit            Info        ./inp_data/dc/santiago_cpu.v                                                                                         1662    10    For Design Unit 'top_santiago_cpu'[ 3. Scan-wrap black boxes], Fault-Coverage = 98.1 %, Test-Coverage = 100.0 %
[2C]     Coverage_audit                  showCoverageaudit            Info        ./inp_data/dc/santiago_cpu.v                                                                                         1662    10    For Design Unit 'top_santiago_cpu'[ 4. Latches made Transparent], Fault-Coverage = 98.1 %, Test-Coverage = 100.0 %
[2D]     Coverage_audit                  showCoverageaudit            Info        ./inp_data/dc/santiago_cpu.v                                                                                         1662    10    For Design Unit 'top_santiago_cpu'[ 5. Combinational Loops made controllable], Fault-Coverage = 98.1 %, Test-Coverage = 100.0 %
[2E]     Coverage_audit                  showCoverageaudit            Info        ./inp_data/dc/santiago_cpu.v                                                                                         1662    10    For Design Unit 'top_santiago_cpu'[ 6. Testmode/Tied pins made controllable], Fault-Coverage = 98.1 %, Test-Coverage = 100.0 %
[2F]     Coverage_audit                  showCoverageaudit            Info        ./inp_data/dc/santiago_cpu.v                                                                                         1662    10    For Design Unit 'top_santiago_cpu'[ 7. Hanging nets made controllable], Fault-Coverage = 98.1 %, Test-Coverage = 100.0 %
[30]     Coverage_audit                  showCoverageaudit            Info        ./inp_data/dc/santiago_cpu.v                                                                                         1662    10    For Design Unit 'top_santiago_cpu'[ 8. Tristate enables made observable], Fault-Coverage = 98.1 %, Test-Coverage = 100.0 %
[31]     Coverage_audit                  showCoverageaudit            Info        ./inp_data/dc/santiago_cpu.v                                                                                         1662    10    For Design Unit 'top_santiago_cpu'[ 9. 'force_ta' and 'test_point' constraint pins made testable], Fault-Coverage = 98.1 %, Test-Coverage = 100.0 %
[32]     Coverage_audit                  showCoverageaudit            Info        ./inp_data/dc/santiago_cpu.v                                                                                         1662    10    For Design Unit 'top_santiago_cpu'[ 10. 'no_scan' flip-flops made scannable], Fault-Coverage = 98.1 %, Test-Coverage = 100.0 %
[6]      Diagnose_testclock              showTestclockBlockInst       Info        ./inp_data/dc/santiago_cpu.v                                                                                         1670    10    Testclock 'clk' propagates through all instances in 'shift mode'
[7]      Diagnose_testclock              showTestclockBlockInst       Info        ./inp_data/dc/santiago_cpu.v                                                                                         1670    10    Testclock 'clk' propagates through all instances in 'capture mode'
[4]      Diagnose_testmode               showBlockInstances           Info        ./inp_data/dc/santiago_cpu.v                                                                                         1662    10    Shift mode signal propagates through all instances for design 'top_santiago_cpu'
[5]      Diagnose_testmode               showBlockInstances           Info        ./inp_data/dc/santiago_cpu.v                                                                                         1662    10    Capture mode signal propagates through all instances for design 'top_santiago_cpu'
[13]     Info_DftDebugData               Info_DftDebugData            Info        ./inp_data/dc/santiago_cpu.v                                                                                         1662    1     DFT data for design block 'top_santiago_cpu'
[9]      Info_coverage                   showCoverage                 Info        ./inp_data/dc/santiago_cpu.v                                                                                         1662    10    Stuck_at (combinational) coverage estimate for design 'top_santiago_cpu': fault_coverage = 98.1% and test_coverage = 100.0%
[F]      Info_forcedScan                 Info_forcedScan              Info        ./inp_data/dc/santiago_cpu.v                                                                                         1662    1     Constraint 'force_scan' is not specified for design 'top_santiago_cpu'
[33]     Info_generated_reports          Info_generated_reports       Info        ./out_data/santiago/top_santiago_cpu/dft/dft_scan_ready/spyglass_reports/dft/dft_generated_dc_constraints.tcl        0       10    Report file './out_data/santiago/top_santiago_cpu/dft/dft_scan_ready/spyglass_reports/dft/dft_generated_dc_constraints.tcl' successfully generated for design 'top_santiago_cpu'. Contains dc constraints for setting dft signals.
[10]     Info_inferredNoScan             Info_InferredNoScan          Info        ./inp_data/dc/santiago_cpu.v                                                                                         1662    1     No flip-flop of design 'top_santiago_cpu' is inferred as no_scan
[E]      Info_noScan                     Info_noScan                  Info        ./inp_data/dc/santiago_cpu.v                                                                                         1662    1     Constraint 'force_no_scan' is not specified for design 'top_santiago_cpu'
[11]     Info_scanwrap                   scanwrap                     Info        ./out_data/santiago/top_santiago_cpu/dft/dft_scan_ready/spyglass_reports/dft/scan_wrap.rpt                           0       10    Scanwrap constraint file './out_data/santiago/top_santiago_cpu/dft/dft_scan_ready/spyglass_reports/dft/scan_wrap.rpt' is generated
[12]     Info_scanwrap                   scanwrap                     Info        ./inp_data/dc/santiago_cpu.v                                                                                         1662    10    In design 'top_santiago_cpu', scan_wrap sgdc command is not supplied
[D]      Info_testclock                  showSimVal                   Info        ./out_data/santiago/top_santiago_cpu/dft/dft_scan_ready/spyglass_reports/dft/Info_testclock/clk__capture_mode.rpt    1       10    Testclock 'clk' propagation in capture mode. This clock drives 173 flip-flop(s)
[C]      Info_testclock                  showSimVal                   Info        ./out_data/santiago/top_santiago_cpu/dft/dft_scan_ready/spyglass_reports/dft/Info_testclock/clk__shift_mode.rpt      1       10    Testclock 'clk' propagation in shift mode. This clock drives 173 flip-flop(s)
[A]      Info_testmode                   showSimVal                   Info        ./inp_data/dc/santiago_cpu.v                                                                                         1662    10    'Shift mode' simulation value for design 'top_santiago_cpu' is displayed
[B]      Info_testmode                   showSimVal                   Info        ./inp_data/dc/santiago_cpu.v                                                                                         1662    10    All simulation value in 'Capture mode' for design 'top_santiago_cpu' are 'U'
[8]      Info_untestable                 Info_untestable              Info        ./inp_data/dc/santiago_cpu.v                                                                                         1662    10    In design 'top_santiago_cpu': '0' faults (over '0' pin(s)) are untestable
[3]      dftOptional_Constraint_Check    optional_constraint_check    Info        ./out_data/santiago/top_santiago_cpu/dft/dft_scan_ready/spyglass_reports/dft/dft_optional_sgdc.rpt                   21      10    One or more optional constraints missing in module 'top_santiago_cpu'. Please see summary report in the reported file
+++++++++++++++++++++++++++++++++++++++++++++++++++++++++++++++++++++++++++++++++++++++
