################################################################################
#
# This file has been generated by SpyGlass:
#     Report Created by: ulisses.maffazioli
#     Report Created on: Sun Jul 12 22:20:56 2026
#     Working Directory: /home/mic63/ulisses.maffazioli/dft-labs/proj/santiago_cpu/0_synopsys_saed32_flow/_dft/advisor_flow
#     Report Location  : ./out_data/santiago/top_santiago_cpu/dft/dft_dsm_best_practice/spyglass_reports/dft_dsm/atspeed_07.rpt
#     SpyGlass Version : SpyGlass_vW-2024.09-SP2-8
#     Policy Name      : dft_dsm(SpyGlass_vW-2024.09-SP2-08)
#     Comment          : Generated by rule Atspeed_07
#
################################################################################

################################################################################
# Purpose :
#     Atspeed_07 Report.
#     Lists the at-speed test clocks which are 
#     gated by the same set of logic.

################################################################################

################################################################################



################################################################################
# End of file
################################################################################

