
################################################################################
#
# This file has been generated by SpyGlass:
#     Report Name      : moresimple
#     Report Created by: ulisses.maffazioli
#     Report Created on:  Mon Jul 13 21:46:40 2026
#     Working Directory: /home/mic63/ulisses.maffazioli/dft-labs/proj/santiago_cpu/0_synopsys_saed32_flow/dft/1_advisor_rtl_santiago
#     SpyGlass Version : SpyGlass_vW-2024.09-SP2-8
#     Policy Name      : SpyGlass(SpyGlass_vW-2024.09-SP2-08)
#                        dft(SpyGlass_vW-2024.09-SP2-08)
#
#     Total Number of Generated Messages :         40
#     Number of Waived Messages          :          0
#     Number of Reported Messages        :         40
#     Number of Overlimit Messages       :          0
#
#
################################################################################

+++++++++++++++++++++++++++++++++++++++++++++++++++++++++++++++++++++++
MORESIMPLE REPORT:


############### BuiltIn -> RuleGroup=Design Read ###############
+++++++++++++++++++++++++++++++++++++++++++++++++++++++++++++++++++++++++++++++++++++++
ID       Rule                    Alias                   Severity    File                                                                                                     Line    Wt    Message
======================================================================================
[1]      DetectTopDesignUnits    DetectTopDesignUnits    Info        ./inp_data/rtl/top.sv                                                                                    1       2     Module top_santiago_cpu is a top level design unit
[0]      ElabSummary             ElabSummary             Info        ./out_data/santiago/top_santiago_cpu/dft/dft_best_practice/spyglass_reports/SpyGlass/elab_summary.rpt    0       2     Please refer file './out_data/santiago/top_santiago_cpu/dft/dft_best_practice/spyglass_reports/SpyGlass/elab_summary.rpt' for elab summary report
+++++++++++++++++++++++++++++++++++++++++++++++++++++++++++++++++++++++++++++++++++++++


############### Non-BuiltIn -> Goal=dft/dft_best_practice ###############
+++++++++++++++++++++++++++++++++++++++++++++++++++++++++++++++++++++++++++++++++++++++
ID       Rule                             Alias                         Severity        File                                                                                                                    Line    Wt    Message
======================================================================================
[2]      dftMandatory_Constraint_Check    mandatory_constraint_check    InputWarning    ./out_data/santiago/top_santiago_cpu/dft/dft_best_practice/spyglass_reports/dft/dft_mandatory_sgdc.rpt                  21      10    One or more mandatory constraints missing in module 'top_santiago_cpu'. Please see summary report in the reported file
[30]     Coverage_audit                   showCoverageaudit             Info            ./inp_data/rtl/top.sv                                                                                                   1       10    For Design Unit 'top_santiago_cpu'[ 0. Original design], Fault-Coverage = 100.0 %, Test-Coverage = 100.0 %
[31]     Coverage_audit                   showCoverageaudit             Info            ./inp_data/rtl/top.sv                                                                                                   1       10    For Design Unit 'top_santiago_cpu'[ 1. PIs and POs made controllable & observable], Fault-Coverage = 100.0 %, Test-Coverage = 100.0 %
[32]     Coverage_audit                   showCoverageaudit             Info            ./inp_data/rtl/top.sv                                                                                                   1       10    For Design Unit 'top_santiago_cpu'[ 2. Flip-flops made scannable], Fault-Coverage = 100.0 %, Test-Coverage = 100.0 %
[33]     Coverage_audit                   showCoverageaudit             Info            ./inp_data/rtl/top.sv                                                                                                   1       10    For Design Unit 'top_santiago_cpu'[ 3. Scan-wrap black boxes], Fault-Coverage = 100.0 %, Test-Coverage = 100.0 %
[34]     Coverage_audit                   showCoverageaudit             Info            ./inp_data/rtl/top.sv                                                                                                   1       10    For Design Unit 'top_santiago_cpu'[ 4. Latches made Transparent], Fault-Coverage = 100.0 %, Test-Coverage = 100.0 %
[35]     Coverage_audit                   showCoverageaudit             Info            ./inp_data/rtl/top.sv                                                                                                   1       10    For Design Unit 'top_santiago_cpu'[ 5. Combinational Loops made controllable], Fault-Coverage = 100.0 %, Test-Coverage = 100.0 %
[36]     Coverage_audit                   showCoverageaudit             Info            ./inp_data/rtl/top.sv                                                                                                   1       10    For Design Unit 'top_santiago_cpu'[ 6. Testmode/Tied pins made controllable], Fault-Coverage = 100.0 %, Test-Coverage = 100.0 %
[37]     Coverage_audit                   showCoverageaudit             Info            ./inp_data/rtl/top.sv                                                                                                   1       10    For Design Unit 'top_santiago_cpu'[ 7. Hanging nets made controllable], Fault-Coverage = 100.0 %, Test-Coverage = 100.0 %
[38]     Coverage_audit                   showCoverageaudit             Info            ./inp_data/rtl/top.sv                                                                                                   1       10    For Design Unit 'top_santiago_cpu'[ 8. Tristate enables made observable], Fault-Coverage = 100.0 %, Test-Coverage = 100.0 %
[39]     Coverage_audit                   showCoverageaudit             Info            ./inp_data/rtl/top.sv                                                                                                   1       10    For Design Unit 'top_santiago_cpu'[ 9. 'force_ta' and 'test_point' constraint pins made testable], Fault-Coverage = 100.0 %, Test-Coverage = 100.0 %
[3A]     Coverage_audit                   showCoverageaudit             Info            ./inp_data/rtl/top.sv                                                                                                   1       10    For Design Unit 'top_santiago_cpu'[ 10. 'no_scan' flip-flops made scannable], Fault-Coverage = 100.0 %, Test-Coverage = 100.0 %
[6]      Diagnose_testclock               showTestclockBlockInst        Info            ./inp_data/rtl/top.sv                                                                                                   3       10    Testclock 'clk' propagates through all instances in 'shift mode'
[7]      Diagnose_testclock               showTestclockBlockInst        Info            ./inp_data/rtl/top.sv                                                                                                   3       10    Testclock 'clk' propagates through all instances in 'capture mode'
[4]      Diagnose_testmode                showBlockInstances            Info            ./inp_data/rtl/top.sv                                                                                                   1       10    Instances through which Shift mode signal doesn't propagate for design 'top_santiago_cpu' is displayed
[5]      Diagnose_testmode                showBlockInstances            Info            ./inp_data/rtl/top.sv                                                                                                   1       10    Instances through which Capture mode signal doesn't propagate for design 'top_santiago_cpu' is displayed
[1B]     Info_DftDebugData                Info_DftDebugData             Info            ./inp_data/rtl/top.sv                                                                                                   1       1     DFT data for design block 'top_santiago_cpu'
[D]      Info_coverage                    showCoverage                  Info            ./inp_data/rtl/top.sv                                                                                                   1       10    Stuck_at (combinational) coverage estimate for design 'top_santiago_cpu': fault_coverage = 100.0% and test_coverage = 100.0%
[16]     Info_forcedScan                  Info_forcedScan               Info            ./inp_data/rtl/top.sv                                                                                                   1       1     Constraint 'force_scan' is not specified for design 'top_santiago_cpu'
[3B]     Info_generated_reports           Info_generated_reports        Info            ./out_data/santiago/top_santiago_cpu/dft/dft_best_practice/spyglass_reports/dft/dft_generated_dc_constraints.tcl        0       10    Report file './out_data/santiago/top_santiago_cpu/dft/dft_best_practice/spyglass_reports/dft/dft_generated_dc_constraints.tcl' successfully generated for design 'top_santiago_cpu'. Contains dc constraints for setting dft signals.
[17]     Info_inferredNoScan              Info_InferredNoScan           Info            ./inp_data/rtl/top.sv                                                                                                   1       1     No flip-flop of design 'top_santiago_cpu' is inferred as no_scan
[13]     Info_noFault                     Info_noFault                  Info            ./inp_data/rtl/top.sv                                                                                                   1       1     Constraint 'no_fault' is not specified for design 'top_santiago_cpu' in 'capture' mode.
[14]     Info_noFault                     Info_noFault                  Info            ./inp_data/rtl/top.sv                                                                                                   1       1     Constraint 'no_fault' is not specified for design 'top_santiago_cpu' in 'capture_atspeed' mode.
[15]     Info_noScan                      Info_noScan                   Info            ./inp_data/rtl/top.sv                                                                                                   1       1     Constraint 'force_no_scan' is not specified for design 'top_santiago_cpu'
[18]     Info_scanchain                   Info_scanchain                Info            ./out_data/santiago/top_santiago_cpu/dft/dft_best_practice/spyglass_reports/dft/scan_chain.rpt                          0       1     Scan chain report file './out_data/santiago/top_santiago_cpu/dft/dft_best_practice/spyglass_reports/dft/scan_chain.rpt' is generated
[19]     Info_scanwrap                    scanwrap                      Info            ./out_data/santiago/top_santiago_cpu/dft/dft_best_practice/spyglass_reports/dft/scan_wrap.rpt                           0       10    Scanwrap constraint file './out_data/santiago/top_santiago_cpu/dft/dft_best_practice/spyglass_reports/dft/scan_wrap.rpt' is generated
[1A]     Info_scanwrap                    scanwrap                      Info            ./inp_data/rtl/top.sv                                                                                                   1       10    In design 'top_santiago_cpu', scan_wrap sgdc command is not supplied
[8]      Info_synthRedundant              Info_synthRedundant           Info            ./inp_data/rtl/top.sv                                                                                                   1       10    In RTL design : 134 faults in 'top_santiago_cpu' are synthesis redundant
[12]     Info_testclock                   showSimVal                    Info            ./out_data/santiago/top_santiago_cpu/dft/dft_best_practice/spyglass_reports/dft/Info_testclock/clk__capture_mode.rpt    1       10    Testclock 'clk' propagation in capture mode. This clock drives 173 flip-flop(s)
[11]     Info_testclock                   showSimVal                    Info            ./out_data/santiago/top_santiago_cpu/dft/dft_best_practice/spyglass_reports/dft/Info_testclock/clk__shift_mode.rpt      1       10    Testclock 'clk' propagation in shift mode. This clock drives 173 flip-flop(s)
[F]      Info_testmode                    showSimVal                    Info            ./inp_data/rtl/top.sv                                                                                                   1       10    'Shift mode' simulation value for design 'top_santiago_cpu' is displayed
[10]     Info_testmode                    showSimVal                    Info            ./inp_data/rtl/top.sv                                                                                                   1       10    'Capture mode' simulation value for design 'top_santiago_cpu' is displayed
[A]      Info_uncontrollable              showCntVal                    Info            ./inp_data/rtl/top.sv                                                                                                   1       10    All nets in design 'top_santiago_cpu' are controllable under capture condition
[E]      Info_undetectCause               showCause                     Info            ./inp_data/rtl/top.sv                                                                                                   1       10    Design Unit 'top_santiago_cpu' has 0 testable but undetected faults. Pin Count = 2181
[B]      Info_unobservable                showObsVal                    Info            ./inp_data/rtl/top.sv                                                                                                   1       10    All terminals/ports in design 'top_santiago_cpu' are observable under capture condition
[C]      Info_untestable                  Info_untestable               Info            ./inp_data/rtl/top.sv                                                                                                   1       10    In design 'top_santiago_cpu': '0' faults (over '0' pin(s)) are untestable
[9]      Info_unused                      Info_unused                   Info            ./inp_data/rtl/top.sv                                                                                                   1       10    All faults in 'top_santiago_cpu' are detectable after reachability analysis
[3]      dftOptional_Constraint_Check     optional_constraint_check     Info            ./out_data/santiago/top_santiago_cpu/dft/dft_best_practice/spyglass_reports/dft/dft_optional_sgdc.rpt                   21      10    One or more optional constraints missing in module 'top_santiago_cpu'. Please see summary report in the reported file
+++++++++++++++++++++++++++++++++++++++++++++++++++++++++++++++++++++++++++++++++++++++
