################################################################################
#
# This file has been generated by SpyGlass:
#     Report Created by: ulisses.maffazioli
#     Report Created on: Mon Jul 13 21:46:34 2026
#     Working Directory: /home/mic63/ulisses.maffazioli/dft-labs/proj/santiago_cpu/0_synopsys_saed32_flow/dft/1_advisor_rtl_santiago
#     Report Location  : ./out_data/santiago/top_santiago_cpu/dft/dft_scan_ready/spyglass_reports/SpyGlass/checksum.rpt
#     SpyGlass Version : SpyGlass_vW-2024.09-SP2-8
#     Policy Name      : SpyGlass(SpyGlass_vW-2024.09-SP2-08)
#     Comment          : This report contains md5sum of design file(s)
#
################################################################################

=====================================================================================
                         MD5SUM CHECKSUM OF DESIGN FILES 
=====================================================================================
MD5SUM CHECKSUM                   SOURCE              PATH OF DESIGN FILE       
-------------------------------------------------------------------------------------
ca1db853ac093419d4aee281f4bb8c7d  1      /home/mic63/ulisses.maffazioli/dft-labs/proj/santiago_cpu/0_synopsys_saed32_flow/dft/1_advisor_rtl_santiago/inp_data/rtl/mux4_registered.sv  
9c856bef7bd53eee41c51b4e723f9e21  1      /home/mic63/ulisses.maffazioli/dft-labs/proj/santiago_cpu/0_synopsys_saed32_flow/dft/1_advisor_rtl_santiago/inp_data/rtl/mux4.sv  
c683fe24359fb40b72c8459a8168ffe4  1      /home/mic63/ulisses.maffazioli/dft-labs/proj/santiago_cpu/0_synopsys_saed32_flow/dft/1_advisor_rtl_santiago/inp_data/rtl/register_bank.sv  
f2d6c0ca6860339529a932cf5033f539  1      /home/mic63/ulisses.maffazioli/dft-labs/proj/santiago_cpu/0_synopsys_saed32_flow/dft/1_advisor_rtl_santiago/inp_data/rtl/alu.sv  
2a11db69f874787908fabea6f9ef0ee0  1      /home/mic63/ulisses.maffazioli/dft-labs/proj/santiago_cpu/0_synopsys_saed32_flow/dft/1_advisor_rtl_santiago/inp_data/rtl/memory.sv  
bc95d4c8f7c5dcfc25e9f4d1bcade215  1      /home/mic63/ulisses.maffazioli/dft-labs/proj/santiago_cpu/0_synopsys_saed32_flow/dft/1_advisor_rtl_santiago/inp_data/rtl/control.sv  
b0f1b57d78926726f96625a6474622cc  1      /home/mic63/ulisses.maffazioli/dft-labs/proj/santiago_cpu/0_synopsys_saed32_flow/dft/1_advisor_rtl_santiago/inp_data/rtl/top.sv  
