
################################################################################
#
# This file has been generated by SpyGlass:
#     Report Name      : moresimple
#     Report Created by: ulisses.maffazioli
#     Report Created on:  Mon Jul 13 11:38:46 2026
#     Working Directory: /home/mic63/ulisses.maffazioli/dft-labs/proj/santiago_cpu/0_synopsys_saed32_flow/dft/advisor_flow_naive
#     SpyGlass Version : SpyGlass_vW-2024.09-SP2-8
#     Policy Name      : SpyGlass(SpyGlass_vW-2024.09-SP2-08)
#                        dft(SpyGlass_vW-2024.09-SP2-08)
#                        dft_dsm(SpyGlass_vW-2024.09-SP2-08)
#
#     Total Number of Generated Messages :         16
#     Number of Waived Messages          :          0
#     Number of Reported Messages        :         16
#     Number of Overlimit Messages       :          0
#
#
################################################################################

+++++++++++++++++++++++++++++++++++++++++++++++++++++++++++++++++++++++
MORESIMPLE REPORT:


############### BuiltIn -> RuleGroup=Design Read ###############
+++++++++++++++++++++++++++++++++++++++++++++++++++++++++++++++++++++++++++++++++++++++
ID       Rule                    Alias                   Severity    File                                                                                              Line    Wt    Message
======================================================================================
[1]      DetectTopDesignUnits    DetectTopDesignUnits    Info        ./inp_data/rtl/top_comb.v                                                                         1       2     Module top is a top level design unit
[0]      ElabSummary             ElabSummary             Info        ./out_data/naive_comb/top/dft/dft_dsm_best_practice/spyglass_reports/SpyGlass/elab_summary.rpt    0       2     Please refer file './out_data/naive_comb/top/dft/dft_dsm_best_practice/spyglass_reports/SpyGlass/elab_summary.rpt' for elab summary report
+++++++++++++++++++++++++++++++++++++++++++++++++++++++++++++++++++++++++++++++++++++++


############### Non-BuiltIn -> Goal=dft/dft_dsm_best_practice ###############
+++++++++++++++++++++++++++++++++++++++++++++++++++++++++++++++++++++++++++++++++++++++
ID       Rule                             Alias                         Severity        File                                                                                                          Line    Wt    Message
======================================================================================
[2]      dftMandatory_Constraint_Check    mandatory_constraint_check    InputWarning    ./out_data/naive_comb/top/dft/dft_dsm_best_practice/spyglass_reports/dft/dft_mandatory_sgdc.rpt               21      10    One or more mandatory constraints missing in module 'top'. Please see summary report in the reported file
[4]      CG_generateReport                CG_generateReport             Info            ./out_data/naive_comb/top/dft/dft_dsm_best_practice/spyglass_reports/dft_dsm/dft_dsm_clock_gating_cell.rpt    0       10    Clock gating report file './out_data/naive_comb/top/dft/dft_dsm_best_practice/spyglass_reports/dft_dsm/dft_dsm_clock_gating_cell.rpt' is generated
[E]      Info_DftDebugData                Info_DftDebugData             Info            ./inp_data/rtl/top_comb.v                                                                                     1       1     DFT data for design block 'top'
[6]      Info_atSpeedClock                Info_atSpeedClock             Info            ./inp_data/rtl/top_comb.v                                                                                     1       10    No at-speed test clocks found in design 'top'
[19]     Info_generated_reports           Info_generated_reports        Info            ./out_data/naive_comb/top/dft/dft_dsm_best_practice/spyglass_reports/dft/dft_generated_dc_constraints.tcl     0       10    Report file './out_data/naive_comb/top/dft/dft_dsm_best_practice/spyglass_reports/dft/dft_generated_dc_constraints.tcl' successfully generated for design 'top'. Contains dc constraints for setting dft signals.
[7]      Info_noAtspeed                   Info_noAtspeed                Info            ./inp_data/rtl/top_comb.v                                                                                     1       1     Constraint 'no_atspeed' is not specified for design 'top'
[8]      Info_synthRedundant              Info_synthRedundant           Info            ./inp_data/rtl/top_comb.v                                                                                     1       10    In RTL design : All faults in 'top' would be retained after synthesis
[D]      Info_testclock                   showSimVal                    Info            ./inp_data/rtl/top_comb.v                                                                                     1       10    Constraint 'clock -testclock' missing in design 'top'
[9]      Info_testmode                    showSimVal                    Info            ./inp_data/rtl/top_comb.v                                                                                     1       10    All simulation value in 'Shift mode' for design 'top' are 'U'
[A]      Info_testmode                    showSimVal                    Info            ./inp_data/rtl/top_comb.v                                                                                     1       10    All simulation value in 'Capture mode' for design 'top' are 'U'
[B]      Info_testmode                    showSimVal                    Info            ./inp_data/rtl/top_comb.v                                                                                     1       10    All simulation value in 'Capture atspeed mode' for design 'top' are 'U'
[C]      Info_testmode                    showSimVal                    Info            ./inp_data/rtl/top_comb.v                                                                                     1       10    All simulation value in 'Functional mode' for design 'top' are 'U'
[5]      Info_transitionCoverage          showCause                     Info            ./inp_data/rtl/top_comb.v                                                                                     1       10    Transition (LOC) coverage estimate for design 'top': fault_coverage = 100.0% and test_coverage = 100.0%
[3]      dftOptional_Constraint_Check     optional_constraint_check     Info            ./out_data/naive_comb/top/dft/dft_dsm_best_practice/spyglass_reports/dft/dft_optional_sgdc.rpt                21      10    One or more optional constraints missing in module 'top'. Please see summary report in the reported file
+++++++++++++++++++++++++++++++++++++++++++++++++++++++++++++++++++++++++++++++++++++++
