
################################################################################
#
# This file has been generated by SpyGlass:
#     Report Name      : no_msg_reporting_rules
#     Report Created by: ulisses.maffazioli
#     Report Created on:  Sun Jul 12 21:06:26 2026
#     Working Directory: /home/mic63/ulisses.maffazioli/dft-labs/proj/santiago_cpu/0_synopsys_saed32_flow/_dft/advisor_flow_netlist
#     SpyGlass Version : SpyGlass_vW-2024.09-SP2-8
#     Policy Name      : SpyGlass(SpyGlass_vW-2024.09-SP2-08)
#                        dft(SpyGlass_vW-2024.09-SP2-08)
#
#     Total Number of Generated Messages :         40
#     Number of Waived Messages          :          0
#     Number of Reported Messages        :         40
#     Number of Overlimit Messages       :          0
#
#
################################################################################

NO VIOLATION RULE REPORT :
++++++++++++++++++++++++++++++++++++++++++++++++++++++++++++++++++++++++++++++++

Following rules did not produce any violation or waived off during spyglass run

++++++++++++++++++++++++++++++++++++++++++++++++++++++++++++++++++++++++++++++++


================================================================================
	INDEX                                   RULE-NAME
================================================================================
	1                                  Async_02_capture
	2                                  Async_03
	3                                  Async_07
	4                                  Async_08
	5                                  Async_11
	6                                  BIST_01
	7                                  Clock_04
	8                                  Clock_08
	9                                  Clock_09
	10                                 Clock_11
	11                                 Clock_11_capture
	12                                 Clock_16
	13                                 Clock_17
	14                                 Clock_21
	15                                 Clock_26
	16                                 Clock_27
	17                                 Clock_28
	18                                 Info_testmode_conflict_01
	19                                 Latch_02
	20                                 Latch_08
	21                                 Latch_10
	22                                 Scan_07
	23                                 Scan_22
	24                                 Scan_24
	25                                 Scan_25
	26                                 Scan_26
	27                                 Soc_04
	28                                 TA_09
	29                                 Topology_01
	30                                 Topology_02
	31                                 Topology_03
	32                                 Topology_05
	33                                 Topology_10
	34                                 Topology_13
	35                                 Tristate_06
	36                                 Tristate_07_shift
================================================================================
