################################################################################
#
# This file has been generated by SpyGlass:
#     Report Created by: ulisses.maffazioli
#     Report Created on: Sun Jul 12 15:48:39 2026
#     Working Directory: /home/mic63/ulisses.maffazioli/dft-labs/proj/santiago_cpu/0_synopsys_saed32_flow/_dft/2_netlist
#     Report Location  : ./sg_results/santiago/top_santiago_cpu/dft/dft_scan_ready/spyglass_reports/dft/dft_multibit_flipflop.rpt
#     SpyGlass Version : SpyGlass_vW-2024.09-SP2-8
#     Policy Name      : dft(SpyGlass_vW-2024.09-SP2-08)
#     Comment          : Generated by rule Info_DftDebugData
#
################################################################################

################################################################################
# Purpose :                                                        
#     Report Type : Summarize all MultiBit Flip-flops in the design, their storage
#                   bits count and their number of instantiations.
################################################################################

################################################################################
# Design : top_santiago_cpu
################################################################################

Number of Multi-bit Cell(s) present in the design top_santiago_cpu: 0

################################################################################
# End Design : top_santiago_cpu
################################################################################

