################################################################################
#
# This file has been generated by SpyGlass:
#     Report Created by: ulisses.maffazioli
#     Report Created on: Sun Jul 12 15:48:37 2026
#     Working Directory: /home/mic63/ulisses.maffazioli/dft-labs/proj/santiago_cpu/0_synopsys_saed32_flow/_dft/2_netlist
#     Report Location  : ./sg_results/santiago/top_santiago_cpu/dft/dft_scan_ready/spyglass_reports/SpyGlass/elab_summary.rpt
#     SpyGlass Version : SpyGlass_vW-2024.09-SP2-8
#     Policy Name      : SpyGlass(SpyGlass_vW-2024.09-SP2-08)
#     Comment          : This report contains RTL and Elaborated names along with parameter values
#
################################################################################

================================================================================
Elaborated Name: 'mux4_registered'
    (RTL Design Unit name: 'mux4_registered', ../../inp_data/rtl/mux4_registered.sv:1)
     Parameters (Total: 0)
     Instances (Total: 2): top_santiago_cpu.uu_muxB, top_santiago_cpu.uu_muxA 

================================================================================

Elaborated Name: 'mux4'
    (RTL Design Unit name: 'mux4', ../../inp_data/rtl/mux4.sv:1)
     Parameters (Total: 0)
     Instances (Total: 2): top_santiago_cpu.uu_muxB.uu_mux4, top_santiago_cpu.uu_muxA.uu_mux4 

================================================================================

Elaborated Name: 'register_bank'
    (RTL Design Unit name: 'register_bank', ../../inp_data/rtl/register_bank.sv:1)
     Parameters (Total: 0)
     Instances (Total: 2): top_santiago_cpu.uu_muxB.uu_rb, top_santiago_cpu.uu_muxA.uu_rb 

================================================================================

Elaborated Name: 'alu'
    (RTL Design Unit name: 'alu', ../../inp_data/rtl/alu.sv:1)
     Parameters (Total: 0)
     Instances (Total: 1): top_santiago_cpu.uu_alu 

================================================================================

Elaborated Name: 'memory'
    (RTL Design Unit name: 'memory', ../../inp_data/rtl/memory.sv:1)
     Parameters (Total: 0)
     Instances (Total: 1): top_santiago_cpu.uu_mem 

================================================================================

Elaborated Name: 'control'
    (RTL Design Unit name: 'control', ../../inp_data/rtl/control.sv:1)
     Parameters (Total: 0)
     Instances (Total: 1): top_santiago_cpu.uu_ctrl 

================================================================================

Elaborated Name: 'top_santiago_cpu'
    (RTL Design Unit name: 'top_santiago_cpu', ../../inp_data/rtl/top.sv:1)
     Parameters (Total: 0)
================================================================================
