
################################################################################
#
# This file has been generated by SpyGlass:
#     Report Name      : moresimple
#     Report Created by: ulisses.maffazioli
#     Report Created on:  Sun Jul 12 15:48:37 2026
#     Working Directory: /home/mic63/ulisses.maffazioli/dft-labs/proj/santiago_cpu/0_synopsys_saed32_flow/_dft/2_netlist
#     SpyGlass Version : SpyGlass_vW-2024.09-SP2-8
#     Policy Name      : SpyGlass(SpyGlass_vW-2024.09-SP2-08)
#                        dft(SpyGlass_vW-2024.09-SP2-08)
#
#     Total Number of Generated Messages :         31
#     Number of Waived Messages          :          0
#     Number of Reported Messages        :         31
#     Number of Overlimit Messages       :          0
#
#
################################################################################

+++++++++++++++++++++++++++++++++++++++++++++++++++++++++++++++++++++++
MORESIMPLE REPORT:


############### BuiltIn -> RuleGroup=Design Read ###############
+++++++++++++++++++++++++++++++++++++++++++++++++++++++++++++++++++++++++++++++++++++++
ID       Rule                    Alias                   Severity    File                                                                                                    Line    Wt    Message
======================================================================================
[1]      DetectTopDesignUnits    DetectTopDesignUnits    Info        ../../inp_data/rtl/top.sv                                                                               1       2     Module top_santiago_cpu is a top level design unit
[0]      ElabSummary             ElabSummary             Info        ./sg_results/santiago/top_santiago_cpu/dft/dft_scan_ready/spyglass_reports/SpyGlass/elab_summary.rpt    0       2     Please refer file './sg_results/santiago/top_santiago_cpu/dft/dft_scan_ready/spyglass_reports/SpyGlass/elab_summary.rpt' for elab summary report
+++++++++++++++++++++++++++++++++++++++++++++++++++++++++++++++++++++++++++++++++++++++


############### Non-BuiltIn -> Goal=dft/dft_scan_ready ###############
+++++++++++++++++++++++++++++++++++++++++++++++++++++++++++++++++++++++++++++++++++++++
ID       Rule                            Alias                        Severity    File                                                                                                                   Line    Wt    Message
======================================================================================
[27]     Coverage_audit                  showCoverageaudit            Info        ../../inp_data/rtl/top.sv                                                                                              1       10    For Design Unit 'top_santiago_cpu'[ 0. Original design], Fault-Coverage = 99.8 %, Test-Coverage = 99.8 %
[28]     Coverage_audit                  showCoverageaudit            Info        ../../inp_data/rtl/top.sv                                                                                              1       10    For Design Unit 'top_santiago_cpu'[ 1. PIs and POs made controllable & observable], Fault-Coverage = 99.8 %, Test-Coverage = 99.8 %
[29]     Coverage_audit                  showCoverageaudit            Info        ../../inp_data/rtl/top.sv                                                                                              1       10    For Design Unit 'top_santiago_cpu'[ 2. Flip-flops made scannable], Fault-Coverage = 99.8 %, Test-Coverage = 99.8 %
[2A]     Coverage_audit                  showCoverageaudit            Info        ../../inp_data/rtl/top.sv                                                                                              1       10    For Design Unit 'top_santiago_cpu'[ 3. Scan-wrap black boxes], Fault-Coverage = 99.8 %, Test-Coverage = 99.8 %
[2B]     Coverage_audit                  showCoverageaudit            Info        ../../inp_data/rtl/top.sv                                                                                              1       10    For Design Unit 'top_santiago_cpu'[ 4. Latches made Transparent], Fault-Coverage = 99.8 %, Test-Coverage = 99.8 %
[2C]     Coverage_audit                  showCoverageaudit            Info        ../../inp_data/rtl/top.sv                                                                                              1       10    For Design Unit 'top_santiago_cpu'[ 5. Combinational Loops made controllable], Fault-Coverage = 99.8 %, Test-Coverage = 99.8 %
[2D]     Coverage_audit                  showCoverageaudit            Info        ../../inp_data/rtl/top.sv                                                                                              1       10    For Design Unit 'top_santiago_cpu'[ 6. Testmode/Tied pins made controllable], Fault-Coverage = 99.8 %, Test-Coverage = 99.8 %
[2E]     Coverage_audit                  showCoverageaudit            Info        ../../inp_data/rtl/top.sv                                                                                              1       10    For Design Unit 'top_santiago_cpu'[ 7. Hanging nets made controllable], Fault-Coverage = 100.0 %, Test-Coverage = 100.0 %
[2F]     Coverage_audit                  showCoverageaudit            Info        ../../inp_data/rtl/top.sv                                                                                              1       10    For Design Unit 'top_santiago_cpu'[ 8. Tristate enables made observable], Fault-Coverage = 100.0 %, Test-Coverage = 100.0 %
[30]     Coverage_audit                  showCoverageaudit            Info        ../../inp_data/rtl/top.sv                                                                                              1       10    For Design Unit 'top_santiago_cpu'[ 9. 'force_ta' and 'test_point' constraint pins made testable], Fault-Coverage = 100.0 %, Test-Coverage = 100.0 %
[31]     Coverage_audit                  showCoverageaudit            Info        ../../inp_data/rtl/top.sv                                                                                              1       10    For Design Unit 'top_santiago_cpu'[ 10. 'no_scan' flip-flops made scannable], Fault-Coverage = 100.0 %, Test-Coverage = 100.0 %
[5]      Diagnose_testclock              showTestclockBlockInst       Info        ../../inp_data/rtl/top.sv                                                                                              3       10    Testclock 'clk' propagates through all instances in 'shift mode'
[6]      Diagnose_testclock              showTestclockBlockInst       Info        ../../inp_data/rtl/top.sv                                                                                              3       10    Testclock 'clk' propagates through all instances in 'capture mode'
[3]      Diagnose_testmode               showBlockInstances           Info        ../../inp_data/rtl/top.sv                                                                                              1       10    Instances through which Shift mode signal doesn't propagate for design 'top_santiago_cpu' is displayed
[4]      Diagnose_testmode               showBlockInstances           Info        ../../inp_data/rtl/top.sv                                                                                              1       10    Instances through which Capture mode signal doesn't propagate for design 'top_santiago_cpu' is displayed
[12]     Info_DftDebugData               Info_DftDebugData            Info        ../../inp_data/rtl/top.sv                                                                                              1       1     DFT data for design block 'top_santiago_cpu'
[8]      Info_coverage                   showCoverage                 Info        ../../inp_data/rtl/top.sv                                                                                              1       10    Stuck_at (combinational) coverage estimate for design 'top_santiago_cpu': fault_coverage = 99.8% and test_coverage = 99.8%
[E]      Info_forcedScan                 Info_forcedScan              Info        ../../inp_data/rtl/top.sv                                                                                              1       1     Constraint 'force_scan' is not specified for design 'top_santiago_cpu'
[32]     Info_generated_reports          Info_generated_reports       Info        ./sg_results/santiago/top_santiago_cpu/dft/dft_scan_ready/spyglass_reports/dft/dft_generated_dc_constraints.tcl        0       10    Report file './sg_results/santiago/top_santiago_cpu/dft/dft_scan_ready/spyglass_reports/dft/dft_generated_dc_constraints.tcl' successfully generated for design 'top_santiago_cpu'. Contains dc constraints for setting dft signals.
[F]      Info_inferredNoScan             Info_InferredNoScan          Info        ../../inp_data/rtl/top.sv                                                                                              1       1     No flip-flop of design 'top_santiago_cpu' is inferred as no_scan
[D]      Info_noScan                     Info_noScan                  Info        ../../inp_data/rtl/top.sv                                                                                              1       1     Constraint 'force_no_scan' is not specified for design 'top_santiago_cpu'
[10]     Info_scanwrap                   scanwrap                     Info        ./sg_results/santiago/top_santiago_cpu/dft/dft_scan_ready/spyglass_reports/dft/scan_wrap.rpt                           0       10    Scanwrap constraint file './sg_results/santiago/top_santiago_cpu/dft/dft_scan_ready/spyglass_reports/dft/scan_wrap.rpt' is generated
[11]     Info_scanwrap                   scanwrap                     Info        ../../inp_data/rtl/top.sv                                                                                              1       10    In design 'top_santiago_cpu', scan_wrap sgdc command is not supplied
[C]      Info_testclock                  showSimVal                   Info        ./sg_results/santiago/top_santiago_cpu/dft/dft_scan_ready/spyglass_reports/dft/Info_testclock/clk__capture_mode.rpt    1       10    Testclock 'clk' propagation in capture mode. This clock drives 165 flip-flop(s)
[B]      Info_testclock                  showSimVal                   Info        ./sg_results/santiago/top_santiago_cpu/dft/dft_scan_ready/spyglass_reports/dft/Info_testclock/clk__shift_mode.rpt      1       10    Testclock 'clk' propagation in shift mode. This clock drives 165 flip-flop(s)
[9]      Info_testmode                   showSimVal                   Info        ../../inp_data/rtl/top.sv                                                                                              1       10    'Shift mode' simulation value for design 'top_santiago_cpu' is displayed
[A]      Info_testmode                   showSimVal                   Info        ../../inp_data/rtl/top.sv                                                                                              1       10    'Capture mode' simulation value for design 'top_santiago_cpu' is displayed
[7]      Info_untestable                 Info_untestable              Info        ../../inp_data/rtl/top.sv                                                                                              1       10    In design 'top_santiago_cpu': '0' faults (over '0' pin(s)) are untestable
[2]      dftOptional_Constraint_Check    optional_constraint_check    Info        ./sg_results/santiago/top_santiago_cpu/dft/dft_scan_ready/spyglass_reports/dft/dft_optional_sgdc.rpt                   21      10    One or more optional constraints missing in module 'top_santiago_cpu'. Please see summary report in the reported file
+++++++++++++++++++++++++++++++++++++++++++++++++++++++++++++++++++++++++++++++++++++++
