SpyGlass run started at 05:58:40 PM on Jul 09 2026

SpyGlass Library Compiler(R) - Version SpyGlass_vW-2024.09-SP2-8
Synopsys TestMAX(TM)
SpyGlass Fault Analysis
Last compiled on Feb  2 2026

All Rights Reserved. Use, disclosure or duplication
without prior written permission of Synopsys Inc. is prohibited.
Technical support: email spyglass_support@synopsys.com.


Running SpyGlass 64-bit Executable: /tools/synopsys/tmadvisor/spyglass/W-2024.09-SP2-8/SPYGLASS_HOME/obj/check.Linux4
Loading Policy: spyglass (Version: SpyGlass_vW-2024.09-SP2-08) from path: /tools/synopsys/tmadvisor/spyglass/W-2024.09-SP2-8/SPYGLASS_HOME/policies/spyglass
Loading Shared library libspyglassrules-Linux4.spyso from /tools/synopsys/tmadvisor/spyglass/W-2024.09-SP2-8/SPYGLASS_HOME/lib/libspyglassrules-Linux4.spyso 
Loading Shared library librmerules-Linux4.spyso from /tools/synopsys/tmadvisor/spyglass/W-2024.09-SP2-8/SPYGLASS_HOME/lib/librmerules-Linux4.spyso 
##build_id : W-2024.09-SP2-8
##system   : Linux cadmicro-el8-04.inf.ufrgs.br 4.18.0-553.87.1.el8_10.x86_64 #1 SMP Wed Dec 3 12:45:57 UTC 2025 x86_64
##cwd      : /home/mic63/ulisses.maffazioli/dft-labs/proj/santiago_cpu/0_synopsys_saed32_flow/_dft
##lang     : Verilog+VHDL
##args     : -mSpyGlass::Compatibility::v2_7_3 \
             -lib WORK ./spyglass-1/spyglass_cache/autogenerated_sglib/lc/WORK \
             -nl \
             -wdir './spyglass-1/spyglass_cache/autogenerated_sglib/lc' \
             -quiet \
             -outsglib './spyglass-1/spyglass_cache/autogenerated_sglib/aggregate.sglib' \
             -cachedir './spyglass-1/spyglass_cache' \
             -gateslib '/pdk/synopsys/saed32/SAED32_EDK/lib/stdcell_rvt/db_nldm/saed32rvt_ss0p75v125c.db' \
             --libcomp_mode \
             -enable_pass_exit_codes \
             -enable_gateslib_autocompile \
             -64bit 
##verbosity level   : 2
##exact cmdline arg : -mSpyGlass::Compatibility::v2_7_3 --libcomp_mode -enable_gateslib_autocompile -wdir './spyglass-1/spyglass_cache/autogenerated_sglib/lc' -outsglib './spyglass-1/spyglass_cache/autogenerated_sglib/aggregate.sglib' -cachedir './spyglass-1/spyglass_cache' -quiet -nl -64bit -enable_pass_exit_codes -f './spyglass-1/spyglass_cache/autogenerated_sglib/lib_sources.f'
##spyglass_run.csh begins :
;	cd /home/mic63/ulisses.maffazioli/dft-labs/proj/santiago_cpu/0_synopsys_saed32_flow/_dft
;	setenv ATRENTA_LICENSE_FILE 27010@pgmicro01.ufrgs.br
;	setenv SPYGLASS_LD_PRELOAD /tools/synopsys/tmadvisor/spyglass/W-2024.09-SP2-8/SPYGLASS_HOME/lib/libreplacemalloc.so /tools/synopsys/tmadvisor/spyglass/W-2024.09-SP2-8/SPYGLASS_HOME/lib/libsgjemalloc-Linux4.so
;	setenv SPYGLASS_DW_PATH /tools/synopsys/tmadvisor/spyglass/W-2024.09-SP2-8/SPYGLASS_HOME/dw_support
;	/tools/synopsys/tmadvisor/spyglass/W-2024.09-SP2-8/SPYGLASS_HOME/bin/spyglass  -mSpyGlass::Compatibility::v2_7_3 --libcomp_mode -enable_gateslib_autocompile -wdir './spyglass-1/spyglass_cache/autogenerated_sglib/lc' -outsglib './spyglass-1/spyglass_cache/autogenerated_sglib/aggregate.sglib' -cachedir './spyglass-1/spyglass_cache' -quiet -nl -64bit -enable_pass_exit_codes -f './spyglass-1/spyglass_cache/autogenerated_sglib/lib_sources.f'
##spyglass_run.csh ends
##files    :
***Syntax Errors detected - LIBRARY COMPILATION ABORTED***
##SGDEBUG [PEAK_VMSIZE_END_RULE]: 1051208 KB for entire run at 'End of sparse attrib dump' stage
##SGDEBUG [PEAK_SWAP_MEMORY_END_RULE]: 0 KB for entire run
##SGDEBUG [VMPEAK_MEMORY]: 1051208 KB for entire run
##SGDEBUG [PEAK_RSS_MEMORY]: 284264 KB for entire run
##SGDEBUG [BENCHMARK_ABSOLUTE]: Rule checking aborted: 0 sec, 1.09 sec, 76596 KB, 1051208 KB
##SGDEBUG [BENCHMARK_INCR]: Rule checking aborted: 0 sec, 1.09 sec, 76596 KB, 1051208 KB


=====================================================================================
							Rule Parameter Table
=====================================================================================

	PARAMETER-NAME                                     VALUE                DEFAULT VALUE
-------------------------------------------------------------------------------------
=====================================================================================



=====================================================================================
                               Rule Status Table

 RULE-NAME                      POLICY-NAME     ENABLED VIOL-CNT RULE-TYPE   ERROR-MSG         
=====================================================================================
 LIBSTX_403                     SpyGlass        Yes            1 SETUP          -               
-------------------------------------------------------------------------------------
Note: VSDU type of rules (as seen in the above table) are not run on
      unsynthesized modules reported by 'ErrorAnalyzeBBox/InfoAnalyzeBBox' messages
      (Please see messages starting with keyword 'UnsynthesizedDU')


---------------------------------------------------------------------------------------------
Results Summary:
---------------------------------------------------------------------------------------------
** Design Read        :      1 fatal,      0 error,        0 warning,      0 information message 
   -------------------------------------------------------------------------------------
** Total              :      1 fatal,      0 error,        0 warning,      0 information message 

  NOTE: It is recommended to first fix/reconcile fatals/errors reported on
        lines starting with ** as subsequent issues might be related to it.
        Please re-run SpyGlass once ** prefixed lines are fatal/error clean.

---------------------------------------------------------------------------------------------



##status : SpyGlass Library Compilation Failed.

