################################################################################
#
# This file has been generated by SpyGlass:
#     Report Created by: ulisses.maffazioli
#     Report Created on: Tue Jul 14 00:04:28 2026
#     Working Directory: /home/mic63/ulisses.maffazioli/dft-labs/proj/santiago_cpu/0_synopsys_saed32_flow/dft/6_advisor_rtl_naive
#     Report Location  : ./out_data/naive_comb/top/dft/dft_dsm_random_resistance/spyglass_reports/dft_dsm/random_pattern_node_distribution.rpt
#     SpyGlass Version : SpyGlass_vW-2024.09-SP2-8
#     Policy Name      : dft_dsm(SpyGlass_vW-2024.09-SP2-08)
#     Comment          : Generated by rule Info_random_resistance
#
################################################################################

################################################################################
# Purpose :
#     Random Pattern Node Distribution Report List:
#     - The node count distribution for each bucket
################################################################################


################################################################################
# Format :
#  Column 1: bucket_id
#  Column 2: Node count for which 'detect' probability [min(pdt0, pdt1)] is
#            falling in the bucket detect probability range
#  Column 3: Node count for which 'control_0' probability is falling in the
#            bucket control probability range
#  Column 4: Node count for which 'control_1' probability is falling in the
#            bucket control probability range
#  Column 5: Node count for which 'observe' probability is falling in the
#            bucket observe probability range
################################################################################

  Node Distribution Summary : top
  -------------------------------
  __________________________________________________________________________________
  | bucket |     pdt node    |    cnt_0 node   |    cnt_1 node   |    obs node     |
  |   id   |      count      |      count      |      count      |      count      |
  |--------|-----------------|-----------------|-----------------|-----------------|
  |     0  |              0  |              0  |              0  |              0  |
  |     1  |              0  |              0  |              0  |              0  |
  |     2  |              0  |              0  |              0  |              0  |
  |     3  |              0  |              0  |              0  |              0  |
  |     4  |              0  |              0  |              0  |              0  |
  |     5  |              0  |              0  |              0  |              0  |
  |     6  |              0  |              2  |              0  |              0  |
  |     7  |              0  |              0  |              0  |              0  |
  |     8  |              0  |              0  |              0  |              0  |
  |     9  |              0  |              0  |              0  |              0  |
  |    10  |              0  |              0  |              0  |              7  |
  |    11  |              0  |              0  |              0  |              0  |
  |    12  |              0  |              0  |              0  |              0  |
  |    13  |              0  |              0  |              0  |              0  |
  |    14  |              0  |              0  |              0  |              0  |
  |    15  |              0  |              0  |              0  |              0  |
  |    16  |              0  |              0  |              0  |              0  |
  |    17  |              0  |              0  |              0  |              0  |
  |    18  |              0  |              0  |              4  |              0  |
  |    19  |              0  |              0  |              0  |              0  |
  |    20  |              0  |              0  |              0  |              0  |
  |    21  |              0  |              0  |              0  |              0  |
  |    22  |              0  |              0  |              0  |              0  |
  |    23  |              0  |              0  |              0  |              0  |
  |    24  |              0  |              0  |              0  |              0  |
  |    25  |              0  |              0  |              0  |              0  |
  |    26  |              0  |              0  |              0  |              0  |
  |    27  |              0  |              0  |              0  |              0  |
  |    28  |              0  |              0  |              0  |              0  |
  |    29  |              0  |              0  |              0  |              4  |
  |    30  |              0  |              0  |              0  |              0  |
  |    31  |              0  |              4  |              0  |              0  |
  |    32  |              0  |              0  |              0  |              0  |
  |    33  |              0  |              0  |              0  |              0  |
  |    34  |              0  |              0  |              0  |              0  |
  |    35  |              0  |              0  |              0  |              0  |
  |    36  |              0  |              0  |              0  |              0  |
  |    37  |              0  |              0  |              0  |              0  |
  |    38  |              0  |              0  |              0  |              0  |
  |    39  |              0  |              0  |              0  |              0  |
  |    40  |              0  |              0  |              0  |              0  |
  |    41  |              0  |              0  |              0  |              0  |
  |    42  |              0  |              0  |              0  |              0  |
  |    43  |              0  |              0  |              0  |              0  |
  |    44  |              0  |              0  |              0  |              0  |
  |    45  |              0  |              0  |              0  |              0  |
  |    46  |              0  |              0  |              0  |              0  |
  |    47  |              0  |              0  |              0  |              0  |
  |    48  |              0  |              0  |              0  |              0  |
  |    49  |              0  |              0  |              0  |              3  |
  |    50  |              0  |             11  |             11  |              0  |
  |    51  |              0  |              0  |              0  |              0  |
  |    52  |              0  |              0  |              0  |              0  |
  |    53  |              0  |              0  |              0  |              0  |
  |    54  |              0  |              0  |              0  |              0  |
  |    55  |              0  |              0  |              0  |              0  |
  |    56  |              0  |              0  |              0  |              0  |
  |    57  |              0  |              0  |              0  |              0  |
  |    58  |              0  |              0  |              0  |              0  |
  |    59  |              0  |              0  |              0  |              0  |
  |    60  |              0  |              0  |              0  |              0  |
  |    61  |              0  |              0  |              0  |              0  |
  |    62  |              0  |              0  |              0  |              0  |
  |    63  |              0  |              0  |              0  |              0  |
  |    64  |              0  |              0  |              0  |              0  |
  |    65  |              0  |              0  |              0  |              0  |
  |    66  |              0  |              0  |              0  |              0  |
  |    67  |              0  |              0  |              0  |              0  |
  |    68  |              0  |              0  |              4  |              0  |
  |    69  |              0  |              0  |              0  |              1  |
  |    70  |              0  |              0  |              0  |              0  |
  |    71  |              0  |              0  |              0  |              0  |
  |    72  |              0  |              0  |              0  |              0  |
  |    73  |              0  |              0  |              0  |              0  |
  |    74  |              0  |              0  |              0  |              0  |
  |    75  |              0  |              0  |              0  |              0  |
  |    76  |              0  |              0  |              0  |              0  |
  |    77  |              0  |              0  |              0  |              0  |
  |    78  |              0  |              0  |              0  |              0  |
  |    79  |              0  |              0  |              0  |              0  |
  |    80  |              0  |              0  |              0  |              0  |
  |    81  |              0  |              4  |              0  |              0  |
  |    82  |              0  |              0  |              0  |              0  |
  |    83  |              0  |              0  |              0  |              0  |
  |    84  |              0  |              0  |              0  |              0  |
  |    85  |              0  |              0  |              0  |              0  |
  |    86  |              0  |              0  |              0  |              0  |
  |    87  |              0  |              0  |              0  |              0  |
  |    88  |              0  |              0  |              0  |              0  |
  |    89  |              0  |              0  |              0  |              4  |
  |    90  |              0  |              0  |              0  |              0  |
  |    91  |              0  |              0  |              0  |              0  |
  |    92  |              0  |              0  |              0  |              0  |
  |    93  |              0  |              0  |              2  |              0  |
  |    94  |              0  |              0  |              0  |              0  |
  |    95  |              0  |              0  |              0  |              0  |
  |    96  |              0  |              0  |              0  |              0  |
  |    97  |              0  |              0  |              0  |              0  |
  |    98  |              0  |              0  |              0  |              0  |
  |    99  |              0  |              0  |              0  |              0  |
  |   100  |             21  |              0  |              0  |              2  |
  |________|_________________|_________________|_________________|_________________|
  |  Total |             21  |             21  |             21  |             21  |
  |________|_________________|_________________|_________________|_________________|
###############################################################################################################
