
################################################################################
#
# This file has been generated by SpyGlass:
#     Report Name      : moresimple
#     Report Created by: ulisses.maffazioli
#     Report Created on:  Sun Jul 12 22:09:16 2026
#     Working Directory: /home/mic63/ulisses.maffazioli/dft-labs/proj/santiago_cpu/0_synopsys_saed32_flow/_dft/advisor_flow
#     SpyGlass Version : SpyGlass_vW-2024.09-SP2-8
#     Policy Name      : SpyGlass(SpyGlass_vW-2024.09-SP2-08)
#                        dft(SpyGlass_vW-2024.09-SP2-08)
#                        dft_dsm(SpyGlass_vW-2024.09-SP2-08)
#
#     Total Number of Generated Messages :          8
#     Number of Waived Messages          :          0
#     Number of Reported Messages        :          8
#     Number of Overlimit Messages       :          0
#
#
################################################################################

+++++++++++++++++++++++++++++++++++++++++++++++++++++++++++++++++++++++
MORESIMPLE REPORT:


############### BuiltIn -> RuleGroup=Design Read ###############
+++++++++++++++++++++++++++++++++++++++++++++++++++++++++++++++++++++++++++++++++++++++
ID       Rule                    Alias                   Severity    File                                                                                                             Line    Wt    Message
======================================================================================
[1]      DetectTopDesignUnits    DetectTopDesignUnits    Info        ./inp_data/rtl/top.sv                                                                                            1       2     Module top_santiago_cpu is a top level design unit
[0]      ElabSummary             ElabSummary             Info        ./out_data/santiago/top_santiago_cpu/dft/dft_dsm_random_resistance/spyglass_reports/SpyGlass/elab_summary.rpt    0       2     Please refer file './out_data/santiago/top_santiago_cpu/dft/dft_dsm_random_resistance/spyglass_reports/SpyGlass/elab_summary.rpt' for elab summary report
+++++++++++++++++++++++++++++++++++++++++++++++++++++++++++++++++++++++++++++++++++++++


############### Non-BuiltIn -> Goal=dft/dft_dsm_random_resistance ###############
+++++++++++++++++++++++++++++++++++++++++++++++++++++++++++++++++++++++++++++++++++++++
ID       Rule                      Alias                     Severity    File                                                                                                                                Line    Wt    Message
======================================================================================
[F]      Info_DftDebugData         Info_DftDebugData         Info        ./inp_data/rtl/top.sv                                                                                                               1       1     DFT data for design block 'top_santiago_cpu'
[24]     Info_generated_reports    Info_generated_reports    Info        ./out_data/santiago/top_santiago_cpu/dft/dft_dsm_random_resistance/spyglass_reports/dft/dft_generated_dc_constraints.tcl            0       10    Report file './out_data/santiago/top_santiago_cpu/dft/dft_dsm_random_resistance/spyglass_reports/dft/dft_generated_dc_constraints.tcl' successfully generated for design 'top_santiago_cpu'. Contains dc constraints for setting dft signals.
[2]      Info_random_resistance    Info_random_resistance    Info        ./inp_data/rtl/top.sv                                                                                                               1       10    Random pattern stuck_at coverage estimate for design 'top_santiago_cpu': fault_coverage = 64.9% and test_coverage = 64.9%
[3]      Info_random_resistance    Info_random_resistance    Info        ./inp_data/rtl/top.sv                                                                                                               1       10    '63' Faults with lowest '4' probability of detection bucket IDs are displayed for design 'top_santiago_cpu'
[4]      Info_random_resistance    Info_random_resistance    Info        ./out_data/santiago/top_santiago_cpu/dft/dft_dsm_random_resistance/spyglass_reports/dft_dsm/random_pattern_node_distribution.rpt    1       10    Bucket-wise node distribution report is generated at location './out_data/santiago/top_santiago_cpu/dft/dft_dsm_random_resistance/spyglass_reports/dft_dsm/random_pattern_node_distribution.rpt'
[E]      Info_random_resistance    Info_random_resistance    Info        ./out_data/santiago/top_santiago_cpu/dft/dft_dsm_random_resistance/spyglass_reports/dft_dsm/random_pattern_testpoints.rpt           1       10    '9' test points are suggested for design 'top_santiago_cpu' (Report file : './out_data/santiago/top_santiago_cpu/dft/dft_dsm_random_resistance/spyglass_reports/dft_dsm/random_pattern_testpoints.rpt')
+++++++++++++++++++++++++++++++++++++++++++++++++++++++++++++++++++++++++++++++++++++++
