
################################################################################
#
# This file has been generated by SpyGlass:
#     Report Name      : moresimple
#     Report Created by: ulisses.maffazioli
#     Report Created on:  Sun Jul 12 22:09:23 2026
#     Working Directory: /home/mic63/ulisses.maffazioli/dft-labs/proj/santiago_cpu/0_synopsys_saed32_flow/_dft/advisor_flow
#     SpyGlass Version : SpyGlass_vW-2024.09-SP2-8
#     Policy Name      : SpyGlass(SpyGlass_vW-2024.09-SP2-08)
#                        dft(SpyGlass_vW-2024.09-SP2-08)
#                        dft_dsm(SpyGlass_vW-2024.09-SP2-08)
#
#     Total Number of Generated Messages :         20
#     Number of Waived Messages          :          0
#     Number of Reported Messages        :         20
#     Number of Overlimit Messages       :          0
#
#
################################################################################

+++++++++++++++++++++++++++++++++++++++++++++++++++++++++++++++++++++++
MORESIMPLE REPORT:


############### BuiltIn -> RuleGroup=Design Read ###############
+++++++++++++++++++++++++++++++++++++++++++++++++++++++++++++++++++++++++++++++++++++++
ID       Rule                    Alias                   Severity    File                                                                                                         Line    Wt    Message
======================================================================================
[1]      DetectTopDesignUnits    DetectTopDesignUnits    Info        ./inp_data/rtl/top.sv                                                                                        1       2     Module top_santiago_cpu is a top level design unit
[0]      ElabSummary             ElabSummary             Info        ./out_data/santiago/top_santiago_cpu/dft/dft_dsm_best_practice/spyglass_reports/SpyGlass/elab_summary.rpt    0       2     Please refer file './out_data/santiago/top_santiago_cpu/dft/dft_dsm_best_practice/spyglass_reports/SpyGlass/elab_summary.rpt' for elab summary report
+++++++++++++++++++++++++++++++++++++++++++++++++++++++++++++++++++++++++++++++++++++++


############### Non-BuiltIn -> Goal=dft/dft_dsm_best_practice ###############
+++++++++++++++++++++++++++++++++++++++++++++++++++++++++++++++++++++++++++++++++++++++
ID       Rule                             Alias                            Severity    File                                                                                                                                Line    Wt    Message
======================================================================================
[2]      Atspeed_11                       Atspeed_11                       Error       ./inp_data/rtl/top.sv                                                                                                               3       10    Clock domain 'top_santiago_cpu.clk' [in 'top_santiago_cpu'] is not controlled by any atspeed clock in capture-atspeed mode (173 flipflop(s) affected). Clock source is port.
[3]      CG_generateReport                CG_generateReport                Info        ./out_data/santiago/top_santiago_cpu/dft/dft_dsm_best_practice/spyglass_reports/dft_dsm/dft_dsm_clock_gating_cell.rpt               0       10    Clock gating report file './out_data/santiago/top_santiago_cpu/dft/dft_dsm_best_practice/spyglass_reports/dft_dsm/dft_dsm_clock_gating_cell.rpt' is generated
[12]     Info_DftDebugData                Info_DftDebugData                Info        ./inp_data/rtl/top.sv                                                                                                               1       1     DFT data for design block 'top_santiago_cpu'
[5]      Info_atSpeedClock                Info_atSpeedClock                Info        ./inp_data/rtl/top.sv                                                                                                               1       10    No at-speed test clocks found in design 'top_santiago_cpu'
[6]      Info_atSpeedClock                Info_atSpeedClock                Info        ./out_data/santiago/top_santiago_cpu/dft/dft_dsm_best_practice/spyglass_reports/dft_dsm/Info_atSpeedClock/clk__func_sim_mode.rpt    1       10    Functional [simulation] clock top_santiago_cpu.clk of design 'top_santiago_cpu' propagation is displayed. This clock drives 173 flip-flop(s)
[27]     Info_generated_reports           Info_generated_reports           Info        ./out_data/santiago/top_santiago_cpu/dft/dft_dsm_best_practice/spyglass_reports/dft/dft_generated_dc_constraints.tcl                0       10    Report file './out_data/santiago/top_santiago_cpu/dft/dft_dsm_best_practice/spyglass_reports/dft/dft_generated_dc_constraints.tcl' successfully generated for design 'top_santiago_cpu'. Contains dc constraints for setting dft signals.
[7]      Info_noAtspeed                   Info_noAtspeed                   Info        ./inp_data/rtl/top.sv                                                                                                               1       1     Constraint 'no_atspeed' is not specified for design 'top_santiago_cpu'
[B]      Info_synthRedundant              Info_synthRedundant              Info        ./inp_data/rtl/top.sv                                                                                                               1       10    In RTL design : 134 faults in 'top_santiago_cpu' are synthesis redundant
[11]     Info_testclock                   showSimVal                       Info        ./out_data/santiago/top_santiago_cpu/dft/dft_dsm_best_practice/spyglass_reports/dft/Info_testclock/clk__capture_mode.rpt            1       10    Testclock 'clk' propagation in capture mode. This clock drives 173 flip-flop(s)
[10]     Info_testclock                   showSimVal                       Info        ./out_data/santiago/top_santiago_cpu/dft/dft_dsm_best_practice/spyglass_reports/dft/Info_testclock/clk__shift_mode.rpt              1       10    Testclock 'clk' propagation in shift mode. This clock drives 173 flip-flop(s)
[C]      Info_testmode                    showSimVal                       Info        ./inp_data/rtl/top.sv                                                                                                               1       10    'Shift mode' simulation value for design 'top_santiago_cpu' is displayed
[D]      Info_testmode                    showSimVal                       Info        ./inp_data/rtl/top.sv                                                                                                               1       10    'Capture mode' simulation value for design 'top_santiago_cpu' is displayed
[E]      Info_testmode                    showSimVal                       Info        ./inp_data/rtl/top.sv                                                                                                               1       10    'Capture atspeed mode' simulation value for design 'top_santiago_cpu' is displayed
[F]      Info_testmode                    showSimVal                       Info        ./inp_data/rtl/top.sv                                                                                                               1       10    'Functional mode' simulation value for design 'top_santiago_cpu' is displayed
[4]      Info_transitionCoverage          showCause                        Info        ./inp_data/rtl/top.sv                                                                                                               1       10    Transition (LOC) coverage estimate for design 'top_santiago_cpu': fault_coverage = 9.1% and test_coverage = 9.1%
[8]      Info_transitionCoverage_audit    Info_transitionCoverage_audit    Info        ./inp_data/rtl/top.sv                                                                                                               1       10    For Design Unit 'top_santiago_cpu' [Step 5: NO_ATSPEED_CLOCK], transition Fault-Coverage = 100.0% transition Test-Coverage = 100.0%
[9]      Info_transitionCoverage_audit    Info_transitionCoverage_audit    Info        ./inp_data/rtl/top.sv                                                                                                               1       10    For Design Unit 'top_santiago_cpu' [Step 13: HANGING_TERM], transition Fault-Coverage = 100.0% transition Test-Coverage = 100.0%
[A]      Info_transitionCoverage_audit    Info_transitionCoverage_audit    Info        ./inp_data/rtl/top.sv                                                                                                               1       10    For Design Unit 'top_santiago_cpu' [Step 16: PG_NETS], transition Fault-Coverage = 100.0% transition Test-Coverage = 100.0%
+++++++++++++++++++++++++++++++++++++++++++++++++++++++++++++++++++++++++++++++++++++++
